

================================================================
== Vitis HLS Report for 'array_io'
================================================================
* Date:           Wed Oct 12 10:42:48 2022

* Version:        2022.1 (Build 3526262 on Mon Apr 18 15:48:16 MDT 2022)
* Project:        LabA_3
* Solution:       solution7 (Vivado IP Flow Target)
* Product family: virtexuplus
* Target device:  xcvu9p-flgb2104-1-e


================================================================
== Performance Estimates
================================================================
+ Timing: 
    * Summary: 
    +--------+---------+----------+------------+
    |  Clock |  Target | Estimated| Uncertainty|
    +--------+---------+----------+------------+
    |ap_clk  |  4.00 ns|  2.242 ns|     1.08 ns|
    +--------+---------+----------+------------+

+ Latency: 
    * Summary: 
    +---------+---------+-----------+-----------+-----+-----+---------+
    |  Latency (cycles) |   Latency (absolute)  |  Interval | Pipeline|
    |   min   |   max   |    min    |    max    | min | max |   Type  |
    +---------+---------+-----------+-----------+-----+-----+---------+
    |       10|       10|  40.000 ns|  40.000 ns|   11|   11|       no|
    +---------+---------+-----------+-----------+-----+-----+---------+

    + Detail: 
        * Instance: 
        N/A

        * Loop: 
        N/A

============================================================
+ Verbose Summary: Synthesis Manager
============================================================
InlineROM: 1
ExposeGlobal: 0
============================================================
+ Verbose Summary: CDFG Model
============================================================
IsTopModel: 1
ResetActiveHigh: 1
IsCombinational: 0
IsDatapathOnly: 0
HasWiredReturn: 1
HasMFsm: 0
HasVarLatency: 1
IsPipeline: 0
IsRtlPipelined: 0
IsInstanceOverlapped: 0
IsDontTouch: 0
HasImplIP: 0
IsGatedGlobalClock: 0


============================================================
+ Verbose Summary: Schedule
============================================================
* Number of FSM states : 11
* Pipeline : 0
* Dataflow Pipeline: 0

* FSM state transitions: 
1 --> 2 
2 --> 3 
3 --> 4 
4 --> 5 
5 --> 6 
6 --> 7 
7 --> 8 
8 --> 9 
9 --> 10 
10 --> 11 
11 --> 

* FSM state operations: 

State 1 <SV = 0> <Delay = 0.73>
ST_1 : Operation 12 [1/1] (0.00ns)   --->   "%d_i_0_addr = getelementptr i16 %d_i_0, i64 0, i64 0" [LabA_3/array_io.c:67]   --->   Operation 12 'getelementptr' 'd_i_0_addr' <Predicate = true> <Delay = 0.00>
ST_1 : Operation 13 [2/2] (0.73ns)   --->   "%d_i_0_load = load i4 %d_i_0_addr" [LabA_3/array_io.c:67]   --->   Operation 13 'load' 'd_i_0_load' <Predicate = true> <Delay = 0.73> <CoreInst = "RAM">   --->   Core 83 'RAM' <Latency = 1> <II = 1> <Delay = 0.73> <Storage> <Opcode : 'load' 'store'> <Ports = 2> <Width = 16> <Depth = 16> <RAM>
ST_1 : Operation 14 [1/1] (0.00ns)   --->   "%d_i_0_addr_1 = getelementptr i16 %d_i_0, i64 0, i64 1" [LabA_3/array_io.c:67]   --->   Operation 14 'getelementptr' 'd_i_0_addr_1' <Predicate = true> <Delay = 0.00>
ST_1 : Operation 15 [2/2] (0.73ns)   --->   "%d_i_0_load_1 = load i4 %d_i_0_addr_1" [LabA_3/array_io.c:67]   --->   Operation 15 'load' 'd_i_0_load_1' <Predicate = true> <Delay = 0.73> <CoreInst = "RAM">   --->   Core 83 'RAM' <Latency = 1> <II = 1> <Delay = 0.73> <Storage> <Opcode : 'load' 'store'> <Ports = 2> <Width = 16> <Depth = 16> <RAM>
ST_1 : Operation 16 [1/1] (0.00ns)   --->   "%d_i_1_addr = getelementptr i16 %d_i_1, i64 0, i64 0" [LabA_3/array_io.c:67]   --->   Operation 16 'getelementptr' 'd_i_1_addr' <Predicate = true> <Delay = 0.00>
ST_1 : Operation 17 [2/2] (0.73ns)   --->   "%d_i_1_load = load i4 %d_i_1_addr" [LabA_3/array_io.c:67]   --->   Operation 17 'load' 'd_i_1_load' <Predicate = true> <Delay = 0.73> <CoreInst = "RAM">   --->   Core 83 'RAM' <Latency = 1> <II = 1> <Delay = 0.73> <Storage> <Opcode : 'load' 'store'> <Ports = 2> <Width = 16> <Depth = 16> <RAM>
ST_1 : Operation 18 [1/1] (0.00ns)   --->   "%d_i_1_addr_1 = getelementptr i16 %d_i_1, i64 0, i64 1" [LabA_3/array_io.c:67]   --->   Operation 18 'getelementptr' 'd_i_1_addr_1' <Predicate = true> <Delay = 0.00>
ST_1 : Operation 19 [2/2] (0.73ns)   --->   "%d_i_1_load_1 = load i4 %d_i_1_addr_1" [LabA_3/array_io.c:67]   --->   Operation 19 'load' 'd_i_1_load_1' <Predicate = true> <Delay = 0.73> <CoreInst = "RAM">   --->   Core 83 'RAM' <Latency = 1> <II = 1> <Delay = 0.73> <Storage> <Opcode : 'load' 'store'> <Ports = 2> <Width = 16> <Depth = 16> <RAM>

State 2 <SV = 1> <Delay = 0.73>
ST_2 : Operation 20 [1/2] (0.73ns)   --->   "%d_i_0_load = load i4 %d_i_0_addr" [LabA_3/array_io.c:67]   --->   Operation 20 'load' 'd_i_0_load' <Predicate = true> <Delay = 0.73> <CoreInst = "RAM">   --->   Core 83 'RAM' <Latency = 1> <II = 1> <Delay = 0.73> <Storage> <Opcode : 'load' 'store'> <Ports = 2> <Width = 16> <Depth = 16> <RAM>
ST_2 : Operation 21 [1/2] (0.73ns)   --->   "%d_i_0_load_1 = load i4 %d_i_0_addr_1" [LabA_3/array_io.c:67]   --->   Operation 21 'load' 'd_i_0_load_1' <Predicate = true> <Delay = 0.73> <CoreInst = "RAM">   --->   Core 83 'RAM' <Latency = 1> <II = 1> <Delay = 0.73> <Storage> <Opcode : 'load' 'store'> <Ports = 2> <Width = 16> <Depth = 16> <RAM>
ST_2 : Operation 22 [1/1] (0.00ns)   --->   "%d_i_0_addr_2 = getelementptr i16 %d_i_0, i64 0, i64 2" [LabA_3/array_io.c:67]   --->   Operation 22 'getelementptr' 'd_i_0_addr_2' <Predicate = true> <Delay = 0.00>
ST_2 : Operation 23 [2/2] (0.73ns)   --->   "%d_i_0_load_2 = load i4 %d_i_0_addr_2" [LabA_3/array_io.c:67]   --->   Operation 23 'load' 'd_i_0_load_2' <Predicate = true> <Delay = 0.73> <CoreInst = "RAM">   --->   Core 83 'RAM' <Latency = 1> <II = 1> <Delay = 0.73> <Storage> <Opcode : 'load' 'store'> <Ports = 2> <Width = 16> <Depth = 16> <RAM>
ST_2 : Operation 24 [1/1] (0.00ns)   --->   "%d_i_0_addr_3 = getelementptr i16 %d_i_0, i64 0, i64 3" [LabA_3/array_io.c:67]   --->   Operation 24 'getelementptr' 'd_i_0_addr_3' <Predicate = true> <Delay = 0.00>
ST_2 : Operation 25 [2/2] (0.73ns)   --->   "%d_i_0_load_3 = load i4 %d_i_0_addr_3" [LabA_3/array_io.c:67]   --->   Operation 25 'load' 'd_i_0_load_3' <Predicate = true> <Delay = 0.73> <CoreInst = "RAM">   --->   Core 83 'RAM' <Latency = 1> <II = 1> <Delay = 0.73> <Storage> <Opcode : 'load' 'store'> <Ports = 2> <Width = 16> <Depth = 16> <RAM>
ST_2 : Operation 26 [1/2] (0.73ns)   --->   "%d_i_1_load = load i4 %d_i_1_addr" [LabA_3/array_io.c:67]   --->   Operation 26 'load' 'd_i_1_load' <Predicate = true> <Delay = 0.73> <CoreInst = "RAM">   --->   Core 83 'RAM' <Latency = 1> <II = 1> <Delay = 0.73> <Storage> <Opcode : 'load' 'store'> <Ports = 2> <Width = 16> <Depth = 16> <RAM>
ST_2 : Operation 27 [1/2] (0.73ns)   --->   "%d_i_1_load_1 = load i4 %d_i_1_addr_1" [LabA_3/array_io.c:67]   --->   Operation 27 'load' 'd_i_1_load_1' <Predicate = true> <Delay = 0.73> <CoreInst = "RAM">   --->   Core 83 'RAM' <Latency = 1> <II = 1> <Delay = 0.73> <Storage> <Opcode : 'load' 'store'> <Ports = 2> <Width = 16> <Depth = 16> <RAM>
ST_2 : Operation 28 [1/1] (0.00ns)   --->   "%d_i_1_addr_2 = getelementptr i16 %d_i_1, i64 0, i64 2" [LabA_3/array_io.c:67]   --->   Operation 28 'getelementptr' 'd_i_1_addr_2' <Predicate = true> <Delay = 0.00>
ST_2 : Operation 29 [2/2] (0.73ns)   --->   "%d_i_1_load_2 = load i4 %d_i_1_addr_2" [LabA_3/array_io.c:67]   --->   Operation 29 'load' 'd_i_1_load_2' <Predicate = true> <Delay = 0.73> <CoreInst = "RAM">   --->   Core 83 'RAM' <Latency = 1> <II = 1> <Delay = 0.73> <Storage> <Opcode : 'load' 'store'> <Ports = 2> <Width = 16> <Depth = 16> <RAM>
ST_2 : Operation 30 [1/1] (0.00ns)   --->   "%d_i_1_addr_3 = getelementptr i16 %d_i_1, i64 0, i64 3" [LabA_3/array_io.c:67]   --->   Operation 30 'getelementptr' 'd_i_1_addr_3' <Predicate = true> <Delay = 0.00>
ST_2 : Operation 31 [2/2] (0.73ns)   --->   "%d_i_1_load_3 = load i4 %d_i_1_addr_3" [LabA_3/array_io.c:67]   --->   Operation 31 'load' 'd_i_1_load_3' <Predicate = true> <Delay = 0.73> <CoreInst = "RAM">   --->   Core 83 'RAM' <Latency = 1> <II = 1> <Delay = 0.73> <Storage> <Opcode : 'load' 'store'> <Ports = 2> <Width = 16> <Depth = 16> <RAM>

State 3 <SV = 2> <Delay = 0.73>
ST_3 : Operation 32 [1/2] (0.73ns)   --->   "%d_i_0_load_2 = load i4 %d_i_0_addr_2" [LabA_3/array_io.c:67]   --->   Operation 32 'load' 'd_i_0_load_2' <Predicate = true> <Delay = 0.73> <CoreInst = "RAM">   --->   Core 83 'RAM' <Latency = 1> <II = 1> <Delay = 0.73> <Storage> <Opcode : 'load' 'store'> <Ports = 2> <Width = 16> <Depth = 16> <RAM>
ST_3 : Operation 33 [1/2] (0.73ns)   --->   "%d_i_0_load_3 = load i4 %d_i_0_addr_3" [LabA_3/array_io.c:67]   --->   Operation 33 'load' 'd_i_0_load_3' <Predicate = true> <Delay = 0.73> <CoreInst = "RAM">   --->   Core 83 'RAM' <Latency = 1> <II = 1> <Delay = 0.73> <Storage> <Opcode : 'load' 'store'> <Ports = 2> <Width = 16> <Depth = 16> <RAM>
ST_3 : Operation 34 [1/1] (0.00ns)   --->   "%d_i_0_addr_4 = getelementptr i16 %d_i_0, i64 0, i64 4" [LabA_3/array_io.c:67]   --->   Operation 34 'getelementptr' 'd_i_0_addr_4' <Predicate = true> <Delay = 0.00>
ST_3 : Operation 35 [2/2] (0.73ns)   --->   "%d_i_0_load_4 = load i4 %d_i_0_addr_4" [LabA_3/array_io.c:67]   --->   Operation 35 'load' 'd_i_0_load_4' <Predicate = true> <Delay = 0.73> <CoreInst = "RAM">   --->   Core 83 'RAM' <Latency = 1> <II = 1> <Delay = 0.73> <Storage> <Opcode : 'load' 'store'> <Ports = 2> <Width = 16> <Depth = 16> <RAM>
ST_3 : Operation 36 [1/1] (0.00ns)   --->   "%d_i_0_addr_5 = getelementptr i16 %d_i_0, i64 0, i64 5" [LabA_3/array_io.c:67]   --->   Operation 36 'getelementptr' 'd_i_0_addr_5' <Predicate = true> <Delay = 0.00>
ST_3 : Operation 37 [2/2] (0.73ns)   --->   "%d_i_0_load_5 = load i4 %d_i_0_addr_5" [LabA_3/array_io.c:67]   --->   Operation 37 'load' 'd_i_0_load_5' <Predicate = true> <Delay = 0.73> <CoreInst = "RAM">   --->   Core 83 'RAM' <Latency = 1> <II = 1> <Delay = 0.73> <Storage> <Opcode : 'load' 'store'> <Ports = 2> <Width = 16> <Depth = 16> <RAM>
ST_3 : Operation 38 [1/2] (0.73ns)   --->   "%d_i_1_load_2 = load i4 %d_i_1_addr_2" [LabA_3/array_io.c:67]   --->   Operation 38 'load' 'd_i_1_load_2' <Predicate = true> <Delay = 0.73> <CoreInst = "RAM">   --->   Core 83 'RAM' <Latency = 1> <II = 1> <Delay = 0.73> <Storage> <Opcode : 'load' 'store'> <Ports = 2> <Width = 16> <Depth = 16> <RAM>
ST_3 : Operation 39 [1/2] (0.73ns)   --->   "%d_i_1_load_3 = load i4 %d_i_1_addr_3" [LabA_3/array_io.c:67]   --->   Operation 39 'load' 'd_i_1_load_3' <Predicate = true> <Delay = 0.73> <CoreInst = "RAM">   --->   Core 83 'RAM' <Latency = 1> <II = 1> <Delay = 0.73> <Storage> <Opcode : 'load' 'store'> <Ports = 2> <Width = 16> <Depth = 16> <RAM>
ST_3 : Operation 40 [1/1] (0.00ns)   --->   "%d_i_1_addr_4 = getelementptr i16 %d_i_1, i64 0, i64 4" [LabA_3/array_io.c:67]   --->   Operation 40 'getelementptr' 'd_i_1_addr_4' <Predicate = true> <Delay = 0.00>
ST_3 : Operation 41 [2/2] (0.73ns)   --->   "%d_i_1_load_4 = load i4 %d_i_1_addr_4" [LabA_3/array_io.c:67]   --->   Operation 41 'load' 'd_i_1_load_4' <Predicate = true> <Delay = 0.73> <CoreInst = "RAM">   --->   Core 83 'RAM' <Latency = 1> <II = 1> <Delay = 0.73> <Storage> <Opcode : 'load' 'store'> <Ports = 2> <Width = 16> <Depth = 16> <RAM>
ST_3 : Operation 42 [1/1] (0.00ns)   --->   "%d_i_1_addr_5 = getelementptr i16 %d_i_1, i64 0, i64 5" [LabA_3/array_io.c:67]   --->   Operation 42 'getelementptr' 'd_i_1_addr_5' <Predicate = true> <Delay = 0.00>
ST_3 : Operation 43 [2/2] (0.73ns)   --->   "%d_i_1_load_5 = load i4 %d_i_1_addr_5" [LabA_3/array_io.c:67]   --->   Operation 43 'load' 'd_i_1_load_5' <Predicate = true> <Delay = 0.73> <CoreInst = "RAM">   --->   Core 83 'RAM' <Latency = 1> <II = 1> <Delay = 0.73> <Storage> <Opcode : 'load' 'store'> <Ports = 2> <Width = 16> <Depth = 16> <RAM>

State 4 <SV = 3> <Delay = 0.73>
ST_4 : Operation 44 [1/2] (0.73ns)   --->   "%d_i_0_load_4 = load i4 %d_i_0_addr_4" [LabA_3/array_io.c:67]   --->   Operation 44 'load' 'd_i_0_load_4' <Predicate = true> <Delay = 0.73> <CoreInst = "RAM">   --->   Core 83 'RAM' <Latency = 1> <II = 1> <Delay = 0.73> <Storage> <Opcode : 'load' 'store'> <Ports = 2> <Width = 16> <Depth = 16> <RAM>
ST_4 : Operation 45 [1/2] (0.73ns)   --->   "%d_i_0_load_5 = load i4 %d_i_0_addr_5" [LabA_3/array_io.c:67]   --->   Operation 45 'load' 'd_i_0_load_5' <Predicate = true> <Delay = 0.73> <CoreInst = "RAM">   --->   Core 83 'RAM' <Latency = 1> <II = 1> <Delay = 0.73> <Storage> <Opcode : 'load' 'store'> <Ports = 2> <Width = 16> <Depth = 16> <RAM>
ST_4 : Operation 46 [1/1] (0.00ns)   --->   "%d_i_0_addr_6 = getelementptr i16 %d_i_0, i64 0, i64 6" [LabA_3/array_io.c:67]   --->   Operation 46 'getelementptr' 'd_i_0_addr_6' <Predicate = true> <Delay = 0.00>
ST_4 : Operation 47 [2/2] (0.73ns)   --->   "%d_i_0_load_6 = load i4 %d_i_0_addr_6" [LabA_3/array_io.c:67]   --->   Operation 47 'load' 'd_i_0_load_6' <Predicate = true> <Delay = 0.73> <CoreInst = "RAM">   --->   Core 83 'RAM' <Latency = 1> <II = 1> <Delay = 0.73> <Storage> <Opcode : 'load' 'store'> <Ports = 2> <Width = 16> <Depth = 16> <RAM>
ST_4 : Operation 48 [1/1] (0.00ns)   --->   "%d_i_0_addr_7 = getelementptr i16 %d_i_0, i64 0, i64 7" [LabA_3/array_io.c:67]   --->   Operation 48 'getelementptr' 'd_i_0_addr_7' <Predicate = true> <Delay = 0.00>
ST_4 : Operation 49 [2/2] (0.73ns)   --->   "%d_i_0_load_7 = load i4 %d_i_0_addr_7" [LabA_3/array_io.c:67]   --->   Operation 49 'load' 'd_i_0_load_7' <Predicate = true> <Delay = 0.73> <CoreInst = "RAM">   --->   Core 83 'RAM' <Latency = 1> <II = 1> <Delay = 0.73> <Storage> <Opcode : 'load' 'store'> <Ports = 2> <Width = 16> <Depth = 16> <RAM>
ST_4 : Operation 50 [1/2] (0.73ns)   --->   "%d_i_1_load_4 = load i4 %d_i_1_addr_4" [LabA_3/array_io.c:67]   --->   Operation 50 'load' 'd_i_1_load_4' <Predicate = true> <Delay = 0.73> <CoreInst = "RAM">   --->   Core 83 'RAM' <Latency = 1> <II = 1> <Delay = 0.73> <Storage> <Opcode : 'load' 'store'> <Ports = 2> <Width = 16> <Depth = 16> <RAM>
ST_4 : Operation 51 [1/2] (0.73ns)   --->   "%d_i_1_load_5 = load i4 %d_i_1_addr_5" [LabA_3/array_io.c:67]   --->   Operation 51 'load' 'd_i_1_load_5' <Predicate = true> <Delay = 0.73> <CoreInst = "RAM">   --->   Core 83 'RAM' <Latency = 1> <II = 1> <Delay = 0.73> <Storage> <Opcode : 'load' 'store'> <Ports = 2> <Width = 16> <Depth = 16> <RAM>
ST_4 : Operation 52 [1/1] (0.00ns)   --->   "%d_i_1_addr_6 = getelementptr i16 %d_i_1, i64 0, i64 6" [LabA_3/array_io.c:67]   --->   Operation 52 'getelementptr' 'd_i_1_addr_6' <Predicate = true> <Delay = 0.00>
ST_4 : Operation 53 [2/2] (0.73ns)   --->   "%d_i_1_load_6 = load i4 %d_i_1_addr_6" [LabA_3/array_io.c:67]   --->   Operation 53 'load' 'd_i_1_load_6' <Predicate = true> <Delay = 0.73> <CoreInst = "RAM">   --->   Core 83 'RAM' <Latency = 1> <II = 1> <Delay = 0.73> <Storage> <Opcode : 'load' 'store'> <Ports = 2> <Width = 16> <Depth = 16> <RAM>
ST_4 : Operation 54 [1/1] (0.00ns)   --->   "%d_i_1_addr_7 = getelementptr i16 %d_i_1, i64 0, i64 7" [LabA_3/array_io.c:67]   --->   Operation 54 'getelementptr' 'd_i_1_addr_7' <Predicate = true> <Delay = 0.00>
ST_4 : Operation 55 [2/2] (0.73ns)   --->   "%d_i_1_load_7 = load i4 %d_i_1_addr_7" [LabA_3/array_io.c:67]   --->   Operation 55 'load' 'd_i_1_load_7' <Predicate = true> <Delay = 0.73> <CoreInst = "RAM">   --->   Core 83 'RAM' <Latency = 1> <II = 1> <Delay = 0.73> <Storage> <Opcode : 'load' 'store'> <Ports = 2> <Width = 16> <Depth = 16> <RAM>

State 5 <SV = 4> <Delay = 0.73>
ST_5 : Operation 56 [1/2] (0.73ns)   --->   "%d_i_0_load_6 = load i4 %d_i_0_addr_6" [LabA_3/array_io.c:67]   --->   Operation 56 'load' 'd_i_0_load_6' <Predicate = true> <Delay = 0.73> <CoreInst = "RAM">   --->   Core 83 'RAM' <Latency = 1> <II = 1> <Delay = 0.73> <Storage> <Opcode : 'load' 'store'> <Ports = 2> <Width = 16> <Depth = 16> <RAM>
ST_5 : Operation 57 [1/2] (0.73ns)   --->   "%d_i_0_load_7 = load i4 %d_i_0_addr_7" [LabA_3/array_io.c:67]   --->   Operation 57 'load' 'd_i_0_load_7' <Predicate = true> <Delay = 0.73> <CoreInst = "RAM">   --->   Core 83 'RAM' <Latency = 1> <II = 1> <Delay = 0.73> <Storage> <Opcode : 'load' 'store'> <Ports = 2> <Width = 16> <Depth = 16> <RAM>
ST_5 : Operation 58 [1/1] (0.00ns)   --->   "%d_i_0_addr_8 = getelementptr i16 %d_i_0, i64 0, i64 8" [LabA_3/array_io.c:67]   --->   Operation 58 'getelementptr' 'd_i_0_addr_8' <Predicate = true> <Delay = 0.00>
ST_5 : Operation 59 [2/2] (0.73ns)   --->   "%d_i_0_load_8 = load i4 %d_i_0_addr_8" [LabA_3/array_io.c:67]   --->   Operation 59 'load' 'd_i_0_load_8' <Predicate = true> <Delay = 0.73> <CoreInst = "RAM">   --->   Core 83 'RAM' <Latency = 1> <II = 1> <Delay = 0.73> <Storage> <Opcode : 'load' 'store'> <Ports = 2> <Width = 16> <Depth = 16> <RAM>
ST_5 : Operation 60 [1/1] (0.00ns)   --->   "%d_i_0_addr_9 = getelementptr i16 %d_i_0, i64 0, i64 9" [LabA_3/array_io.c:67]   --->   Operation 60 'getelementptr' 'd_i_0_addr_9' <Predicate = true> <Delay = 0.00>
ST_5 : Operation 61 [2/2] (0.73ns)   --->   "%d_i_0_load_9 = load i4 %d_i_0_addr_9" [LabA_3/array_io.c:67]   --->   Operation 61 'load' 'd_i_0_load_9' <Predicate = true> <Delay = 0.73> <CoreInst = "RAM">   --->   Core 83 'RAM' <Latency = 1> <II = 1> <Delay = 0.73> <Storage> <Opcode : 'load' 'store'> <Ports = 2> <Width = 16> <Depth = 16> <RAM>
ST_5 : Operation 62 [1/2] (0.73ns)   --->   "%d_i_1_load_6 = load i4 %d_i_1_addr_6" [LabA_3/array_io.c:67]   --->   Operation 62 'load' 'd_i_1_load_6' <Predicate = true> <Delay = 0.73> <CoreInst = "RAM">   --->   Core 83 'RAM' <Latency = 1> <II = 1> <Delay = 0.73> <Storage> <Opcode : 'load' 'store'> <Ports = 2> <Width = 16> <Depth = 16> <RAM>
ST_5 : Operation 63 [1/2] (0.73ns)   --->   "%d_i_1_load_7 = load i4 %d_i_1_addr_7" [LabA_3/array_io.c:67]   --->   Operation 63 'load' 'd_i_1_load_7' <Predicate = true> <Delay = 0.73> <CoreInst = "RAM">   --->   Core 83 'RAM' <Latency = 1> <II = 1> <Delay = 0.73> <Storage> <Opcode : 'load' 'store'> <Ports = 2> <Width = 16> <Depth = 16> <RAM>
ST_5 : Operation 64 [1/1] (0.00ns)   --->   "%d_i_1_addr_8 = getelementptr i16 %d_i_1, i64 0, i64 8" [LabA_3/array_io.c:67]   --->   Operation 64 'getelementptr' 'd_i_1_addr_8' <Predicate = true> <Delay = 0.00>
ST_5 : Operation 65 [2/2] (0.73ns)   --->   "%d_i_1_load_8 = load i4 %d_i_1_addr_8" [LabA_3/array_io.c:67]   --->   Operation 65 'load' 'd_i_1_load_8' <Predicate = true> <Delay = 0.73> <CoreInst = "RAM">   --->   Core 83 'RAM' <Latency = 1> <II = 1> <Delay = 0.73> <Storage> <Opcode : 'load' 'store'> <Ports = 2> <Width = 16> <Depth = 16> <RAM>
ST_5 : Operation 66 [1/1] (0.00ns)   --->   "%d_i_1_addr_9 = getelementptr i16 %d_i_1, i64 0, i64 9" [LabA_3/array_io.c:67]   --->   Operation 66 'getelementptr' 'd_i_1_addr_9' <Predicate = true> <Delay = 0.00>
ST_5 : Operation 67 [2/2] (0.73ns)   --->   "%d_i_1_load_9 = load i4 %d_i_1_addr_9" [LabA_3/array_io.c:67]   --->   Operation 67 'load' 'd_i_1_load_9' <Predicate = true> <Delay = 0.73> <CoreInst = "RAM">   --->   Core 83 'RAM' <Latency = 1> <II = 1> <Delay = 0.73> <Storage> <Opcode : 'load' 'store'> <Ports = 2> <Width = 16> <Depth = 16> <RAM>

State 6 <SV = 5> <Delay = 2.24>
ST_6 : Operation 68 [1/1] (0.00ns)   --->   "%acc_0_load = load i32 %acc_0" [LabA_3/array_io.c:67]   --->   Operation 68 'load' 'acc_0_load' <Predicate = true> <Delay = 0.00>
ST_6 : Operation 69 [1/1] (0.00ns)   --->   "%trunc_ln67 = trunc i32 %acc_0_load" [LabA_3/array_io.c:67]   --->   Operation 69 'trunc' 'trunc_ln67' <Predicate = true> <Delay = 0.00>
ST_6 : Operation 70 [1/1] (1.12ns)   --->   "%add_ln69 = add i16 %d_i_0_load, i16 %trunc_ln67" [LabA_3/array_io.c:69]   --->   Operation 70 'add' 'add_ln69' <Predicate = true> <Delay = 1.12> <CoreInst = "Adder">   --->   Core 1 'Adder' <Latency = 0> <II = 1> <Delay = 1.12> <FuncUnit> <Opcode : 'add' 'sub'> <InPorts = 2> <OutPorts = 1>
ST_6 : Operation 71 [1/1] (0.00ns)   --->   "%d_o_0_addr = getelementptr i16 %d_o_0, i64 0, i64 0" [LabA_3/array_io.c:69]   --->   Operation 71 'getelementptr' 'd_o_0_addr' <Predicate = true> <Delay = 0.00>
ST_6 : Operation 72 [1/1] (0.73ns)   --->   "%store_ln69 = store i16 %add_ln69, i3 %d_o_0_addr" [LabA_3/array_io.c:69]   --->   Operation 72 'store' 'store_ln69' <Predicate = true> <Delay = 0.73> <CoreInst = "RAM">   --->   Core 83 'RAM' <Latency = 1> <II = 1> <Delay = 0.73> <Storage> <Opcode : 'load' 'store'> <Ports = 2> <Width = 16> <Depth = 8> <RAM>
ST_6 : Operation 73 [1/1] (0.00ns)   --->   "%acc_1_load = load i32 %acc_1" [LabA_3/array_io.c:67]   --->   Operation 73 'load' 'acc_1_load' <Predicate = true> <Delay = 0.00>
ST_6 : Operation 74 [1/1] (0.00ns)   --->   "%trunc_ln67_1 = trunc i32 %acc_1_load" [LabA_3/array_io.c:67]   --->   Operation 74 'trunc' 'trunc_ln67_1' <Predicate = true> <Delay = 0.00>
ST_6 : Operation 75 [1/1] (1.12ns)   --->   "%add_ln69_1 = add i16 %d_i_0_load_1, i16 %trunc_ln67_1" [LabA_3/array_io.c:69]   --->   Operation 75 'add' 'add_ln69_1' <Predicate = true> <Delay = 1.12> <CoreInst = "Adder">   --->   Core 1 'Adder' <Latency = 0> <II = 1> <Delay = 1.12> <FuncUnit> <Opcode : 'add' 'sub'> <InPorts = 2> <OutPorts = 1>
ST_6 : Operation 76 [1/1] (0.00ns)   --->   "%d_o_0_addr_1 = getelementptr i16 %d_o_0, i64 0, i64 1" [LabA_3/array_io.c:69]   --->   Operation 76 'getelementptr' 'd_o_0_addr_1' <Predicate = true> <Delay = 0.00>
ST_6 : Operation 77 [1/1] (0.73ns)   --->   "%store_ln69 = store i16 %add_ln69_1, i3 %d_o_0_addr_1" [LabA_3/array_io.c:69]   --->   Operation 77 'store' 'store_ln69' <Predicate = true> <Delay = 0.73> <CoreInst = "RAM">   --->   Core 83 'RAM' <Latency = 1> <II = 1> <Delay = 0.73> <Storage> <Opcode : 'load' 'store'> <Ports = 2> <Width = 16> <Depth = 8> <RAM>
ST_6 : Operation 78 [1/2] (0.73ns)   --->   "%d_i_0_load_8 = load i4 %d_i_0_addr_8" [LabA_3/array_io.c:67]   --->   Operation 78 'load' 'd_i_0_load_8' <Predicate = true> <Delay = 0.73> <CoreInst = "RAM">   --->   Core 83 'RAM' <Latency = 1> <II = 1> <Delay = 0.73> <Storage> <Opcode : 'load' 'store'> <Ports = 2> <Width = 16> <Depth = 16> <RAM>
ST_6 : Operation 79 [1/1] (1.12ns)   --->   "%add_ln69_8 = add i16 %d_i_0_load_8, i16 %add_ln69" [LabA_3/array_io.c:69]   --->   Operation 79 'add' 'add_ln69_8' <Predicate = true> <Delay = 1.12> <CoreInst = "Adder">   --->   Core 1 'Adder' <Latency = 0> <II = 1> <Delay = 1.12> <FuncUnit> <Opcode : 'add' 'sub'> <InPorts = 2> <OutPorts = 1>
ST_6 : Operation 80 [1/2] (0.73ns)   --->   "%d_i_0_load_9 = load i4 %d_i_0_addr_9" [LabA_3/array_io.c:67]   --->   Operation 80 'load' 'd_i_0_load_9' <Predicate = true> <Delay = 0.73> <CoreInst = "RAM">   --->   Core 83 'RAM' <Latency = 1> <II = 1> <Delay = 0.73> <Storage> <Opcode : 'load' 'store'> <Ports = 2> <Width = 16> <Depth = 16> <RAM>
ST_6 : Operation 81 [1/1] (1.12ns)   --->   "%add_ln69_9 = add i16 %d_i_0_load_9, i16 %add_ln69_1" [LabA_3/array_io.c:69]   --->   Operation 81 'add' 'add_ln69_9' <Predicate = true> <Delay = 1.12> <CoreInst = "Adder">   --->   Core 1 'Adder' <Latency = 0> <II = 1> <Delay = 1.12> <FuncUnit> <Opcode : 'add' 'sub'> <InPorts = 2> <OutPorts = 1>
ST_6 : Operation 82 [1/1] (0.00ns)   --->   "%d_i_0_addr_10 = getelementptr i16 %d_i_0, i64 0, i64 10" [LabA_3/array_io.c:67]   --->   Operation 82 'getelementptr' 'd_i_0_addr_10' <Predicate = true> <Delay = 0.00>
ST_6 : Operation 83 [2/2] (0.73ns)   --->   "%d_i_0_load_10 = load i4 %d_i_0_addr_10" [LabA_3/array_io.c:67]   --->   Operation 83 'load' 'd_i_0_load_10' <Predicate = true> <Delay = 0.73> <CoreInst = "RAM">   --->   Core 83 'RAM' <Latency = 1> <II = 1> <Delay = 0.73> <Storage> <Opcode : 'load' 'store'> <Ports = 2> <Width = 16> <Depth = 16> <RAM>
ST_6 : Operation 84 [1/1] (0.00ns)   --->   "%d_i_0_addr_11 = getelementptr i16 %d_i_0, i64 0, i64 11" [LabA_3/array_io.c:67]   --->   Operation 84 'getelementptr' 'd_i_0_addr_11' <Predicate = true> <Delay = 0.00>
ST_6 : Operation 85 [2/2] (0.73ns)   --->   "%d_i_0_load_11 = load i4 %d_i_0_addr_11" [LabA_3/array_io.c:67]   --->   Operation 85 'load' 'd_i_0_load_11' <Predicate = true> <Delay = 0.73> <CoreInst = "RAM">   --->   Core 83 'RAM' <Latency = 1> <II = 1> <Delay = 0.73> <Storage> <Opcode : 'load' 'store'> <Ports = 2> <Width = 16> <Depth = 16> <RAM>
ST_6 : Operation 86 [1/1] (0.00ns)   --->   "%sext_ln69_8 = sext i16 %d_i_1_load" [LabA_3/array_io.c:69]   --->   Operation 86 'sext' 'sext_ln69_8' <Predicate = true> <Delay = 0.00>
ST_6 : Operation 87 [1/1] (0.00ns)   --->   "%sext_ln69_9 = sext i16 %d_i_1_load_1" [LabA_3/array_io.c:69]   --->   Operation 87 'sext' 'sext_ln69_9' <Predicate = true> <Delay = 0.00>
ST_6 : Operation 88 [1/2] (0.73ns)   --->   "%d_i_1_load_8 = load i4 %d_i_1_addr_8" [LabA_3/array_io.c:67]   --->   Operation 88 'load' 'd_i_1_load_8' <Predicate = true> <Delay = 0.73> <CoreInst = "RAM">   --->   Core 83 'RAM' <Latency = 1> <II = 1> <Delay = 0.73> <Storage> <Opcode : 'load' 'store'> <Ports = 2> <Width = 16> <Depth = 16> <RAM>
ST_6 : Operation 89 [1/1] (0.00ns)   --->   "%sext_ln67_8 = sext i16 %d_i_1_load_8" [LabA_3/array_io.c:67]   --->   Operation 89 'sext' 'sext_ln67_8' <Predicate = true> <Delay = 0.00>
ST_6 : Operation 90 [1/1] (1.12ns)   --->   "%add_ln67_1 = add i17 %sext_ln69_8, i17 %sext_ln67_8" [LabA_3/array_io.c:67]   --->   Operation 90 'add' 'add_ln67_1' <Predicate = true> <Delay = 1.12> <CoreInst = "Adder">   --->   Core 1 'Adder' <Latency = 0> <II = 1> <Delay = 1.12> <FuncUnit> <Opcode : 'add' 'sub'> <InPorts = 2> <OutPorts = 1>
ST_6 : Operation 91 [1/2] (0.73ns)   --->   "%d_i_1_load_9 = load i4 %d_i_1_addr_9" [LabA_3/array_io.c:67]   --->   Operation 91 'load' 'd_i_1_load_9' <Predicate = true> <Delay = 0.73> <CoreInst = "RAM">   --->   Core 83 'RAM' <Latency = 1> <II = 1> <Delay = 0.73> <Storage> <Opcode : 'load' 'store'> <Ports = 2> <Width = 16> <Depth = 16> <RAM>
ST_6 : Operation 92 [1/1] (0.00ns)   --->   "%sext_ln67_11 = sext i16 %d_i_1_load_9" [LabA_3/array_io.c:67]   --->   Operation 92 'sext' 'sext_ln67_11' <Predicate = true> <Delay = 0.00>
ST_6 : Operation 93 [1/1] (1.12ns)   --->   "%add_ln67_5 = add i17 %sext_ln69_9, i17 %sext_ln67_11" [LabA_3/array_io.c:67]   --->   Operation 93 'add' 'add_ln67_5' <Predicate = true> <Delay = 1.12> <CoreInst = "Adder">   --->   Core 1 'Adder' <Latency = 0> <II = 1> <Delay = 1.12> <FuncUnit> <Opcode : 'add' 'sub'> <InPorts = 2> <OutPorts = 1>
ST_6 : Operation 94 [1/1] (0.00ns)   --->   "%d_i_1_addr_10 = getelementptr i16 %d_i_1, i64 0, i64 10" [LabA_3/array_io.c:67]   --->   Operation 94 'getelementptr' 'd_i_1_addr_10' <Predicate = true> <Delay = 0.00>
ST_6 : Operation 95 [2/2] (0.73ns)   --->   "%d_i_1_load_10 = load i4 %d_i_1_addr_10" [LabA_3/array_io.c:67]   --->   Operation 95 'load' 'd_i_1_load_10' <Predicate = true> <Delay = 0.73> <CoreInst = "RAM">   --->   Core 83 'RAM' <Latency = 1> <II = 1> <Delay = 0.73> <Storage> <Opcode : 'load' 'store'> <Ports = 2> <Width = 16> <Depth = 16> <RAM>
ST_6 : Operation 96 [1/1] (0.00ns)   --->   "%d_i_1_addr_11 = getelementptr i16 %d_i_1, i64 0, i64 11" [LabA_3/array_io.c:67]   --->   Operation 96 'getelementptr' 'd_i_1_addr_11' <Predicate = true> <Delay = 0.00>
ST_6 : Operation 97 [2/2] (0.73ns)   --->   "%d_i_1_load_11 = load i4 %d_i_1_addr_11" [LabA_3/array_io.c:67]   --->   Operation 97 'load' 'd_i_1_load_11' <Predicate = true> <Delay = 0.73> <CoreInst = "RAM">   --->   Core 83 'RAM' <Latency = 1> <II = 1> <Delay = 0.73> <Storage> <Opcode : 'load' 'store'> <Ports = 2> <Width = 16> <Depth = 16> <RAM>

State 7 <SV = 6> <Delay = 2.24>
ST_7 : Operation 98 [1/1] (0.00ns)   --->   "%sext_ln67 = sext i16 %d_i_0_load" [LabA_3/array_io.c:67]   --->   Operation 98 'sext' 'sext_ln67' <Predicate = true> <Delay = 0.00>
ST_7 : Operation 99 [1/1] (0.00ns)   --->   "%sext_ln67_1 = sext i16 %d_i_0_load_1" [LabA_3/array_io.c:67]   --->   Operation 99 'sext' 'sext_ln67_1' <Predicate = true> <Delay = 0.00>
ST_7 : Operation 100 [1/1] (0.00ns)   --->   "%acc_2_load = load i32 %acc_2" [LabA_3/array_io.c:67]   --->   Operation 100 'load' 'acc_2_load' <Predicate = true> <Delay = 0.00>
ST_7 : Operation 101 [1/1] (0.00ns)   --->   "%trunc_ln67_2 = trunc i32 %acc_2_load" [LabA_3/array_io.c:67]   --->   Operation 101 'trunc' 'trunc_ln67_2' <Predicate = true> <Delay = 0.00>
ST_7 : Operation 102 [1/1] (1.12ns)   --->   "%add_ln69_2 = add i16 %d_i_0_load_2, i16 %trunc_ln67_2" [LabA_3/array_io.c:69]   --->   Operation 102 'add' 'add_ln69_2' <Predicate = true> <Delay = 1.12> <CoreInst = "Adder">   --->   Core 1 'Adder' <Latency = 0> <II = 1> <Delay = 1.12> <FuncUnit> <Opcode : 'add' 'sub'> <InPorts = 2> <OutPorts = 1>
ST_7 : Operation 103 [1/1] (0.00ns)   --->   "%d_o_0_addr_2 = getelementptr i16 %d_o_0, i64 0, i64 2" [LabA_3/array_io.c:69]   --->   Operation 103 'getelementptr' 'd_o_0_addr_2' <Predicate = true> <Delay = 0.00>
ST_7 : Operation 104 [1/1] (0.73ns)   --->   "%store_ln69 = store i16 %add_ln69_2, i3 %d_o_0_addr_2" [LabA_3/array_io.c:69]   --->   Operation 104 'store' 'store_ln69' <Predicate = true> <Delay = 0.73> <CoreInst = "RAM">   --->   Core 83 'RAM' <Latency = 1> <II = 1> <Delay = 0.73> <Storage> <Opcode : 'load' 'store'> <Ports = 2> <Width = 16> <Depth = 8> <RAM>
ST_7 : Operation 105 [1/1] (0.00ns)   --->   "%acc_3_load = load i32 %acc_3" [LabA_3/array_io.c:67]   --->   Operation 105 'load' 'acc_3_load' <Predicate = true> <Delay = 0.00>
ST_7 : Operation 106 [1/1] (0.00ns)   --->   "%trunc_ln67_3 = trunc i32 %acc_3_load" [LabA_3/array_io.c:67]   --->   Operation 106 'trunc' 'trunc_ln67_3' <Predicate = true> <Delay = 0.00>
ST_7 : Operation 107 [1/1] (1.12ns)   --->   "%add_ln69_3 = add i16 %d_i_0_load_3, i16 %trunc_ln67_3" [LabA_3/array_io.c:69]   --->   Operation 107 'add' 'add_ln69_3' <Predicate = true> <Delay = 1.12> <CoreInst = "Adder">   --->   Core 1 'Adder' <Latency = 0> <II = 1> <Delay = 1.12> <FuncUnit> <Opcode : 'add' 'sub'> <InPorts = 2> <OutPorts = 1>
ST_7 : Operation 108 [1/1] (0.00ns)   --->   "%d_o_0_addr_3 = getelementptr i16 %d_o_0, i64 0, i64 3" [LabA_3/array_io.c:69]   --->   Operation 108 'getelementptr' 'd_o_0_addr_3' <Predicate = true> <Delay = 0.00>
ST_7 : Operation 109 [1/1] (0.73ns)   --->   "%store_ln69 = store i16 %add_ln69_3, i3 %d_o_0_addr_3" [LabA_3/array_io.c:69]   --->   Operation 109 'store' 'store_ln69' <Predicate = true> <Delay = 0.73> <CoreInst = "RAM">   --->   Core 83 'RAM' <Latency = 1> <II = 1> <Delay = 0.73> <Storage> <Opcode : 'load' 'store'> <Ports = 2> <Width = 16> <Depth = 8> <RAM>
ST_7 : Operation 110 [1/1] (0.00ns)   --->   "%sext_ln69 = sext i16 %d_i_0_load_8" [LabA_3/array_io.c:69]   --->   Operation 110 'sext' 'sext_ln69' <Predicate = true> <Delay = 0.00>
ST_7 : Operation 111 [1/1] (0.00ns)   --->   "%d_o_1_addr = getelementptr i16 %d_o_1, i64 0, i64 0" [LabA_3/array_io.c:69]   --->   Operation 111 'getelementptr' 'd_o_1_addr' <Predicate = true> <Delay = 0.00>
ST_7 : Operation 112 [1/1] (0.73ns)   --->   "%store_ln69 = store i16 %add_ln69_8, i3 %d_o_1_addr" [LabA_3/array_io.c:69]   --->   Operation 112 'store' 'store_ln69' <Predicate = true> <Delay = 0.73> <CoreInst = "RAM">   --->   Core 83 'RAM' <Latency = 1> <II = 1> <Delay = 0.73> <Storage> <Opcode : 'load' 'store'> <Ports = 2> <Width = 16> <Depth = 8> <RAM>
ST_7 : Operation 113 [1/1] (0.00ns)   --->   "%sext_ln69_1 = sext i16 %d_i_0_load_9" [LabA_3/array_io.c:69]   --->   Operation 113 'sext' 'sext_ln69_1' <Predicate = true> <Delay = 0.00>
ST_7 : Operation 114 [1/1] (0.00ns)   --->   "%d_o_1_addr_1 = getelementptr i16 %d_o_1, i64 0, i64 1" [LabA_3/array_io.c:69]   --->   Operation 114 'getelementptr' 'd_o_1_addr_1' <Predicate = true> <Delay = 0.00>
ST_7 : Operation 115 [1/1] (0.73ns)   --->   "%store_ln69 = store i16 %add_ln69_9, i3 %d_o_1_addr_1" [LabA_3/array_io.c:69]   --->   Operation 115 'store' 'store_ln69' <Predicate = true> <Delay = 0.73> <CoreInst = "RAM">   --->   Core 83 'RAM' <Latency = 1> <II = 1> <Delay = 0.73> <Storage> <Opcode : 'load' 'store'> <Ports = 2> <Width = 16> <Depth = 8> <RAM>
ST_7 : Operation 116 [1/2] (0.73ns)   --->   "%d_i_0_load_10 = load i4 %d_i_0_addr_10" [LabA_3/array_io.c:67]   --->   Operation 116 'load' 'd_i_0_load_10' <Predicate = true> <Delay = 0.73> <CoreInst = "RAM">   --->   Core 83 'RAM' <Latency = 1> <II = 1> <Delay = 0.73> <Storage> <Opcode : 'load' 'store'> <Ports = 2> <Width = 16> <Depth = 16> <RAM>
ST_7 : Operation 117 [1/1] (1.12ns)   --->   "%add_ln69_10 = add i16 %d_i_0_load_10, i16 %add_ln69_2" [LabA_3/array_io.c:69]   --->   Operation 117 'add' 'add_ln69_10' <Predicate = true> <Delay = 1.12> <CoreInst = "Adder">   --->   Core 1 'Adder' <Latency = 0> <II = 1> <Delay = 1.12> <FuncUnit> <Opcode : 'add' 'sub'> <InPorts = 2> <OutPorts = 1>
ST_7 : Operation 118 [1/2] (0.73ns)   --->   "%d_i_0_load_11 = load i4 %d_i_0_addr_11" [LabA_3/array_io.c:67]   --->   Operation 118 'load' 'd_i_0_load_11' <Predicate = true> <Delay = 0.73> <CoreInst = "RAM">   --->   Core 83 'RAM' <Latency = 1> <II = 1> <Delay = 0.73> <Storage> <Opcode : 'load' 'store'> <Ports = 2> <Width = 16> <Depth = 16> <RAM>
ST_7 : Operation 119 [1/1] (1.12ns)   --->   "%add_ln69_11 = add i16 %d_i_0_load_11, i16 %add_ln69_3" [LabA_3/array_io.c:69]   --->   Operation 119 'add' 'add_ln69_11' <Predicate = true> <Delay = 1.12> <CoreInst = "Adder">   --->   Core 1 'Adder' <Latency = 0> <II = 1> <Delay = 1.12> <FuncUnit> <Opcode : 'add' 'sub'> <InPorts = 2> <OutPorts = 1>
ST_7 : Operation 120 [1/1] (0.00ns)   --->   "%d_i_0_addr_12 = getelementptr i16 %d_i_0, i64 0, i64 12" [LabA_3/array_io.c:67]   --->   Operation 120 'getelementptr' 'd_i_0_addr_12' <Predicate = true> <Delay = 0.00>
ST_7 : Operation 121 [2/2] (0.73ns)   --->   "%d_i_0_load_12 = load i4 %d_i_0_addr_12" [LabA_3/array_io.c:67]   --->   Operation 121 'load' 'd_i_0_load_12' <Predicate = true> <Delay = 0.73> <CoreInst = "RAM">   --->   Core 83 'RAM' <Latency = 1> <II = 1> <Delay = 0.73> <Storage> <Opcode : 'load' 'store'> <Ports = 2> <Width = 16> <Depth = 16> <RAM>
ST_7 : Operation 122 [1/1] (0.00ns)   --->   "%d_i_0_addr_13 = getelementptr i16 %d_i_0, i64 0, i64 13" [LabA_3/array_io.c:67]   --->   Operation 122 'getelementptr' 'd_i_0_addr_13' <Predicate = true> <Delay = 0.00>
ST_7 : Operation 123 [2/2] (0.73ns)   --->   "%d_i_0_load_13 = load i4 %d_i_0_addr_13" [LabA_3/array_io.c:67]   --->   Operation 123 'load' 'd_i_0_load_13' <Predicate = true> <Delay = 0.73> <CoreInst = "RAM">   --->   Core 83 'RAM' <Latency = 1> <II = 1> <Delay = 0.73> <Storage> <Opcode : 'load' 'store'> <Ports = 2> <Width = 16> <Depth = 16> <RAM>
ST_7 : Operation 124 [1/1] (1.12ns)   --->   "%add_ln69_16 = add i16 %d_i_1_load, i16 %add_ln69_8" [LabA_3/array_io.c:69]   --->   Operation 124 'add' 'add_ln69_16' <Predicate = true> <Delay = 1.12> <CoreInst = "Adder">   --->   Core 1 'Adder' <Latency = 0> <II = 1> <Delay = 1.12> <FuncUnit> <Opcode : 'add' 'sub'> <InPorts = 2> <OutPorts = 1>
ST_7 : Operation 125 [1/1] (0.00ns)   --->   "%d_o_2_addr = getelementptr i16 %d_o_2, i64 0, i64 0" [LabA_3/array_io.c:69]   --->   Operation 125 'getelementptr' 'd_o_2_addr' <Predicate = true> <Delay = 0.00>
ST_7 : Operation 126 [1/1] (0.73ns)   --->   "%store_ln69 = store i16 %add_ln69_16, i3 %d_o_2_addr" [LabA_3/array_io.c:69]   --->   Operation 126 'store' 'store_ln69' <Predicate = true> <Delay = 0.73> <CoreInst = "RAM">   --->   Core 83 'RAM' <Latency = 1> <II = 1> <Delay = 0.73> <Storage> <Opcode : 'load' 'store'> <Ports = 2> <Width = 16> <Depth = 8> <RAM>
ST_7 : Operation 127 [1/1] (1.12ns)   --->   "%add_ln69_17 = add i16 %d_i_1_load_1, i16 %add_ln69_9" [LabA_3/array_io.c:69]   --->   Operation 127 'add' 'add_ln69_17' <Predicate = true> <Delay = 1.12> <CoreInst = "Adder">   --->   Core 1 'Adder' <Latency = 0> <II = 1> <Delay = 1.12> <FuncUnit> <Opcode : 'add' 'sub'> <InPorts = 2> <OutPorts = 1>
ST_7 : Operation 128 [1/1] (0.00ns)   --->   "%d_o_2_addr_1 = getelementptr i16 %d_o_2, i64 0, i64 1" [LabA_3/array_io.c:69]   --->   Operation 128 'getelementptr' 'd_o_2_addr_1' <Predicate = true> <Delay = 0.00>
ST_7 : Operation 129 [1/1] (0.73ns)   --->   "%store_ln69 = store i16 %add_ln69_17, i3 %d_o_2_addr_1" [LabA_3/array_io.c:69]   --->   Operation 129 'store' 'store_ln69' <Predicate = true> <Delay = 0.73> <CoreInst = "RAM">   --->   Core 83 'RAM' <Latency = 1> <II = 1> <Delay = 0.73> <Storage> <Opcode : 'load' 'store'> <Ports = 2> <Width = 16> <Depth = 8> <RAM>
ST_7 : Operation 130 [1/1] (0.00ns)   --->   "%sext_ln69_10 = sext i16 %d_i_1_load_2" [LabA_3/array_io.c:69]   --->   Operation 130 'sext' 'sext_ln69_10' <Predicate = true> <Delay = 0.00>
ST_7 : Operation 131 [1/1] (0.00ns)   --->   "%sext_ln69_11 = sext i16 %d_i_1_load_3" [LabA_3/array_io.c:69]   --->   Operation 131 'sext' 'sext_ln69_11' <Predicate = true> <Delay = 0.00>
ST_7 : Operation 132 [1/1] (0.00ns) (grouped into TernaryAdder)   --->   "%add_ln67 = add i32 %acc_0_load, i32 %sext_ln67" [LabA_3/array_io.c:67]   --->   Operation 132 'add' 'add_ln67' <Predicate = true> <Delay = 0.00> <CoreInst = "TAddSub">   --->   Core 10 'TAddSub' <Latency = 0> <II = 1> <Delay = 0.45> <IPBlock> <Opcode : 'add' 'sub'> <InPorts = 3> <OutPorts = 1> <Sync> <CReg>
ST_7 : Operation 133 [1/1] (0.00ns)   --->   "%sext_ln67_9 = sext i17 %add_ln67_1" [LabA_3/array_io.c:67]   --->   Operation 133 'sext' 'sext_ln67_9' <Predicate = true> <Delay = 0.00>
ST_7 : Operation 134 [1/1] (1.12ns)   --->   "%add_ln67_2 = add i18 %sext_ln67_9, i18 %sext_ln69" [LabA_3/array_io.c:67]   --->   Operation 134 'add' 'add_ln67_2' <Predicate = true> <Delay = 1.12> <CoreInst = "Adder">   --->   Core 1 'Adder' <Latency = 0> <II = 1> <Delay = 1.12> <FuncUnit> <Opcode : 'add' 'sub'> <InPorts = 2> <OutPorts = 1>
ST_7 : Operation 135 [1/1] (0.00ns)   --->   "%sext_ln67_10 = sext i18 %add_ln67_2" [LabA_3/array_io.c:67]   --->   Operation 135 'sext' 'sext_ln67_10' <Predicate = true> <Delay = 0.00>
ST_7 : Operation 136 [1/1] (0.90ns) (root node of TernaryAdder)   --->   "%temp = add i32 %sext_ln67_10, i32 %add_ln67" [LabA_3/array_io.c:67]   --->   Operation 136 'add' 'temp' <Predicate = true> <Delay = 0.90> <CoreInst = "TAddSub">   --->   Core 10 'TAddSub' <Latency = 0> <II = 1> <Delay = 0.45> <IPBlock> <Opcode : 'add' 'sub'> <InPorts = 3> <OutPorts = 1> <Sync> <CReg>
ST_7 : Operation 137 [1/1] (0.00ns)   --->   "%store_ln68 = store i32 %temp, i32 %acc_0" [LabA_3/array_io.c:68]   --->   Operation 137 'store' 'store_ln68' <Predicate = true> <Delay = 0.00>
ST_7 : Operation 138 [1/1] (1.12ns)   --->   "%add_ln69_24 = add i16 %d_i_1_load_8, i16 %add_ln69_16" [LabA_3/array_io.c:69]   --->   Operation 138 'add' 'add_ln69_24' <Predicate = true> <Delay = 1.12> <CoreInst = "Adder">   --->   Core 1 'Adder' <Latency = 0> <II = 1> <Delay = 1.12> <FuncUnit> <Opcode : 'add' 'sub'> <InPorts = 2> <OutPorts = 1>
ST_7 : Operation 139 [1/1] (0.00ns) (grouped into TernaryAdder)   --->   "%add_ln67_4 = add i32 %acc_1_load, i32 %sext_ln67_1" [LabA_3/array_io.c:67]   --->   Operation 139 'add' 'add_ln67_4' <Predicate = true> <Delay = 0.00> <CoreInst = "TAddSub">   --->   Core 10 'TAddSub' <Latency = 0> <II = 1> <Delay = 0.45> <IPBlock> <Opcode : 'add' 'sub'> <InPorts = 3> <OutPorts = 1> <Sync> <CReg>
ST_7 : Operation 140 [1/1] (0.00ns)   --->   "%sext_ln67_12 = sext i17 %add_ln67_5" [LabA_3/array_io.c:67]   --->   Operation 140 'sext' 'sext_ln67_12' <Predicate = true> <Delay = 0.00>
ST_7 : Operation 141 [1/1] (1.12ns)   --->   "%add_ln67_6 = add i18 %sext_ln67_12, i18 %sext_ln69_1" [LabA_3/array_io.c:67]   --->   Operation 141 'add' 'add_ln67_6' <Predicate = true> <Delay = 1.12> <CoreInst = "Adder">   --->   Core 1 'Adder' <Latency = 0> <II = 1> <Delay = 1.12> <FuncUnit> <Opcode : 'add' 'sub'> <InPorts = 2> <OutPorts = 1>
ST_7 : Operation 142 [1/1] (0.00ns)   --->   "%sext_ln67_13 = sext i18 %add_ln67_6" [LabA_3/array_io.c:67]   --->   Operation 142 'sext' 'sext_ln67_13' <Predicate = true> <Delay = 0.00>
ST_7 : Operation 143 [1/1] (0.90ns) (root node of TernaryAdder)   --->   "%temp_1 = add i32 %sext_ln67_13, i32 %add_ln67_4" [LabA_3/array_io.c:67]   --->   Operation 143 'add' 'temp_1' <Predicate = true> <Delay = 0.90> <CoreInst = "TAddSub">   --->   Core 10 'TAddSub' <Latency = 0> <II = 1> <Delay = 0.45> <IPBlock> <Opcode : 'add' 'sub'> <InPorts = 3> <OutPorts = 1> <Sync> <CReg>
ST_7 : Operation 144 [1/1] (0.00ns)   --->   "%store_ln68 = store i32 %temp_1, i32 %acc_1" [LabA_3/array_io.c:68]   --->   Operation 144 'store' 'store_ln68' <Predicate = true> <Delay = 0.00>
ST_7 : Operation 145 [1/1] (1.12ns)   --->   "%add_ln69_25 = add i16 %d_i_1_load_9, i16 %add_ln69_17" [LabA_3/array_io.c:69]   --->   Operation 145 'add' 'add_ln69_25' <Predicate = true> <Delay = 1.12> <CoreInst = "Adder">   --->   Core 1 'Adder' <Latency = 0> <II = 1> <Delay = 1.12> <FuncUnit> <Opcode : 'add' 'sub'> <InPorts = 2> <OutPorts = 1>
ST_7 : Operation 146 [1/2] (0.73ns)   --->   "%d_i_1_load_10 = load i4 %d_i_1_addr_10" [LabA_3/array_io.c:67]   --->   Operation 146 'load' 'd_i_1_load_10' <Predicate = true> <Delay = 0.73> <CoreInst = "RAM">   --->   Core 83 'RAM' <Latency = 1> <II = 1> <Delay = 0.73> <Storage> <Opcode : 'load' 'store'> <Ports = 2> <Width = 16> <Depth = 16> <RAM>
ST_7 : Operation 147 [1/1] (0.00ns)   --->   "%sext_ln67_14 = sext i16 %d_i_1_load_10" [LabA_3/array_io.c:67]   --->   Operation 147 'sext' 'sext_ln67_14' <Predicate = true> <Delay = 0.00>
ST_7 : Operation 148 [1/1] (1.12ns)   --->   "%add_ln67_9 = add i17 %sext_ln69_10, i17 %sext_ln67_14" [LabA_3/array_io.c:67]   --->   Operation 148 'add' 'add_ln67_9' <Predicate = true> <Delay = 1.12> <CoreInst = "Adder">   --->   Core 1 'Adder' <Latency = 0> <II = 1> <Delay = 1.12> <FuncUnit> <Opcode : 'add' 'sub'> <InPorts = 2> <OutPorts = 1>
ST_7 : Operation 149 [1/2] (0.73ns)   --->   "%d_i_1_load_11 = load i4 %d_i_1_addr_11" [LabA_3/array_io.c:67]   --->   Operation 149 'load' 'd_i_1_load_11' <Predicate = true> <Delay = 0.73> <CoreInst = "RAM">   --->   Core 83 'RAM' <Latency = 1> <II = 1> <Delay = 0.73> <Storage> <Opcode : 'load' 'store'> <Ports = 2> <Width = 16> <Depth = 16> <RAM>
ST_7 : Operation 150 [1/1] (0.00ns)   --->   "%sext_ln67_17 = sext i16 %d_i_1_load_11" [LabA_3/array_io.c:67]   --->   Operation 150 'sext' 'sext_ln67_17' <Predicate = true> <Delay = 0.00>
ST_7 : Operation 151 [1/1] (1.12ns)   --->   "%add_ln67_13 = add i17 %sext_ln69_11, i17 %sext_ln67_17" [LabA_3/array_io.c:67]   --->   Operation 151 'add' 'add_ln67_13' <Predicate = true> <Delay = 1.12> <CoreInst = "Adder">   --->   Core 1 'Adder' <Latency = 0> <II = 1> <Delay = 1.12> <FuncUnit> <Opcode : 'add' 'sub'> <InPorts = 2> <OutPorts = 1>
ST_7 : Operation 152 [1/1] (0.00ns)   --->   "%d_i_1_addr_12 = getelementptr i16 %d_i_1, i64 0, i64 12" [LabA_3/array_io.c:67]   --->   Operation 152 'getelementptr' 'd_i_1_addr_12' <Predicate = true> <Delay = 0.00>
ST_7 : Operation 153 [2/2] (0.73ns)   --->   "%d_i_1_load_12 = load i4 %d_i_1_addr_12" [LabA_3/array_io.c:67]   --->   Operation 153 'load' 'd_i_1_load_12' <Predicate = true> <Delay = 0.73> <CoreInst = "RAM">   --->   Core 83 'RAM' <Latency = 1> <II = 1> <Delay = 0.73> <Storage> <Opcode : 'load' 'store'> <Ports = 2> <Width = 16> <Depth = 16> <RAM>
ST_7 : Operation 154 [1/1] (0.00ns)   --->   "%d_i_1_addr_13 = getelementptr i16 %d_i_1, i64 0, i64 13" [LabA_3/array_io.c:67]   --->   Operation 154 'getelementptr' 'd_i_1_addr_13' <Predicate = true> <Delay = 0.00>
ST_7 : Operation 155 [2/2] (0.73ns)   --->   "%d_i_1_load_13 = load i4 %d_i_1_addr_13" [LabA_3/array_io.c:67]   --->   Operation 155 'load' 'd_i_1_load_13' <Predicate = true> <Delay = 0.73> <CoreInst = "RAM">   --->   Core 83 'RAM' <Latency = 1> <II = 1> <Delay = 0.73> <Storage> <Opcode : 'load' 'store'> <Ports = 2> <Width = 16> <Depth = 16> <RAM>

State 8 <SV = 7> <Delay = 2.24>
ST_8 : Operation 156 [1/1] (0.00ns)   --->   "%sext_ln67_2 = sext i16 %d_i_0_load_2" [LabA_3/array_io.c:67]   --->   Operation 156 'sext' 'sext_ln67_2' <Predicate = true> <Delay = 0.00>
ST_8 : Operation 157 [1/1] (0.00ns)   --->   "%sext_ln67_3 = sext i16 %d_i_0_load_3" [LabA_3/array_io.c:67]   --->   Operation 157 'sext' 'sext_ln67_3' <Predicate = true> <Delay = 0.00>
ST_8 : Operation 158 [1/1] (0.00ns)   --->   "%acc_4_load = load i32 %acc_4" [LabA_3/array_io.c:67]   --->   Operation 158 'load' 'acc_4_load' <Predicate = true> <Delay = 0.00>
ST_8 : Operation 159 [1/1] (0.00ns)   --->   "%trunc_ln67_4 = trunc i32 %acc_4_load" [LabA_3/array_io.c:67]   --->   Operation 159 'trunc' 'trunc_ln67_4' <Predicate = true> <Delay = 0.00>
ST_8 : Operation 160 [1/1] (1.12ns)   --->   "%add_ln69_4 = add i16 %d_i_0_load_4, i16 %trunc_ln67_4" [LabA_3/array_io.c:69]   --->   Operation 160 'add' 'add_ln69_4' <Predicate = true> <Delay = 1.12> <CoreInst = "Adder">   --->   Core 1 'Adder' <Latency = 0> <II = 1> <Delay = 1.12> <FuncUnit> <Opcode : 'add' 'sub'> <InPorts = 2> <OutPorts = 1>
ST_8 : Operation 161 [1/1] (0.00ns)   --->   "%d_o_0_addr_4 = getelementptr i16 %d_o_0, i64 0, i64 4" [LabA_3/array_io.c:69]   --->   Operation 161 'getelementptr' 'd_o_0_addr_4' <Predicate = true> <Delay = 0.00>
ST_8 : Operation 162 [1/1] (0.73ns)   --->   "%store_ln69 = store i16 %add_ln69_4, i3 %d_o_0_addr_4" [LabA_3/array_io.c:69]   --->   Operation 162 'store' 'store_ln69' <Predicate = true> <Delay = 0.73> <CoreInst = "RAM">   --->   Core 83 'RAM' <Latency = 1> <II = 1> <Delay = 0.73> <Storage> <Opcode : 'load' 'store'> <Ports = 2> <Width = 16> <Depth = 8> <RAM>
ST_8 : Operation 163 [1/1] (0.00ns)   --->   "%acc_5_load = load i32 %acc_5" [LabA_3/array_io.c:67]   --->   Operation 163 'load' 'acc_5_load' <Predicate = true> <Delay = 0.00>
ST_8 : Operation 164 [1/1] (0.00ns)   --->   "%trunc_ln67_5 = trunc i32 %acc_5_load" [LabA_3/array_io.c:67]   --->   Operation 164 'trunc' 'trunc_ln67_5' <Predicate = true> <Delay = 0.00>
ST_8 : Operation 165 [1/1] (1.12ns)   --->   "%add_ln69_5 = add i16 %d_i_0_load_5, i16 %trunc_ln67_5" [LabA_3/array_io.c:69]   --->   Operation 165 'add' 'add_ln69_5' <Predicate = true> <Delay = 1.12> <CoreInst = "Adder">   --->   Core 1 'Adder' <Latency = 0> <II = 1> <Delay = 1.12> <FuncUnit> <Opcode : 'add' 'sub'> <InPorts = 2> <OutPorts = 1>
ST_8 : Operation 166 [1/1] (0.00ns)   --->   "%d_o_0_addr_5 = getelementptr i16 %d_o_0, i64 0, i64 5" [LabA_3/array_io.c:69]   --->   Operation 166 'getelementptr' 'd_o_0_addr_5' <Predicate = true> <Delay = 0.00>
ST_8 : Operation 167 [1/1] (0.73ns)   --->   "%store_ln69 = store i16 %add_ln69_5, i3 %d_o_0_addr_5" [LabA_3/array_io.c:69]   --->   Operation 167 'store' 'store_ln69' <Predicate = true> <Delay = 0.73> <CoreInst = "RAM">   --->   Core 83 'RAM' <Latency = 1> <II = 1> <Delay = 0.73> <Storage> <Opcode : 'load' 'store'> <Ports = 2> <Width = 16> <Depth = 8> <RAM>
ST_8 : Operation 168 [1/1] (0.00ns)   --->   "%sext_ln69_2 = sext i16 %d_i_0_load_10" [LabA_3/array_io.c:69]   --->   Operation 168 'sext' 'sext_ln69_2' <Predicate = true> <Delay = 0.00>
ST_8 : Operation 169 [1/1] (0.00ns)   --->   "%d_o_1_addr_2 = getelementptr i16 %d_o_1, i64 0, i64 2" [LabA_3/array_io.c:69]   --->   Operation 169 'getelementptr' 'd_o_1_addr_2' <Predicate = true> <Delay = 0.00>
ST_8 : Operation 170 [1/1] (0.73ns)   --->   "%store_ln69 = store i16 %add_ln69_10, i3 %d_o_1_addr_2" [LabA_3/array_io.c:69]   --->   Operation 170 'store' 'store_ln69' <Predicate = true> <Delay = 0.73> <CoreInst = "RAM">   --->   Core 83 'RAM' <Latency = 1> <II = 1> <Delay = 0.73> <Storage> <Opcode : 'load' 'store'> <Ports = 2> <Width = 16> <Depth = 8> <RAM>
ST_8 : Operation 171 [1/1] (0.00ns)   --->   "%sext_ln69_3 = sext i16 %d_i_0_load_11" [LabA_3/array_io.c:69]   --->   Operation 171 'sext' 'sext_ln69_3' <Predicate = true> <Delay = 0.00>
ST_8 : Operation 172 [1/1] (0.00ns)   --->   "%d_o_1_addr_3 = getelementptr i16 %d_o_1, i64 0, i64 3" [LabA_3/array_io.c:69]   --->   Operation 172 'getelementptr' 'd_o_1_addr_3' <Predicate = true> <Delay = 0.00>
ST_8 : Operation 173 [1/1] (0.73ns)   --->   "%store_ln69 = store i16 %add_ln69_11, i3 %d_o_1_addr_3" [LabA_3/array_io.c:69]   --->   Operation 173 'store' 'store_ln69' <Predicate = true> <Delay = 0.73> <CoreInst = "RAM">   --->   Core 83 'RAM' <Latency = 1> <II = 1> <Delay = 0.73> <Storage> <Opcode : 'load' 'store'> <Ports = 2> <Width = 16> <Depth = 8> <RAM>
ST_8 : Operation 174 [1/2] (0.73ns)   --->   "%d_i_0_load_12 = load i4 %d_i_0_addr_12" [LabA_3/array_io.c:67]   --->   Operation 174 'load' 'd_i_0_load_12' <Predicate = true> <Delay = 0.73> <CoreInst = "RAM">   --->   Core 83 'RAM' <Latency = 1> <II = 1> <Delay = 0.73> <Storage> <Opcode : 'load' 'store'> <Ports = 2> <Width = 16> <Depth = 16> <RAM>
ST_8 : Operation 175 [1/1] (1.12ns)   --->   "%add_ln69_12 = add i16 %d_i_0_load_12, i16 %add_ln69_4" [LabA_3/array_io.c:69]   --->   Operation 175 'add' 'add_ln69_12' <Predicate = true> <Delay = 1.12> <CoreInst = "Adder">   --->   Core 1 'Adder' <Latency = 0> <II = 1> <Delay = 1.12> <FuncUnit> <Opcode : 'add' 'sub'> <InPorts = 2> <OutPorts = 1>
ST_8 : Operation 176 [1/2] (0.73ns)   --->   "%d_i_0_load_13 = load i4 %d_i_0_addr_13" [LabA_3/array_io.c:67]   --->   Operation 176 'load' 'd_i_0_load_13' <Predicate = true> <Delay = 0.73> <CoreInst = "RAM">   --->   Core 83 'RAM' <Latency = 1> <II = 1> <Delay = 0.73> <Storage> <Opcode : 'load' 'store'> <Ports = 2> <Width = 16> <Depth = 16> <RAM>
ST_8 : Operation 177 [1/1] (1.12ns)   --->   "%add_ln69_13 = add i16 %d_i_0_load_13, i16 %add_ln69_5" [LabA_3/array_io.c:69]   --->   Operation 177 'add' 'add_ln69_13' <Predicate = true> <Delay = 1.12> <CoreInst = "Adder">   --->   Core 1 'Adder' <Latency = 0> <II = 1> <Delay = 1.12> <FuncUnit> <Opcode : 'add' 'sub'> <InPorts = 2> <OutPorts = 1>
ST_8 : Operation 178 [1/1] (0.00ns)   --->   "%d_i_0_addr_14 = getelementptr i16 %d_i_0, i64 0, i64 14" [LabA_3/array_io.c:67]   --->   Operation 178 'getelementptr' 'd_i_0_addr_14' <Predicate = true> <Delay = 0.00>
ST_8 : Operation 179 [2/2] (0.73ns)   --->   "%d_i_0_load_14 = load i4 %d_i_0_addr_14" [LabA_3/array_io.c:67]   --->   Operation 179 'load' 'd_i_0_load_14' <Predicate = true> <Delay = 0.73> <CoreInst = "RAM">   --->   Core 83 'RAM' <Latency = 1> <II = 1> <Delay = 0.73> <Storage> <Opcode : 'load' 'store'> <Ports = 2> <Width = 16> <Depth = 16> <RAM>
ST_8 : Operation 180 [1/1] (0.00ns)   --->   "%d_i_0_addr_15 = getelementptr i16 %d_i_0, i64 0, i64 15" [LabA_3/array_io.c:67]   --->   Operation 180 'getelementptr' 'd_i_0_addr_15' <Predicate = true> <Delay = 0.00>
ST_8 : Operation 181 [2/2] (0.73ns)   --->   "%d_i_0_load_15 = load i4 %d_i_0_addr_15" [LabA_3/array_io.c:67]   --->   Operation 181 'load' 'd_i_0_load_15' <Predicate = true> <Delay = 0.73> <CoreInst = "RAM">   --->   Core 83 'RAM' <Latency = 1> <II = 1> <Delay = 0.73> <Storage> <Opcode : 'load' 'store'> <Ports = 2> <Width = 16> <Depth = 16> <RAM>
ST_8 : Operation 182 [1/1] (1.12ns)   --->   "%add_ln69_18 = add i16 %d_i_1_load_2, i16 %add_ln69_10" [LabA_3/array_io.c:69]   --->   Operation 182 'add' 'add_ln69_18' <Predicate = true> <Delay = 1.12> <CoreInst = "Adder">   --->   Core 1 'Adder' <Latency = 0> <II = 1> <Delay = 1.12> <FuncUnit> <Opcode : 'add' 'sub'> <InPorts = 2> <OutPorts = 1>
ST_8 : Operation 183 [1/1] (0.00ns)   --->   "%d_o_2_addr_2 = getelementptr i16 %d_o_2, i64 0, i64 2" [LabA_3/array_io.c:69]   --->   Operation 183 'getelementptr' 'd_o_2_addr_2' <Predicate = true> <Delay = 0.00>
ST_8 : Operation 184 [1/1] (0.73ns)   --->   "%store_ln69 = store i16 %add_ln69_18, i3 %d_o_2_addr_2" [LabA_3/array_io.c:69]   --->   Operation 184 'store' 'store_ln69' <Predicate = true> <Delay = 0.73> <CoreInst = "RAM">   --->   Core 83 'RAM' <Latency = 1> <II = 1> <Delay = 0.73> <Storage> <Opcode : 'load' 'store'> <Ports = 2> <Width = 16> <Depth = 8> <RAM>
ST_8 : Operation 185 [1/1] (1.12ns)   --->   "%add_ln69_19 = add i16 %d_i_1_load_3, i16 %add_ln69_11" [LabA_3/array_io.c:69]   --->   Operation 185 'add' 'add_ln69_19' <Predicate = true> <Delay = 1.12> <CoreInst = "Adder">   --->   Core 1 'Adder' <Latency = 0> <II = 1> <Delay = 1.12> <FuncUnit> <Opcode : 'add' 'sub'> <InPorts = 2> <OutPorts = 1>
ST_8 : Operation 186 [1/1] (0.00ns)   --->   "%d_o_2_addr_3 = getelementptr i16 %d_o_2, i64 0, i64 3" [LabA_3/array_io.c:69]   --->   Operation 186 'getelementptr' 'd_o_2_addr_3' <Predicate = true> <Delay = 0.00>
ST_8 : Operation 187 [1/1] (0.73ns)   --->   "%store_ln69 = store i16 %add_ln69_19, i3 %d_o_2_addr_3" [LabA_3/array_io.c:69]   --->   Operation 187 'store' 'store_ln69' <Predicate = true> <Delay = 0.73> <CoreInst = "RAM">   --->   Core 83 'RAM' <Latency = 1> <II = 1> <Delay = 0.73> <Storage> <Opcode : 'load' 'store'> <Ports = 2> <Width = 16> <Depth = 8> <RAM>
ST_8 : Operation 188 [1/1] (0.00ns)   --->   "%sext_ln69_12 = sext i16 %d_i_1_load_4" [LabA_3/array_io.c:69]   --->   Operation 188 'sext' 'sext_ln69_12' <Predicate = true> <Delay = 0.00>
ST_8 : Operation 189 [1/1] (0.00ns)   --->   "%sext_ln69_13 = sext i16 %d_i_1_load_5" [LabA_3/array_io.c:69]   --->   Operation 189 'sext' 'sext_ln69_13' <Predicate = true> <Delay = 0.00>
ST_8 : Operation 190 [1/1] (0.00ns)   --->   "%d_o_3_addr = getelementptr i16 %d_o_3, i64 0, i64 0" [LabA_3/array_io.c:69]   --->   Operation 190 'getelementptr' 'd_o_3_addr' <Predicate = true> <Delay = 0.00>
ST_8 : Operation 191 [1/1] (0.73ns)   --->   "%store_ln69 = store i16 %add_ln69_24, i3 %d_o_3_addr" [LabA_3/array_io.c:69]   --->   Operation 191 'store' 'store_ln69' <Predicate = true> <Delay = 0.73> <CoreInst = "RAM">   --->   Core 83 'RAM' <Latency = 1> <II = 1> <Delay = 0.73> <Storage> <Opcode : 'load' 'store'> <Ports = 2> <Width = 16> <Depth = 8> <RAM>
ST_8 : Operation 192 [1/1] (0.00ns)   --->   "%d_o_3_addr_1 = getelementptr i16 %d_o_3, i64 0, i64 1" [LabA_3/array_io.c:69]   --->   Operation 192 'getelementptr' 'd_o_3_addr_1' <Predicate = true> <Delay = 0.00>
ST_8 : Operation 193 [1/1] (0.73ns)   --->   "%store_ln69 = store i16 %add_ln69_25, i3 %d_o_3_addr_1" [LabA_3/array_io.c:69]   --->   Operation 193 'store' 'store_ln69' <Predicate = true> <Delay = 0.73> <CoreInst = "RAM">   --->   Core 83 'RAM' <Latency = 1> <II = 1> <Delay = 0.73> <Storage> <Opcode : 'load' 'store'> <Ports = 2> <Width = 16> <Depth = 8> <RAM>
ST_8 : Operation 194 [1/1] (0.00ns) (grouped into TernaryAdder)   --->   "%add_ln67_8 = add i32 %acc_2_load, i32 %sext_ln67_2" [LabA_3/array_io.c:67]   --->   Operation 194 'add' 'add_ln67_8' <Predicate = true> <Delay = 0.00> <CoreInst = "TAddSub">   --->   Core 10 'TAddSub' <Latency = 0> <II = 1> <Delay = 0.45> <IPBlock> <Opcode : 'add' 'sub'> <InPorts = 3> <OutPorts = 1> <Sync> <CReg>
ST_8 : Operation 195 [1/1] (0.00ns)   --->   "%sext_ln67_15 = sext i17 %add_ln67_9" [LabA_3/array_io.c:67]   --->   Operation 195 'sext' 'sext_ln67_15' <Predicate = true> <Delay = 0.00>
ST_8 : Operation 196 [1/1] (1.12ns)   --->   "%add_ln67_10 = add i18 %sext_ln67_15, i18 %sext_ln69_2" [LabA_3/array_io.c:67]   --->   Operation 196 'add' 'add_ln67_10' <Predicate = true> <Delay = 1.12> <CoreInst = "Adder">   --->   Core 1 'Adder' <Latency = 0> <II = 1> <Delay = 1.12> <FuncUnit> <Opcode : 'add' 'sub'> <InPorts = 2> <OutPorts = 1>
ST_8 : Operation 197 [1/1] (0.00ns)   --->   "%sext_ln67_16 = sext i18 %add_ln67_10" [LabA_3/array_io.c:67]   --->   Operation 197 'sext' 'sext_ln67_16' <Predicate = true> <Delay = 0.00>
ST_8 : Operation 198 [1/1] (0.90ns) (root node of TernaryAdder)   --->   "%temp_2 = add i32 %sext_ln67_16, i32 %add_ln67_8" [LabA_3/array_io.c:67]   --->   Operation 198 'add' 'temp_2' <Predicate = true> <Delay = 0.90> <CoreInst = "TAddSub">   --->   Core 10 'TAddSub' <Latency = 0> <II = 1> <Delay = 0.45> <IPBlock> <Opcode : 'add' 'sub'> <InPorts = 3> <OutPorts = 1> <Sync> <CReg>
ST_8 : Operation 199 [1/1] (0.00ns)   --->   "%store_ln68 = store i32 %temp_2, i32 %acc_2" [LabA_3/array_io.c:68]   --->   Operation 199 'store' 'store_ln68' <Predicate = true> <Delay = 0.00>
ST_8 : Operation 200 [1/1] (1.12ns)   --->   "%add_ln69_26 = add i16 %d_i_1_load_10, i16 %add_ln69_18" [LabA_3/array_io.c:69]   --->   Operation 200 'add' 'add_ln69_26' <Predicate = true> <Delay = 1.12> <CoreInst = "Adder">   --->   Core 1 'Adder' <Latency = 0> <II = 1> <Delay = 1.12> <FuncUnit> <Opcode : 'add' 'sub'> <InPorts = 2> <OutPorts = 1>
ST_8 : Operation 201 [1/1] (0.00ns) (grouped into TernaryAdder)   --->   "%add_ln67_12 = add i32 %acc_3_load, i32 %sext_ln67_3" [LabA_3/array_io.c:67]   --->   Operation 201 'add' 'add_ln67_12' <Predicate = true> <Delay = 0.00> <CoreInst = "TAddSub">   --->   Core 10 'TAddSub' <Latency = 0> <II = 1> <Delay = 0.45> <IPBlock> <Opcode : 'add' 'sub'> <InPorts = 3> <OutPorts = 1> <Sync> <CReg>
ST_8 : Operation 202 [1/1] (0.00ns)   --->   "%sext_ln67_18 = sext i17 %add_ln67_13" [LabA_3/array_io.c:67]   --->   Operation 202 'sext' 'sext_ln67_18' <Predicate = true> <Delay = 0.00>
ST_8 : Operation 203 [1/1] (1.12ns)   --->   "%add_ln67_14 = add i18 %sext_ln67_18, i18 %sext_ln69_3" [LabA_3/array_io.c:67]   --->   Operation 203 'add' 'add_ln67_14' <Predicate = true> <Delay = 1.12> <CoreInst = "Adder">   --->   Core 1 'Adder' <Latency = 0> <II = 1> <Delay = 1.12> <FuncUnit> <Opcode : 'add' 'sub'> <InPorts = 2> <OutPorts = 1>
ST_8 : Operation 204 [1/1] (0.00ns)   --->   "%sext_ln67_19 = sext i18 %add_ln67_14" [LabA_3/array_io.c:67]   --->   Operation 204 'sext' 'sext_ln67_19' <Predicate = true> <Delay = 0.00>
ST_8 : Operation 205 [1/1] (0.90ns) (root node of TernaryAdder)   --->   "%temp_3 = add i32 %sext_ln67_19, i32 %add_ln67_12" [LabA_3/array_io.c:67]   --->   Operation 205 'add' 'temp_3' <Predicate = true> <Delay = 0.90> <CoreInst = "TAddSub">   --->   Core 10 'TAddSub' <Latency = 0> <II = 1> <Delay = 0.45> <IPBlock> <Opcode : 'add' 'sub'> <InPorts = 3> <OutPorts = 1> <Sync> <CReg>
ST_8 : Operation 206 [1/1] (0.00ns)   --->   "%store_ln68 = store i32 %temp_3, i32 %acc_3" [LabA_3/array_io.c:68]   --->   Operation 206 'store' 'store_ln68' <Predicate = true> <Delay = 0.00>
ST_8 : Operation 207 [1/1] (1.12ns)   --->   "%add_ln69_27 = add i16 %d_i_1_load_11, i16 %add_ln69_19" [LabA_3/array_io.c:69]   --->   Operation 207 'add' 'add_ln69_27' <Predicate = true> <Delay = 1.12> <CoreInst = "Adder">   --->   Core 1 'Adder' <Latency = 0> <II = 1> <Delay = 1.12> <FuncUnit> <Opcode : 'add' 'sub'> <InPorts = 2> <OutPorts = 1>
ST_8 : Operation 208 [1/2] (0.73ns)   --->   "%d_i_1_load_12 = load i4 %d_i_1_addr_12" [LabA_3/array_io.c:67]   --->   Operation 208 'load' 'd_i_1_load_12' <Predicate = true> <Delay = 0.73> <CoreInst = "RAM">   --->   Core 83 'RAM' <Latency = 1> <II = 1> <Delay = 0.73> <Storage> <Opcode : 'load' 'store'> <Ports = 2> <Width = 16> <Depth = 16> <RAM>
ST_8 : Operation 209 [1/1] (0.00ns)   --->   "%sext_ln67_20 = sext i16 %d_i_1_load_12" [LabA_3/array_io.c:67]   --->   Operation 209 'sext' 'sext_ln67_20' <Predicate = true> <Delay = 0.00>
ST_8 : Operation 210 [1/1] (1.12ns)   --->   "%add_ln67_17 = add i17 %sext_ln69_12, i17 %sext_ln67_20" [LabA_3/array_io.c:67]   --->   Operation 210 'add' 'add_ln67_17' <Predicate = true> <Delay = 1.12> <CoreInst = "Adder">   --->   Core 1 'Adder' <Latency = 0> <II = 1> <Delay = 1.12> <FuncUnit> <Opcode : 'add' 'sub'> <InPorts = 2> <OutPorts = 1>
ST_8 : Operation 211 [1/2] (0.73ns)   --->   "%d_i_1_load_13 = load i4 %d_i_1_addr_13" [LabA_3/array_io.c:67]   --->   Operation 211 'load' 'd_i_1_load_13' <Predicate = true> <Delay = 0.73> <CoreInst = "RAM">   --->   Core 83 'RAM' <Latency = 1> <II = 1> <Delay = 0.73> <Storage> <Opcode : 'load' 'store'> <Ports = 2> <Width = 16> <Depth = 16> <RAM>
ST_8 : Operation 212 [1/1] (0.00ns)   --->   "%sext_ln67_23 = sext i16 %d_i_1_load_13" [LabA_3/array_io.c:67]   --->   Operation 212 'sext' 'sext_ln67_23' <Predicate = true> <Delay = 0.00>
ST_8 : Operation 213 [1/1] (1.12ns)   --->   "%add_ln67_21 = add i17 %sext_ln69_13, i17 %sext_ln67_23" [LabA_3/array_io.c:67]   --->   Operation 213 'add' 'add_ln67_21' <Predicate = true> <Delay = 1.12> <CoreInst = "Adder">   --->   Core 1 'Adder' <Latency = 0> <II = 1> <Delay = 1.12> <FuncUnit> <Opcode : 'add' 'sub'> <InPorts = 2> <OutPorts = 1>
ST_8 : Operation 214 [1/1] (0.00ns)   --->   "%d_i_1_addr_14 = getelementptr i16 %d_i_1, i64 0, i64 14" [LabA_3/array_io.c:67]   --->   Operation 214 'getelementptr' 'd_i_1_addr_14' <Predicate = true> <Delay = 0.00>
ST_8 : Operation 215 [2/2] (0.73ns)   --->   "%d_i_1_load_14 = load i4 %d_i_1_addr_14" [LabA_3/array_io.c:67]   --->   Operation 215 'load' 'd_i_1_load_14' <Predicate = true> <Delay = 0.73> <CoreInst = "RAM">   --->   Core 83 'RAM' <Latency = 1> <II = 1> <Delay = 0.73> <Storage> <Opcode : 'load' 'store'> <Ports = 2> <Width = 16> <Depth = 16> <RAM>
ST_8 : Operation 216 [1/1] (0.00ns)   --->   "%d_i_1_addr_15 = getelementptr i16 %d_i_1, i64 0, i64 15" [LabA_3/array_io.c:67]   --->   Operation 216 'getelementptr' 'd_i_1_addr_15' <Predicate = true> <Delay = 0.00>
ST_8 : Operation 217 [2/2] (0.73ns)   --->   "%d_i_1_load_15 = load i4 %d_i_1_addr_15" [LabA_3/array_io.c:67]   --->   Operation 217 'load' 'd_i_1_load_15' <Predicate = true> <Delay = 0.73> <CoreInst = "RAM">   --->   Core 83 'RAM' <Latency = 1> <II = 1> <Delay = 0.73> <Storage> <Opcode : 'load' 'store'> <Ports = 2> <Width = 16> <Depth = 16> <RAM>

State 9 <SV = 8> <Delay = 2.24>
ST_9 : Operation 218 [1/1] (0.00ns)   --->   "%sext_ln67_4 = sext i16 %d_i_0_load_4" [LabA_3/array_io.c:67]   --->   Operation 218 'sext' 'sext_ln67_4' <Predicate = true> <Delay = 0.00>
ST_9 : Operation 219 [1/1] (0.00ns)   --->   "%sext_ln67_5 = sext i16 %d_i_0_load_5" [LabA_3/array_io.c:67]   --->   Operation 219 'sext' 'sext_ln67_5' <Predicate = true> <Delay = 0.00>
ST_9 : Operation 220 [1/1] (0.00ns)   --->   "%acc_6_load = load i32 %acc_6" [LabA_3/array_io.c:67]   --->   Operation 220 'load' 'acc_6_load' <Predicate = true> <Delay = 0.00>
ST_9 : Operation 221 [1/1] (0.00ns)   --->   "%trunc_ln67_6 = trunc i32 %acc_6_load" [LabA_3/array_io.c:67]   --->   Operation 221 'trunc' 'trunc_ln67_6' <Predicate = true> <Delay = 0.00>
ST_9 : Operation 222 [1/1] (1.12ns)   --->   "%add_ln69_6 = add i16 %d_i_0_load_6, i16 %trunc_ln67_6" [LabA_3/array_io.c:69]   --->   Operation 222 'add' 'add_ln69_6' <Predicate = true> <Delay = 1.12> <CoreInst = "Adder">   --->   Core 1 'Adder' <Latency = 0> <II = 1> <Delay = 1.12> <FuncUnit> <Opcode : 'add' 'sub'> <InPorts = 2> <OutPorts = 1>
ST_9 : Operation 223 [1/1] (0.00ns)   --->   "%d_o_0_addr_6 = getelementptr i16 %d_o_0, i64 0, i64 6" [LabA_3/array_io.c:69]   --->   Operation 223 'getelementptr' 'd_o_0_addr_6' <Predicate = true> <Delay = 0.00>
ST_9 : Operation 224 [1/1] (0.73ns)   --->   "%store_ln69 = store i16 %add_ln69_6, i3 %d_o_0_addr_6" [LabA_3/array_io.c:69]   --->   Operation 224 'store' 'store_ln69' <Predicate = true> <Delay = 0.73> <CoreInst = "RAM">   --->   Core 83 'RAM' <Latency = 1> <II = 1> <Delay = 0.73> <Storage> <Opcode : 'load' 'store'> <Ports = 2> <Width = 16> <Depth = 8> <RAM>
ST_9 : Operation 225 [1/1] (0.00ns)   --->   "%acc_7_load = load i32 %acc_7" [LabA_3/array_io.c:67]   --->   Operation 225 'load' 'acc_7_load' <Predicate = true> <Delay = 0.00>
ST_9 : Operation 226 [1/1] (0.00ns)   --->   "%trunc_ln67_7 = trunc i32 %acc_7_load" [LabA_3/array_io.c:67]   --->   Operation 226 'trunc' 'trunc_ln67_7' <Predicate = true> <Delay = 0.00>
ST_9 : Operation 227 [1/1] (1.12ns)   --->   "%add_ln69_7 = add i16 %d_i_0_load_7, i16 %trunc_ln67_7" [LabA_3/array_io.c:69]   --->   Operation 227 'add' 'add_ln69_7' <Predicate = true> <Delay = 1.12> <CoreInst = "Adder">   --->   Core 1 'Adder' <Latency = 0> <II = 1> <Delay = 1.12> <FuncUnit> <Opcode : 'add' 'sub'> <InPorts = 2> <OutPorts = 1>
ST_9 : Operation 228 [1/1] (0.00ns)   --->   "%d_o_0_addr_7 = getelementptr i16 %d_o_0, i64 0, i64 7" [LabA_3/array_io.c:69]   --->   Operation 228 'getelementptr' 'd_o_0_addr_7' <Predicate = true> <Delay = 0.00>
ST_9 : Operation 229 [1/1] (0.73ns)   --->   "%store_ln69 = store i16 %add_ln69_7, i3 %d_o_0_addr_7" [LabA_3/array_io.c:69]   --->   Operation 229 'store' 'store_ln69' <Predicate = true> <Delay = 0.73> <CoreInst = "RAM">   --->   Core 83 'RAM' <Latency = 1> <II = 1> <Delay = 0.73> <Storage> <Opcode : 'load' 'store'> <Ports = 2> <Width = 16> <Depth = 8> <RAM>
ST_9 : Operation 230 [1/1] (0.00ns)   --->   "%sext_ln69_4 = sext i16 %d_i_0_load_12" [LabA_3/array_io.c:69]   --->   Operation 230 'sext' 'sext_ln69_4' <Predicate = true> <Delay = 0.00>
ST_9 : Operation 231 [1/1] (0.00ns)   --->   "%d_o_1_addr_4 = getelementptr i16 %d_o_1, i64 0, i64 4" [LabA_3/array_io.c:69]   --->   Operation 231 'getelementptr' 'd_o_1_addr_4' <Predicate = true> <Delay = 0.00>
ST_9 : Operation 232 [1/1] (0.73ns)   --->   "%store_ln69 = store i16 %add_ln69_12, i3 %d_o_1_addr_4" [LabA_3/array_io.c:69]   --->   Operation 232 'store' 'store_ln69' <Predicate = true> <Delay = 0.73> <CoreInst = "RAM">   --->   Core 83 'RAM' <Latency = 1> <II = 1> <Delay = 0.73> <Storage> <Opcode : 'load' 'store'> <Ports = 2> <Width = 16> <Depth = 8> <RAM>
ST_9 : Operation 233 [1/1] (0.00ns)   --->   "%sext_ln69_5 = sext i16 %d_i_0_load_13" [LabA_3/array_io.c:69]   --->   Operation 233 'sext' 'sext_ln69_5' <Predicate = true> <Delay = 0.00>
ST_9 : Operation 234 [1/1] (0.00ns)   --->   "%d_o_1_addr_5 = getelementptr i16 %d_o_1, i64 0, i64 5" [LabA_3/array_io.c:69]   --->   Operation 234 'getelementptr' 'd_o_1_addr_5' <Predicate = true> <Delay = 0.00>
ST_9 : Operation 235 [1/1] (0.73ns)   --->   "%store_ln69 = store i16 %add_ln69_13, i3 %d_o_1_addr_5" [LabA_3/array_io.c:69]   --->   Operation 235 'store' 'store_ln69' <Predicate = true> <Delay = 0.73> <CoreInst = "RAM">   --->   Core 83 'RAM' <Latency = 1> <II = 1> <Delay = 0.73> <Storage> <Opcode : 'load' 'store'> <Ports = 2> <Width = 16> <Depth = 8> <RAM>
ST_9 : Operation 236 [1/2] (0.73ns)   --->   "%d_i_0_load_14 = load i4 %d_i_0_addr_14" [LabA_3/array_io.c:67]   --->   Operation 236 'load' 'd_i_0_load_14' <Predicate = true> <Delay = 0.73> <CoreInst = "RAM">   --->   Core 83 'RAM' <Latency = 1> <II = 1> <Delay = 0.73> <Storage> <Opcode : 'load' 'store'> <Ports = 2> <Width = 16> <Depth = 16> <RAM>
ST_9 : Operation 237 [1/1] (1.12ns)   --->   "%add_ln69_14 = add i16 %d_i_0_load_14, i16 %add_ln69_6" [LabA_3/array_io.c:69]   --->   Operation 237 'add' 'add_ln69_14' <Predicate = true> <Delay = 1.12> <CoreInst = "Adder">   --->   Core 1 'Adder' <Latency = 0> <II = 1> <Delay = 1.12> <FuncUnit> <Opcode : 'add' 'sub'> <InPorts = 2> <OutPorts = 1>
ST_9 : Operation 238 [1/2] (0.73ns)   --->   "%d_i_0_load_15 = load i4 %d_i_0_addr_15" [LabA_3/array_io.c:67]   --->   Operation 238 'load' 'd_i_0_load_15' <Predicate = true> <Delay = 0.73> <CoreInst = "RAM">   --->   Core 83 'RAM' <Latency = 1> <II = 1> <Delay = 0.73> <Storage> <Opcode : 'load' 'store'> <Ports = 2> <Width = 16> <Depth = 16> <RAM>
ST_9 : Operation 239 [1/1] (1.12ns)   --->   "%add_ln69_15 = add i16 %d_i_0_load_15, i16 %add_ln69_7" [LabA_3/array_io.c:69]   --->   Operation 239 'add' 'add_ln69_15' <Predicate = true> <Delay = 1.12> <CoreInst = "Adder">   --->   Core 1 'Adder' <Latency = 0> <II = 1> <Delay = 1.12> <FuncUnit> <Opcode : 'add' 'sub'> <InPorts = 2> <OutPorts = 1>
ST_9 : Operation 240 [1/1] (1.12ns)   --->   "%add_ln69_20 = add i16 %d_i_1_load_4, i16 %add_ln69_12" [LabA_3/array_io.c:69]   --->   Operation 240 'add' 'add_ln69_20' <Predicate = true> <Delay = 1.12> <CoreInst = "Adder">   --->   Core 1 'Adder' <Latency = 0> <II = 1> <Delay = 1.12> <FuncUnit> <Opcode : 'add' 'sub'> <InPorts = 2> <OutPorts = 1>
ST_9 : Operation 241 [1/1] (0.00ns)   --->   "%d_o_2_addr_4 = getelementptr i16 %d_o_2, i64 0, i64 4" [LabA_3/array_io.c:69]   --->   Operation 241 'getelementptr' 'd_o_2_addr_4' <Predicate = true> <Delay = 0.00>
ST_9 : Operation 242 [1/1] (0.73ns)   --->   "%store_ln69 = store i16 %add_ln69_20, i3 %d_o_2_addr_4" [LabA_3/array_io.c:69]   --->   Operation 242 'store' 'store_ln69' <Predicate = true> <Delay = 0.73> <CoreInst = "RAM">   --->   Core 83 'RAM' <Latency = 1> <II = 1> <Delay = 0.73> <Storage> <Opcode : 'load' 'store'> <Ports = 2> <Width = 16> <Depth = 8> <RAM>
ST_9 : Operation 243 [1/1] (1.12ns)   --->   "%add_ln69_21 = add i16 %d_i_1_load_5, i16 %add_ln69_13" [LabA_3/array_io.c:69]   --->   Operation 243 'add' 'add_ln69_21' <Predicate = true> <Delay = 1.12> <CoreInst = "Adder">   --->   Core 1 'Adder' <Latency = 0> <II = 1> <Delay = 1.12> <FuncUnit> <Opcode : 'add' 'sub'> <InPorts = 2> <OutPorts = 1>
ST_9 : Operation 244 [1/1] (0.00ns)   --->   "%d_o_2_addr_5 = getelementptr i16 %d_o_2, i64 0, i64 5" [LabA_3/array_io.c:69]   --->   Operation 244 'getelementptr' 'd_o_2_addr_5' <Predicate = true> <Delay = 0.00>
ST_9 : Operation 245 [1/1] (0.73ns)   --->   "%store_ln69 = store i16 %add_ln69_21, i3 %d_o_2_addr_5" [LabA_3/array_io.c:69]   --->   Operation 245 'store' 'store_ln69' <Predicate = true> <Delay = 0.73> <CoreInst = "RAM">   --->   Core 83 'RAM' <Latency = 1> <II = 1> <Delay = 0.73> <Storage> <Opcode : 'load' 'store'> <Ports = 2> <Width = 16> <Depth = 8> <RAM>
ST_9 : Operation 246 [1/1] (0.00ns)   --->   "%sext_ln69_14 = sext i16 %d_i_1_load_6" [LabA_3/array_io.c:69]   --->   Operation 246 'sext' 'sext_ln69_14' <Predicate = true> <Delay = 0.00>
ST_9 : Operation 247 [1/1] (0.00ns)   --->   "%sext_ln69_15 = sext i16 %d_i_1_load_7" [LabA_3/array_io.c:69]   --->   Operation 247 'sext' 'sext_ln69_15' <Predicate = true> <Delay = 0.00>
ST_9 : Operation 248 [1/1] (0.00ns)   --->   "%d_o_3_addr_2 = getelementptr i16 %d_o_3, i64 0, i64 2" [LabA_3/array_io.c:69]   --->   Operation 248 'getelementptr' 'd_o_3_addr_2' <Predicate = true> <Delay = 0.00>
ST_9 : Operation 249 [1/1] (0.73ns)   --->   "%store_ln69 = store i16 %add_ln69_26, i3 %d_o_3_addr_2" [LabA_3/array_io.c:69]   --->   Operation 249 'store' 'store_ln69' <Predicate = true> <Delay = 0.73> <CoreInst = "RAM">   --->   Core 83 'RAM' <Latency = 1> <II = 1> <Delay = 0.73> <Storage> <Opcode : 'load' 'store'> <Ports = 2> <Width = 16> <Depth = 8> <RAM>
ST_9 : Operation 250 [1/1] (0.00ns)   --->   "%d_o_3_addr_3 = getelementptr i16 %d_o_3, i64 0, i64 3" [LabA_3/array_io.c:69]   --->   Operation 250 'getelementptr' 'd_o_3_addr_3' <Predicate = true> <Delay = 0.00>
ST_9 : Operation 251 [1/1] (0.73ns)   --->   "%store_ln69 = store i16 %add_ln69_27, i3 %d_o_3_addr_3" [LabA_3/array_io.c:69]   --->   Operation 251 'store' 'store_ln69' <Predicate = true> <Delay = 0.73> <CoreInst = "RAM">   --->   Core 83 'RAM' <Latency = 1> <II = 1> <Delay = 0.73> <Storage> <Opcode : 'load' 'store'> <Ports = 2> <Width = 16> <Depth = 8> <RAM>
ST_9 : Operation 252 [1/1] (0.00ns) (grouped into TernaryAdder)   --->   "%add_ln67_16 = add i32 %acc_4_load, i32 %sext_ln67_4" [LabA_3/array_io.c:67]   --->   Operation 252 'add' 'add_ln67_16' <Predicate = true> <Delay = 0.00> <CoreInst = "TAddSub">   --->   Core 10 'TAddSub' <Latency = 0> <II = 1> <Delay = 0.45> <IPBlock> <Opcode : 'add' 'sub'> <InPorts = 3> <OutPorts = 1> <Sync> <CReg>
ST_9 : Operation 253 [1/1] (0.00ns)   --->   "%sext_ln67_21 = sext i17 %add_ln67_17" [LabA_3/array_io.c:67]   --->   Operation 253 'sext' 'sext_ln67_21' <Predicate = true> <Delay = 0.00>
ST_9 : Operation 254 [1/1] (1.12ns)   --->   "%add_ln67_18 = add i18 %sext_ln67_21, i18 %sext_ln69_4" [LabA_3/array_io.c:67]   --->   Operation 254 'add' 'add_ln67_18' <Predicate = true> <Delay = 1.12> <CoreInst = "Adder">   --->   Core 1 'Adder' <Latency = 0> <II = 1> <Delay = 1.12> <FuncUnit> <Opcode : 'add' 'sub'> <InPorts = 2> <OutPorts = 1>
ST_9 : Operation 255 [1/1] (0.00ns)   --->   "%sext_ln67_22 = sext i18 %add_ln67_18" [LabA_3/array_io.c:67]   --->   Operation 255 'sext' 'sext_ln67_22' <Predicate = true> <Delay = 0.00>
ST_9 : Operation 256 [1/1] (0.90ns) (root node of TernaryAdder)   --->   "%temp_4 = add i32 %sext_ln67_22, i32 %add_ln67_16" [LabA_3/array_io.c:67]   --->   Operation 256 'add' 'temp_4' <Predicate = true> <Delay = 0.90> <CoreInst = "TAddSub">   --->   Core 10 'TAddSub' <Latency = 0> <II = 1> <Delay = 0.45> <IPBlock> <Opcode : 'add' 'sub'> <InPorts = 3> <OutPorts = 1> <Sync> <CReg>
ST_9 : Operation 257 [1/1] (0.00ns)   --->   "%store_ln68 = store i32 %temp_4, i32 %acc_4" [LabA_3/array_io.c:68]   --->   Operation 257 'store' 'store_ln68' <Predicate = true> <Delay = 0.00>
ST_9 : Operation 258 [1/1] (1.12ns)   --->   "%add_ln69_28 = add i16 %d_i_1_load_12, i16 %add_ln69_20" [LabA_3/array_io.c:69]   --->   Operation 258 'add' 'add_ln69_28' <Predicate = true> <Delay = 1.12> <CoreInst = "Adder">   --->   Core 1 'Adder' <Latency = 0> <II = 1> <Delay = 1.12> <FuncUnit> <Opcode : 'add' 'sub'> <InPorts = 2> <OutPorts = 1>
ST_9 : Operation 259 [1/1] (0.00ns) (grouped into TernaryAdder)   --->   "%add_ln67_20 = add i32 %acc_5_load, i32 %sext_ln67_5" [LabA_3/array_io.c:67]   --->   Operation 259 'add' 'add_ln67_20' <Predicate = true> <Delay = 0.00> <CoreInst = "TAddSub">   --->   Core 10 'TAddSub' <Latency = 0> <II = 1> <Delay = 0.45> <IPBlock> <Opcode : 'add' 'sub'> <InPorts = 3> <OutPorts = 1> <Sync> <CReg>
ST_9 : Operation 260 [1/1] (0.00ns)   --->   "%sext_ln67_24 = sext i17 %add_ln67_21" [LabA_3/array_io.c:67]   --->   Operation 260 'sext' 'sext_ln67_24' <Predicate = true> <Delay = 0.00>
ST_9 : Operation 261 [1/1] (1.12ns)   --->   "%add_ln67_22 = add i18 %sext_ln67_24, i18 %sext_ln69_5" [LabA_3/array_io.c:67]   --->   Operation 261 'add' 'add_ln67_22' <Predicate = true> <Delay = 1.12> <CoreInst = "Adder">   --->   Core 1 'Adder' <Latency = 0> <II = 1> <Delay = 1.12> <FuncUnit> <Opcode : 'add' 'sub'> <InPorts = 2> <OutPorts = 1>
ST_9 : Operation 262 [1/1] (0.00ns)   --->   "%sext_ln67_25 = sext i18 %add_ln67_22" [LabA_3/array_io.c:67]   --->   Operation 262 'sext' 'sext_ln67_25' <Predicate = true> <Delay = 0.00>
ST_9 : Operation 263 [1/1] (0.90ns) (root node of TernaryAdder)   --->   "%temp_5 = add i32 %sext_ln67_25, i32 %add_ln67_20" [LabA_3/array_io.c:67]   --->   Operation 263 'add' 'temp_5' <Predicate = true> <Delay = 0.90> <CoreInst = "TAddSub">   --->   Core 10 'TAddSub' <Latency = 0> <II = 1> <Delay = 0.45> <IPBlock> <Opcode : 'add' 'sub'> <InPorts = 3> <OutPorts = 1> <Sync> <CReg>
ST_9 : Operation 264 [1/1] (0.00ns)   --->   "%store_ln68 = store i32 %temp_5, i32 %acc_5" [LabA_3/array_io.c:68]   --->   Operation 264 'store' 'store_ln68' <Predicate = true> <Delay = 0.00>
ST_9 : Operation 265 [1/1] (1.12ns)   --->   "%add_ln69_29 = add i16 %d_i_1_load_13, i16 %add_ln69_21" [LabA_3/array_io.c:69]   --->   Operation 265 'add' 'add_ln69_29' <Predicate = true> <Delay = 1.12> <CoreInst = "Adder">   --->   Core 1 'Adder' <Latency = 0> <II = 1> <Delay = 1.12> <FuncUnit> <Opcode : 'add' 'sub'> <InPorts = 2> <OutPorts = 1>
ST_9 : Operation 266 [1/2] (0.73ns)   --->   "%d_i_1_load_14 = load i4 %d_i_1_addr_14" [LabA_3/array_io.c:67]   --->   Operation 266 'load' 'd_i_1_load_14' <Predicate = true> <Delay = 0.73> <CoreInst = "RAM">   --->   Core 83 'RAM' <Latency = 1> <II = 1> <Delay = 0.73> <Storage> <Opcode : 'load' 'store'> <Ports = 2> <Width = 16> <Depth = 16> <RAM>
ST_9 : Operation 267 [1/1] (0.00ns)   --->   "%sext_ln67_26 = sext i16 %d_i_1_load_14" [LabA_3/array_io.c:67]   --->   Operation 267 'sext' 'sext_ln67_26' <Predicate = true> <Delay = 0.00>
ST_9 : Operation 268 [1/1] (1.12ns)   --->   "%add_ln67_25 = add i17 %sext_ln69_14, i17 %sext_ln67_26" [LabA_3/array_io.c:67]   --->   Operation 268 'add' 'add_ln67_25' <Predicate = true> <Delay = 1.12> <CoreInst = "Adder">   --->   Core 1 'Adder' <Latency = 0> <II = 1> <Delay = 1.12> <FuncUnit> <Opcode : 'add' 'sub'> <InPorts = 2> <OutPorts = 1>
ST_9 : Operation 269 [1/2] (0.73ns)   --->   "%d_i_1_load_15 = load i4 %d_i_1_addr_15" [LabA_3/array_io.c:67]   --->   Operation 269 'load' 'd_i_1_load_15' <Predicate = true> <Delay = 0.73> <CoreInst = "RAM">   --->   Core 83 'RAM' <Latency = 1> <II = 1> <Delay = 0.73> <Storage> <Opcode : 'load' 'store'> <Ports = 2> <Width = 16> <Depth = 16> <RAM>
ST_9 : Operation 270 [1/1] (0.00ns)   --->   "%sext_ln67_29 = sext i16 %d_i_1_load_15" [LabA_3/array_io.c:67]   --->   Operation 270 'sext' 'sext_ln67_29' <Predicate = true> <Delay = 0.00>
ST_9 : Operation 271 [1/1] (1.12ns)   --->   "%add_ln67_29 = add i17 %sext_ln69_15, i17 %sext_ln67_29" [LabA_3/array_io.c:67]   --->   Operation 271 'add' 'add_ln67_29' <Predicate = true> <Delay = 1.12> <CoreInst = "Adder">   --->   Core 1 'Adder' <Latency = 0> <II = 1> <Delay = 1.12> <FuncUnit> <Opcode : 'add' 'sub'> <InPorts = 2> <OutPorts = 1>

State 10 <SV = 9> <Delay = 2.24>
ST_10 : Operation 272 [1/1] (0.00ns)   --->   "%sext_ln67_6 = sext i16 %d_i_0_load_6" [LabA_3/array_io.c:67]   --->   Operation 272 'sext' 'sext_ln67_6' <Predicate = true> <Delay = 0.00>
ST_10 : Operation 273 [1/1] (0.00ns)   --->   "%sext_ln67_7 = sext i16 %d_i_0_load_7" [LabA_3/array_io.c:67]   --->   Operation 273 'sext' 'sext_ln67_7' <Predicate = true> <Delay = 0.00>
ST_10 : Operation 274 [1/1] (0.00ns)   --->   "%sext_ln69_6 = sext i16 %d_i_0_load_14" [LabA_3/array_io.c:69]   --->   Operation 274 'sext' 'sext_ln69_6' <Predicate = true> <Delay = 0.00>
ST_10 : Operation 275 [1/1] (0.00ns)   --->   "%d_o_1_addr_6 = getelementptr i16 %d_o_1, i64 0, i64 6" [LabA_3/array_io.c:69]   --->   Operation 275 'getelementptr' 'd_o_1_addr_6' <Predicate = true> <Delay = 0.00>
ST_10 : Operation 276 [1/1] (0.73ns)   --->   "%store_ln69 = store i16 %add_ln69_14, i3 %d_o_1_addr_6" [LabA_3/array_io.c:69]   --->   Operation 276 'store' 'store_ln69' <Predicate = true> <Delay = 0.73> <CoreInst = "RAM">   --->   Core 83 'RAM' <Latency = 1> <II = 1> <Delay = 0.73> <Storage> <Opcode : 'load' 'store'> <Ports = 2> <Width = 16> <Depth = 8> <RAM>
ST_10 : Operation 277 [1/1] (0.00ns)   --->   "%sext_ln69_7 = sext i16 %d_i_0_load_15" [LabA_3/array_io.c:69]   --->   Operation 277 'sext' 'sext_ln69_7' <Predicate = true> <Delay = 0.00>
ST_10 : Operation 278 [1/1] (0.00ns)   --->   "%d_o_1_addr_7 = getelementptr i16 %d_o_1, i64 0, i64 7" [LabA_3/array_io.c:69]   --->   Operation 278 'getelementptr' 'd_o_1_addr_7' <Predicate = true> <Delay = 0.00>
ST_10 : Operation 279 [1/1] (0.73ns)   --->   "%store_ln69 = store i16 %add_ln69_15, i3 %d_o_1_addr_7" [LabA_3/array_io.c:69]   --->   Operation 279 'store' 'store_ln69' <Predicate = true> <Delay = 0.73> <CoreInst = "RAM">   --->   Core 83 'RAM' <Latency = 1> <II = 1> <Delay = 0.73> <Storage> <Opcode : 'load' 'store'> <Ports = 2> <Width = 16> <Depth = 8> <RAM>
ST_10 : Operation 280 [1/1] (1.12ns)   --->   "%add_ln69_22 = add i16 %d_i_1_load_6, i16 %add_ln69_14" [LabA_3/array_io.c:69]   --->   Operation 280 'add' 'add_ln69_22' <Predicate = true> <Delay = 1.12> <CoreInst = "Adder">   --->   Core 1 'Adder' <Latency = 0> <II = 1> <Delay = 1.12> <FuncUnit> <Opcode : 'add' 'sub'> <InPorts = 2> <OutPorts = 1>
ST_10 : Operation 281 [1/1] (0.00ns)   --->   "%d_o_2_addr_6 = getelementptr i16 %d_o_2, i64 0, i64 6" [LabA_3/array_io.c:69]   --->   Operation 281 'getelementptr' 'd_o_2_addr_6' <Predicate = true> <Delay = 0.00>
ST_10 : Operation 282 [1/1] (0.73ns)   --->   "%store_ln69 = store i16 %add_ln69_22, i3 %d_o_2_addr_6" [LabA_3/array_io.c:69]   --->   Operation 282 'store' 'store_ln69' <Predicate = true> <Delay = 0.73> <CoreInst = "RAM">   --->   Core 83 'RAM' <Latency = 1> <II = 1> <Delay = 0.73> <Storage> <Opcode : 'load' 'store'> <Ports = 2> <Width = 16> <Depth = 8> <RAM>
ST_10 : Operation 283 [1/1] (1.12ns)   --->   "%add_ln69_23 = add i16 %d_i_1_load_7, i16 %add_ln69_15" [LabA_3/array_io.c:69]   --->   Operation 283 'add' 'add_ln69_23' <Predicate = true> <Delay = 1.12> <CoreInst = "Adder">   --->   Core 1 'Adder' <Latency = 0> <II = 1> <Delay = 1.12> <FuncUnit> <Opcode : 'add' 'sub'> <InPorts = 2> <OutPorts = 1>
ST_10 : Operation 284 [1/1] (0.00ns)   --->   "%d_o_2_addr_7 = getelementptr i16 %d_o_2, i64 0, i64 7" [LabA_3/array_io.c:69]   --->   Operation 284 'getelementptr' 'd_o_2_addr_7' <Predicate = true> <Delay = 0.00>
ST_10 : Operation 285 [1/1] (0.73ns)   --->   "%store_ln69 = store i16 %add_ln69_23, i3 %d_o_2_addr_7" [LabA_3/array_io.c:69]   --->   Operation 285 'store' 'store_ln69' <Predicate = true> <Delay = 0.73> <CoreInst = "RAM">   --->   Core 83 'RAM' <Latency = 1> <II = 1> <Delay = 0.73> <Storage> <Opcode : 'load' 'store'> <Ports = 2> <Width = 16> <Depth = 8> <RAM>
ST_10 : Operation 286 [1/1] (0.00ns)   --->   "%d_o_3_addr_4 = getelementptr i16 %d_o_3, i64 0, i64 4" [LabA_3/array_io.c:69]   --->   Operation 286 'getelementptr' 'd_o_3_addr_4' <Predicate = true> <Delay = 0.00>
ST_10 : Operation 287 [1/1] (0.73ns)   --->   "%store_ln69 = store i16 %add_ln69_28, i3 %d_o_3_addr_4" [LabA_3/array_io.c:69]   --->   Operation 287 'store' 'store_ln69' <Predicate = true> <Delay = 0.73> <CoreInst = "RAM">   --->   Core 83 'RAM' <Latency = 1> <II = 1> <Delay = 0.73> <Storage> <Opcode : 'load' 'store'> <Ports = 2> <Width = 16> <Depth = 8> <RAM>
ST_10 : Operation 288 [1/1] (0.00ns)   --->   "%d_o_3_addr_5 = getelementptr i16 %d_o_3, i64 0, i64 5" [LabA_3/array_io.c:69]   --->   Operation 288 'getelementptr' 'd_o_3_addr_5' <Predicate = true> <Delay = 0.00>
ST_10 : Operation 289 [1/1] (0.73ns)   --->   "%store_ln69 = store i16 %add_ln69_29, i3 %d_o_3_addr_5" [LabA_3/array_io.c:69]   --->   Operation 289 'store' 'store_ln69' <Predicate = true> <Delay = 0.73> <CoreInst = "RAM">   --->   Core 83 'RAM' <Latency = 1> <II = 1> <Delay = 0.73> <Storage> <Opcode : 'load' 'store'> <Ports = 2> <Width = 16> <Depth = 8> <RAM>
ST_10 : Operation 290 [1/1] (0.00ns) (grouped into TernaryAdder)   --->   "%add_ln67_24 = add i32 %acc_6_load, i32 %sext_ln67_6" [LabA_3/array_io.c:67]   --->   Operation 290 'add' 'add_ln67_24' <Predicate = true> <Delay = 0.00> <CoreInst = "TAddSub">   --->   Core 10 'TAddSub' <Latency = 0> <II = 1> <Delay = 0.45> <IPBlock> <Opcode : 'add' 'sub'> <InPorts = 3> <OutPorts = 1> <Sync> <CReg>
ST_10 : Operation 291 [1/1] (0.00ns)   --->   "%sext_ln67_27 = sext i17 %add_ln67_25" [LabA_3/array_io.c:67]   --->   Operation 291 'sext' 'sext_ln67_27' <Predicate = true> <Delay = 0.00>
ST_10 : Operation 292 [1/1] (1.12ns)   --->   "%add_ln67_26 = add i18 %sext_ln67_27, i18 %sext_ln69_6" [LabA_3/array_io.c:67]   --->   Operation 292 'add' 'add_ln67_26' <Predicate = true> <Delay = 1.12> <CoreInst = "Adder">   --->   Core 1 'Adder' <Latency = 0> <II = 1> <Delay = 1.12> <FuncUnit> <Opcode : 'add' 'sub'> <InPorts = 2> <OutPorts = 1>
ST_10 : Operation 293 [1/1] (0.00ns)   --->   "%sext_ln67_28 = sext i18 %add_ln67_26" [LabA_3/array_io.c:67]   --->   Operation 293 'sext' 'sext_ln67_28' <Predicate = true> <Delay = 0.00>
ST_10 : Operation 294 [1/1] (0.90ns) (root node of TernaryAdder)   --->   "%temp_6 = add i32 %sext_ln67_28, i32 %add_ln67_24" [LabA_3/array_io.c:67]   --->   Operation 294 'add' 'temp_6' <Predicate = true> <Delay = 0.90> <CoreInst = "TAddSub">   --->   Core 10 'TAddSub' <Latency = 0> <II = 1> <Delay = 0.45> <IPBlock> <Opcode : 'add' 'sub'> <InPorts = 3> <OutPorts = 1> <Sync> <CReg>
ST_10 : Operation 295 [1/1] (0.00ns)   --->   "%store_ln68 = store i32 %temp_6, i32 %acc_6" [LabA_3/array_io.c:68]   --->   Operation 295 'store' 'store_ln68' <Predicate = true> <Delay = 0.00>
ST_10 : Operation 296 [1/1] (1.12ns)   --->   "%add_ln69_30 = add i16 %d_i_1_load_14, i16 %add_ln69_22" [LabA_3/array_io.c:69]   --->   Operation 296 'add' 'add_ln69_30' <Predicate = true> <Delay = 1.12> <CoreInst = "Adder">   --->   Core 1 'Adder' <Latency = 0> <II = 1> <Delay = 1.12> <FuncUnit> <Opcode : 'add' 'sub'> <InPorts = 2> <OutPorts = 1>
ST_10 : Operation 297 [1/1] (0.00ns) (grouped into TernaryAdder)   --->   "%add_ln67_28 = add i32 %acc_7_load, i32 %sext_ln67_7" [LabA_3/array_io.c:67]   --->   Operation 297 'add' 'add_ln67_28' <Predicate = true> <Delay = 0.00> <CoreInst = "TAddSub">   --->   Core 10 'TAddSub' <Latency = 0> <II = 1> <Delay = 0.45> <IPBlock> <Opcode : 'add' 'sub'> <InPorts = 3> <OutPorts = 1> <Sync> <CReg>
ST_10 : Operation 298 [1/1] (0.00ns)   --->   "%sext_ln67_30 = sext i17 %add_ln67_29" [LabA_3/array_io.c:67]   --->   Operation 298 'sext' 'sext_ln67_30' <Predicate = true> <Delay = 0.00>
ST_10 : Operation 299 [1/1] (1.12ns)   --->   "%add_ln67_30 = add i18 %sext_ln67_30, i18 %sext_ln69_7" [LabA_3/array_io.c:67]   --->   Operation 299 'add' 'add_ln67_30' <Predicate = true> <Delay = 1.12> <CoreInst = "Adder">   --->   Core 1 'Adder' <Latency = 0> <II = 1> <Delay = 1.12> <FuncUnit> <Opcode : 'add' 'sub'> <InPorts = 2> <OutPorts = 1>
ST_10 : Operation 300 [1/1] (0.00ns)   --->   "%sext_ln67_31 = sext i18 %add_ln67_30" [LabA_3/array_io.c:67]   --->   Operation 300 'sext' 'sext_ln67_31' <Predicate = true> <Delay = 0.00>
ST_10 : Operation 301 [1/1] (0.90ns) (root node of TernaryAdder)   --->   "%temp_7 = add i32 %sext_ln67_31, i32 %add_ln67_28" [LabA_3/array_io.c:67]   --->   Operation 301 'add' 'temp_7' <Predicate = true> <Delay = 0.90> <CoreInst = "TAddSub">   --->   Core 10 'TAddSub' <Latency = 0> <II = 1> <Delay = 0.45> <IPBlock> <Opcode : 'add' 'sub'> <InPorts = 3> <OutPorts = 1> <Sync> <CReg>
ST_10 : Operation 302 [1/1] (0.00ns)   --->   "%store_ln68 = store i32 %temp_7, i32 %acc_7" [LabA_3/array_io.c:68]   --->   Operation 302 'store' 'store_ln68' <Predicate = true> <Delay = 0.00>
ST_10 : Operation 303 [1/1] (1.12ns)   --->   "%add_ln69_31 = add i16 %d_i_1_load_15, i16 %add_ln69_23" [LabA_3/array_io.c:69]   --->   Operation 303 'add' 'add_ln69_31' <Predicate = true> <Delay = 1.12> <CoreInst = "Adder">   --->   Core 1 'Adder' <Latency = 0> <II = 1> <Delay = 1.12> <FuncUnit> <Opcode : 'add' 'sub'> <InPorts = 2> <OutPorts = 1>

State 11 <SV = 10> <Delay = 0.73>
ST_11 : Operation 304 [1/1] (0.00ns)   --->   "%spectopmodule_ln57 = spectopmodule void @_ssdm_op_SpecTopModule, void @empty_1" [LabA_3/array_io.c:57]   --->   Operation 304 'spectopmodule' 'spectopmodule_ln57' <Predicate = true> <Delay = 0.00>
ST_11 : Operation 305 [1/1] (0.00ns)   --->   "%specinterface_ln0 = specinterface void @_ssdm_op_SpecInterface, i16 %d_o_0, void @empty, i32 0, i32 0, void @empty_0, i32 4294967295, i32 0, void @empty_0, void @empty_0, void @empty_0, i32 0, i32 0, i32 0, i32 0, void @empty_0, void @empty_0, i32 4294967295, i32 0"   --->   Operation 305 'specinterface' 'specinterface_ln0' <Predicate = true> <Delay = 0.00>
ST_11 : Operation 306 [1/1] (0.00ns)   --->   "%specbitsmap_ln0 = specbitsmap void @_ssdm_op_SpecBitsMap, i16 %d_o_0"   --->   Operation 306 'specbitsmap' 'specbitsmap_ln0' <Predicate = true> <Delay = 0.00>
ST_11 : Operation 307 [1/1] (0.00ns)   --->   "%specinterface_ln0 = specinterface void @_ssdm_op_SpecInterface, i16 %d_o_1, void @empty, i32 0, i32 0, void @empty_0, i32 4294967295, i32 0, void @empty_0, void @empty_0, void @empty_0, i32 0, i32 0, i32 0, i32 0, void @empty_0, void @empty_0, i32 4294967295, i32 0"   --->   Operation 307 'specinterface' 'specinterface_ln0' <Predicate = true> <Delay = 0.00>
ST_11 : Operation 308 [1/1] (0.00ns)   --->   "%specbitsmap_ln0 = specbitsmap void @_ssdm_op_SpecBitsMap, i16 %d_o_1"   --->   Operation 308 'specbitsmap' 'specbitsmap_ln0' <Predicate = true> <Delay = 0.00>
ST_11 : Operation 309 [1/1] (0.00ns)   --->   "%specinterface_ln0 = specinterface void @_ssdm_op_SpecInterface, i16 %d_o_2, void @empty, i32 0, i32 0, void @empty_0, i32 4294967295, i32 0, void @empty_0, void @empty_0, void @empty_0, i32 0, i32 0, i32 0, i32 0, void @empty_0, void @empty_0, i32 4294967295, i32 0"   --->   Operation 309 'specinterface' 'specinterface_ln0' <Predicate = true> <Delay = 0.00>
ST_11 : Operation 310 [1/1] (0.00ns)   --->   "%specbitsmap_ln0 = specbitsmap void @_ssdm_op_SpecBitsMap, i16 %d_o_2"   --->   Operation 310 'specbitsmap' 'specbitsmap_ln0' <Predicate = true> <Delay = 0.00>
ST_11 : Operation 311 [1/1] (0.00ns)   --->   "%specinterface_ln0 = specinterface void @_ssdm_op_SpecInterface, i16 %d_o_3, void @empty, i32 0, i32 0, void @empty_0, i32 4294967295, i32 0, void @empty_0, void @empty_0, void @empty_0, i32 0, i32 0, i32 0, i32 0, void @empty_0, void @empty_0, i32 4294967295, i32 0"   --->   Operation 311 'specinterface' 'specinterface_ln0' <Predicate = true> <Delay = 0.00>
ST_11 : Operation 312 [1/1] (0.00ns)   --->   "%specbitsmap_ln0 = specbitsmap void @_ssdm_op_SpecBitsMap, i16 %d_o_3"   --->   Operation 312 'specbitsmap' 'specbitsmap_ln0' <Predicate = true> <Delay = 0.00>
ST_11 : Operation 313 [1/1] (0.00ns)   --->   "%specinterface_ln0 = specinterface void @_ssdm_op_SpecInterface, i16 %d_i_0, void @empty, i32 0, i32 0, void @empty_0, i32 4294967295, i32 0, void @empty_0, void @empty_0, void @empty_0, i32 0, i32 0, i32 0, i32 0, void @empty_0, void @empty_0, i32 4294967295, i32 0"   --->   Operation 313 'specinterface' 'specinterface_ln0' <Predicate = true> <Delay = 0.00>
ST_11 : Operation 314 [1/1] (0.00ns)   --->   "%specbitsmap_ln0 = specbitsmap void @_ssdm_op_SpecBitsMap, i16 %d_i_0"   --->   Operation 314 'specbitsmap' 'specbitsmap_ln0' <Predicate = true> <Delay = 0.00>
ST_11 : Operation 315 [1/1] (0.00ns)   --->   "%specinterface_ln0 = specinterface void @_ssdm_op_SpecInterface, i16 %d_i_1, void @empty, i32 0, i32 0, void @empty_0, i32 4294967295, i32 0, void @empty_0, void @empty_0, void @empty_0, i32 0, i32 0, i32 0, i32 0, void @empty_0, void @empty_0, i32 4294967295, i32 0"   --->   Operation 315 'specinterface' 'specinterface_ln0' <Predicate = true> <Delay = 0.00>
ST_11 : Operation 316 [1/1] (0.00ns)   --->   "%specbitsmap_ln0 = specbitsmap void @_ssdm_op_SpecBitsMap, i16 %d_i_1"   --->   Operation 316 'specbitsmap' 'specbitsmap_ln0' <Predicate = true> <Delay = 0.00>
ST_11 : Operation 317 [1/1] (0.00ns)   --->   "%d_o_3_addr_6 = getelementptr i16 %d_o_3, i64 0, i64 6" [LabA_3/array_io.c:69]   --->   Operation 317 'getelementptr' 'd_o_3_addr_6' <Predicate = true> <Delay = 0.00>
ST_11 : Operation 318 [1/1] (0.73ns)   --->   "%store_ln69 = store i16 %add_ln69_30, i3 %d_o_3_addr_6" [LabA_3/array_io.c:69]   --->   Operation 318 'store' 'store_ln69' <Predicate = true> <Delay = 0.73> <CoreInst = "RAM">   --->   Core 83 'RAM' <Latency = 1> <II = 1> <Delay = 0.73> <Storage> <Opcode : 'load' 'store'> <Ports = 2> <Width = 16> <Depth = 8> <RAM>
ST_11 : Operation 319 [1/1] (0.00ns)   --->   "%d_o_3_addr_7 = getelementptr i16 %d_o_3, i64 0, i64 7" [LabA_3/array_io.c:69]   --->   Operation 319 'getelementptr' 'd_o_3_addr_7' <Predicate = true> <Delay = 0.00>
ST_11 : Operation 320 [1/1] (0.73ns)   --->   "%store_ln69 = store i16 %add_ln69_31, i3 %d_o_3_addr_7" [LabA_3/array_io.c:69]   --->   Operation 320 'store' 'store_ln69' <Predicate = true> <Delay = 0.73> <CoreInst = "RAM">   --->   Core 83 'RAM' <Latency = 1> <II = 1> <Delay = 0.73> <Storage> <Opcode : 'load' 'store'> <Ports = 2> <Width = 16> <Depth = 8> <RAM>
ST_11 : Operation 321 [1/1] (0.00ns)   --->   "%ret_ln71 = ret" [LabA_3/array_io.c:71]   --->   Operation 321 'ret' 'ret_ln71' <Predicate = true> <Delay = 0.00>


============================================================
+ Verbose Summary: Timing violations
============================================================
Target clock period: 4ns, clock uncertainty: 1.08ns.

 <State 1>: 0.73ns
The critical path consists of the following:
	'getelementptr' operation ('d_i_0_addr', LabA_3/array_io.c:67) [29]  (0 ns)
	'load' operation ('d_i_0_load', LabA_3/array_io.c:67) on array 'd_i_0' [30]  (0.73 ns)

 <State 2>: 0.73ns
The critical path consists of the following:
	'load' operation ('d_i_0_load', LabA_3/array_io.c:67) on array 'd_i_0' [30]  (0.73 ns)

 <State 3>: 0.73ns
The critical path consists of the following:
	'load' operation ('d_i_0_load_2', LabA_3/array_io.c:67) on array 'd_i_0' [46]  (0.73 ns)

 <State 4>: 0.73ns
The critical path consists of the following:
	'load' operation ('d_i_0_load_4', LabA_3/array_io.c:67) on array 'd_i_0' [62]  (0.73 ns)

 <State 5>: 0.73ns
The critical path consists of the following:
	'load' operation ('d_i_0_load_6', LabA_3/array_io.c:67) on array 'd_i_0' [78]  (0.73 ns)

 <State 6>: 2.24ns
The critical path consists of the following:
	'load' operation ('acc_0_load', LabA_3/array_io.c:67) on static variable 'acc_0' [28]  (0 ns)
	'add' operation ('add_ln69', LabA_3/array_io.c:69) [33]  (1.12 ns)
	'add' operation ('add_ln69_8', LabA_3/array_io.c:69) [95]  (1.12 ns)

 <State 7>: 2.24ns
The critical path consists of the following:
	'load' operation ('acc_2_load', LabA_3/array_io.c:67) on static variable 'acc_2' [44]  (0 ns)
	'add' operation ('add_ln69_2', LabA_3/array_io.c:69) [49]  (1.12 ns)
	'add' operation ('add_ln69_10', LabA_3/array_io.c:69) [107]  (1.12 ns)

 <State 8>: 2.24ns
The critical path consists of the following:
	'load' operation ('acc_4_load', LabA_3/array_io.c:67) on static variable 'acc_4' [60]  (0 ns)
	'add' operation ('add_ln69_4', LabA_3/array_io.c:69) [65]  (1.12 ns)
	'add' operation ('add_ln69_12', LabA_3/array_io.c:69) [119]  (1.12 ns)

 <State 9>: 2.24ns
The critical path consists of the following:
	'load' operation ('acc_6_load', LabA_3/array_io.c:67) on static variable 'acc_6' [76]  (0 ns)
	'add' operation ('add_ln69_6', LabA_3/array_io.c:69) [81]  (1.12 ns)
	'add' operation ('add_ln69_14', LabA_3/array_io.c:69) [131]  (1.12 ns)

 <State 10>: 2.24ns
The critical path consists of the following:
	'add' operation ('add_ln69_22', LabA_3/array_io.c:69) [179]  (1.12 ns)
	'add' operation ('add_ln69_30', LabA_3/array_io.c:69) [276]  (1.12 ns)

 <State 11>: 0.73ns
The critical path consists of the following:
	'getelementptr' operation ('d_o_3_addr_6', LabA_3/array_io.c:69) [277]  (0 ns)
	'store' operation ('store_ln69', LabA_3/array_io.c:69) of variable 'add_ln69_30', LabA_3/array_io.c:69 on array 'd_o_3' [278]  (0.73 ns)


============================================================
+ Verbose Summary: Binding
============================================================
N/A
* FSMD analyzer results:
  - Output states:
 - Input state : 
  - Chain level:
	State 1
	State 2
	State 3
	State 4
	State 5
	State 6
	State 7
	State 8
	State 9
	State 10
	State 11


============================================================
+ Verbose Summary: Datapath Resource usage 
============================================================
N/A
