

================================================================
== Vitis HLS Report for 'array_io'
================================================================
* Date:           Wed Oct 12 10:15:34 2022

* Version:        2022.1 (Build 3526262 on Mon Apr 18 15:48:16 MDT 2022)
* Project:        LabA_3
* Solution:       solution8 (Vivado IP Flow Target)
* Product family: virtexuplus
* Target device:  xcvu9p-flgb2104-1-e


================================================================
== Performance Estimates
================================================================
+ Timing: 
    * Summary: 
    +--------+---------+----------+------------+
    |  Clock |  Target | Estimated| Uncertainty|
    +--------+---------+----------+------------+
    |ap_clk  |  4.00 ns|  2.242 ns|     1.08 ns|
    +--------+---------+----------+------------+

+ Latency: 
    * Summary: 
    +---------+---------+-----------+-----------+-----+-----+---------+
    |  Latency (cycles) |   Latency (absolute)  |  Interval | Pipeline|
    |   min   |   max   |    min    |    max    | min | max |   Type  |
    +---------+---------+-----------+-----------+-----+-----+---------+
    |        9|        9|  36.000 ns|  36.000 ns|   10|   10|       no|
    +---------+---------+-----------+-----------+-----+-----+---------+

    + Detail: 
        * Instance: 
        N/A

        * Loop: 
        N/A



================================================================
== Utilization Estimates
================================================================
* Summary: 
+---------------------+---------+------+---------+---------+-----+
|         Name        | BRAM_18K|  DSP |    FF   |   LUT   | URAM|
+---------------------+---------+------+---------+---------+-----+
|DSP                  |        -|     -|        -|        -|    -|
|Expression           |        -|     -|        0|     1640|    -|
|FIFO                 |        -|     -|        -|        -|    -|
|Instance             |        -|     -|        -|        -|    -|
|Memory               |        -|     -|        -|        -|    -|
|Multiplexer          |        -|     -|        -|      671|    -|
|Register             |        -|     -|     1106|        -|    -|
+---------------------+---------+------+---------+---------+-----+
|Total                |        0|     0|     1106|     2311|    0|
+---------------------+---------+------+---------+---------+-----+
|Available SLR        |     1440|  2280|   788160|   394080|  320|
+---------------------+---------+------+---------+---------+-----+
|Utilization SLR (%)  |        0|     0|       ~0|       ~0|    0|
+---------------------+---------+------+---------+---------+-----+
|Available            |     4320|  6840|  2364480|  1182240|  960|
+---------------------+---------+------+---------+---------+-----+
|Utilization (%)      |        0|     0|       ~0|       ~0|    0|
+---------------------+---------+------+---------+---------+-----+

+ Detail: 
    * Instance: 
    N/A

    * DSP: 
    N/A

    * Memory: 
    N/A

    * FIFO: 
    N/A

    * Expression: 
    +------------------------+----------+----+---+----+------------+------------+
    |      Variable Name     | Operation| DSP| FF| LUT| Bitwidth P0| Bitwidth P1|
    +------------------------+----------+----+---+----+------------+------------+
    |add_ln67_10_fu_1074_p2  |         +|   0|  0|  25|          18|          18|
    |add_ln67_12_fu_1096_p2  |         +|   0|  0|  32|          32|          32|
    |add_ln67_13_fu_938_p2   |         +|   0|  0|  24|          17|          17|
    |add_ln67_14_fu_1104_p2  |         +|   0|  0|  25|          18|          18|
    |add_ln67_16_fu_1214_p2  |         +|   0|  0|  32|          32|          32|
    |add_ln67_17_fu_1130_p2  |         +|   0|  0|  24|          17|          17|
    |add_ln67_18_fu_1222_p2  |         +|   0|  0|  25|          18|          18|
    |add_ln67_1_fu_890_p2    |         +|   0|  0|  24|          17|          17|
    |add_ln67_20_fu_1244_p2  |         +|   0|  0|  32|          32|          32|
    |add_ln67_21_fu_1146_p2  |         +|   0|  0|  24|          17|          17|
    |add_ln67_22_fu_1252_p2  |         +|   0|  0|  25|          18|          18|
    |add_ln67_24_fu_1274_p2  |         +|   0|  0|  32|          32|          32|
    |add_ln67_25_fu_1162_p2  |         +|   0|  0|  24|          17|          17|
    |add_ln67_26_fu_1282_p2  |         +|   0|  0|  25|          18|          18|
    |add_ln67_28_fu_1304_p2  |         +|   0|  0|  32|          32|          32|
    |add_ln67_29_fu_1178_p2  |         +|   0|  0|  24|          17|          17|
    |add_ln67_2_fu_1014_p2   |         +|   0|  0|  25|          18|          18|
    |add_ln67_30_fu_1312_p2  |         +|   0|  0|  25|          18|          18|
    |add_ln67_4_fu_1036_p2   |         +|   0|  0|  32|          32|          32|
    |add_ln67_5_fu_906_p2    |         +|   0|  0|  24|          17|          17|
    |add_ln67_6_fu_1044_p2   |         +|   0|  0|  25|          18|          18|
    |add_ln67_8_fu_1066_p2   |         +|   0|  0|  32|          32|          32|
    |add_ln67_9_fu_922_p2    |         +|   0|  0|  24|          17|          17|
    |add_ln67_fu_1006_p2     |         +|   0|  0|  32|          32|          32|
    |add_ln69_10_fu_828_p2   |         +|   0|  0|  23|          16|          16|
    |add_ln69_11_fu_833_p2   |         +|   0|  0|  23|          16|          16|
    |add_ln69_12_fu_838_p2   |         +|   0|  0|  23|          16|          16|
    |add_ln69_13_fu_843_p2   |         +|   0|  0|  23|          16|          16|
    |add_ln69_14_fu_848_p2   |         +|   0|  0|  23|          16|          16|
    |add_ln69_15_fu_853_p2   |         +|   0|  0|  23|          16|          16|
    |add_ln69_16_fu_861_p2   |         +|   0|  0|  23|          16|          16|
    |add_ln69_17_fu_868_p2   |         +|   0|  0|  23|          16|          16|
    |add_ln69_18_fu_875_p2   |         +|   0|  0|  23|          16|          16|
    |add_ln69_19_fu_882_p2   |         +|   0|  0|  23|          16|          16|
    |add_ln69_1_fu_728_p2    |         +|   0|  0|  23|          16|          16|
    |add_ln69_20_fu_977_p2   |         +|   0|  0|  23|          16|          16|
    |add_ln69_21_fu_985_p2   |         +|   0|  0|  23|          16|          16|
    |add_ln69_22_fu_993_p2   |         +|   0|  0|  23|          16|          16|
    |add_ln69_23_fu_1001_p2  |         +|   0|  0|  23|          16|          16|
    |add_ln69_24_fu_896_p2   |         +|   0|  0|  23|          16|          16|
    |add_ln69_25_fu_912_p2   |         +|   0|  0|  23|          16|          16|
    |add_ln69_26_fu_928_p2   |         +|   0|  0|  23|          16|          16|
    |add_ln69_27_fu_944_p2   |         +|   0|  0|  23|          16|          16|
    |add_ln69_28_fu_1136_p2  |         +|   0|  0|  23|          16|          16|
    |add_ln69_29_fu_1152_p2  |         +|   0|  0|  23|          16|          16|
    |add_ln69_2_fu_742_p2    |         +|   0|  0|  23|          16|          16|
    |add_ln69_30_fu_1168_p2  |         +|   0|  0|  23|          16|          16|
    |add_ln69_31_fu_1184_p2  |         +|   0|  0|  23|          16|          16|
    |add_ln69_3_fu_756_p2    |         +|   0|  0|  23|          16|          16|
    |add_ln69_4_fu_770_p2    |         +|   0|  0|  23|          16|          16|
    |add_ln69_5_fu_784_p2    |         +|   0|  0|  23|          16|          16|
    |add_ln69_6_fu_798_p2    |         +|   0|  0|  23|          16|          16|
    |add_ln69_7_fu_812_p2    |         +|   0|  0|  23|          16|          16|
    |add_ln69_8_fu_818_p2    |         +|   0|  0|  23|          16|          16|
    |add_ln69_9_fu_823_p2    |         +|   0|  0|  23|          16|          16|
    |add_ln69_fu_714_p2      |         +|   0|  0|  23|          16|          16|
    |temp_1_fu_1054_p2       |         +|   0|  0|  32|          32|          32|
    |temp_2_fu_1084_p2       |         +|   0|  0|  32|          32|          32|
    |temp_3_fu_1114_p2       |         +|   0|  0|  32|          32|          32|
    |temp_4_fu_1232_p2       |         +|   0|  0|  32|          32|          32|
    |temp_5_fu_1262_p2       |         +|   0|  0|  32|          32|          32|
    |temp_6_fu_1292_p2       |         +|   0|  0|  32|          32|          32|
    |temp_7_fu_1322_p2       |         +|   0|  0|  32|          32|          32|
    |temp_fu_1024_p2         |         +|   0|  0|  32|          32|          32|
    +------------------------+----------+----+---+----+------------+------------+
    |Total                   |          |   0|  0|1640|        1304|        1304|
    +------------------------+----------+----+---+----+------------+------------+

    * Multiplexer: 
    +----------------+----+-----------+-----+-----------+
    |      Name      | LUT| Input Size| Bits| Total Bits|
    +----------------+----+-----------+-----+-----------+
    |ap_NS_fsm       |  59|         11|    1|         11|
    |d_i_0_address0  |  49|          9|    4|         36|
    |d_i_0_address1  |  49|          9|    4|         36|
    |d_i_1_address0  |  49|          9|    4|         36|
    |d_i_1_address1  |  49|          9|    4|         36|
    |d_o_0_address0  |  26|          5|    3|         15|
    |d_o_0_address1  |  26|          5|    3|         15|
    |d_o_0_d0        |  26|          5|   16|         80|
    |d_o_0_d1        |  26|          5|   16|         80|
    |d_o_1_address0  |  26|          5|    3|         15|
    |d_o_1_address1  |  26|          5|    3|         15|
    |d_o_1_d0        |  26|          5|   16|         80|
    |d_o_1_d1        |  26|          5|   16|         80|
    |d_o_2_address0  |  26|          5|    3|         15|
    |d_o_2_address1  |  26|          5|    3|         15|
    |d_o_2_d0        |  26|          5|   16|         80|
    |d_o_2_d1        |  26|          5|   16|         80|
    |d_o_3_address0  |  26|          5|    3|         15|
    |d_o_3_address1  |  26|          5|    3|         15|
    |d_o_3_d0        |  26|          5|   16|         80|
    |d_o_3_d1        |  26|          5|   16|         80|
    +----------------+----+-----------+-----+-----------+
    |Total           | 671|        127|  169|        915|
    +----------------+----+-----------+-----+-----------+

    * Register: 
    +------------------------+----+----+-----+-----------+
    |          Name          | FF | LUT| Bits| Const Bits|
    +------------------------+----+----+-----+-----------+
    |acc_0                   |  32|   0|   32|          0|
    |acc_1                   |  32|   0|   32|          0|
    |acc_2                   |  32|   0|   32|          0|
    |acc_3                   |  32|   0|   32|          0|
    |acc_4                   |  32|   0|   32|          0|
    |acc_5                   |  32|   0|   32|          0|
    |acc_6                   |  32|   0|   32|          0|
    |acc_7                   |  32|   0|   32|          0|
    |add_ln67_13_reg_1740    |  17|   0|   17|          0|
    |add_ln67_17_reg_1770    |  17|   0|   17|          0|
    |add_ln67_1_reg_1710     |  17|   0|   17|          0|
    |add_ln67_21_reg_1780    |  17|   0|   17|          0|
    |add_ln67_25_reg_1790    |  17|   0|   17|          0|
    |add_ln67_29_reg_1800    |  17|   0|   17|          0|
    |add_ln67_5_reg_1720     |  17|   0|   17|          0|
    |add_ln67_9_reg_1730     |  17|   0|   17|          0|
    |add_ln69_10_reg_1610    |  16|   0|   16|          0|
    |add_ln69_11_reg_1616    |  16|   0|   16|          0|
    |add_ln69_12_reg_1622    |  16|   0|   16|          0|
    |add_ln69_13_reg_1628    |  16|   0|   16|          0|
    |add_ln69_14_reg_1634    |  16|   0|   16|          0|
    |add_ln69_15_reg_1640    |  16|   0|   16|          0|
    |add_ln69_16_reg_1690    |  16|   0|   16|          0|
    |add_ln69_17_reg_1695    |  16|   0|   16|          0|
    |add_ln69_18_reg_1700    |  16|   0|   16|          0|
    |add_ln69_19_reg_1705    |  16|   0|   16|          0|
    |add_ln69_24_reg_1715    |  16|   0|   16|          0|
    |add_ln69_25_reg_1725    |  16|   0|   16|          0|
    |add_ln69_26_reg_1735    |  16|   0|   16|          0|
    |add_ln69_27_reg_1745    |  16|   0|   16|          0|
    |add_ln69_28_reg_1775    |  16|   0|   16|          0|
    |add_ln69_29_reg_1785    |  16|   0|   16|          0|
    |add_ln69_30_reg_1795    |  16|   0|   16|          0|
    |add_ln69_31_reg_1805    |  16|   0|   16|          0|
    |add_ln69_8_reg_1598     |  16|   0|   16|          0|
    |add_ln69_9_reg_1604     |  16|   0|   16|          0|
    |ap_CS_fsm               |  10|   0|   10|          0|
    |d_i_0_load_10_reg_1646  |  16|   0|   16|          0|
    |d_i_0_load_11_reg_1658  |  16|   0|   16|          0|
    |d_i_0_load_1_reg_1366   |  16|   0|   16|          0|
    |d_i_0_load_2_reg_1398   |  16|   0|   16|          0|
    |d_i_0_load_3_reg_1410   |  16|   0|   16|          0|
    |d_i_0_load_4_reg_1442   |  16|   0|   16|          0|
    |d_i_0_load_5_reg_1454   |  16|   0|   16|          0|
    |d_i_0_load_6_reg_1486   |  16|   0|   16|          0|
    |d_i_0_load_7_reg_1498   |  16|   0|   16|          0|
    |d_i_0_load_8_reg_1530   |  16|   0|   16|          0|
    |d_i_0_load_9_reg_1542   |  16|   0|   16|          0|
    |d_i_0_load_reg_1354     |  16|   0|   16|          0|
    |d_i_1_load_10_reg_1652  |  16|   0|   16|          0|
    |d_i_1_load_11_reg_1664  |  16|   0|   16|          0|
    |d_i_1_load_1_reg_1372   |  16|   0|   16|          0|
    |d_i_1_load_2_reg_1404   |  16|   0|   16|          0|
    |d_i_1_load_3_reg_1416   |  16|   0|   16|          0|
    |d_i_1_load_4_reg_1448   |  16|   0|   16|          0|
    |d_i_1_load_5_reg_1460   |  16|   0|   16|          0|
    |d_i_1_load_6_reg_1492   |  16|   0|   16|          0|
    |d_i_1_load_7_reg_1504   |  16|   0|   16|          0|
    |d_i_1_load_8_reg_1536   |  16|   0|   16|          0|
    |d_i_1_load_9_reg_1548   |  16|   0|   16|          0|
    |d_i_1_load_reg_1360     |  16|   0|   16|          0|
    +------------------------+----+----+-----+-----------+
    |Total                   |1106|   0| 1106|          0|
    +------------------------+----+----+-----+-----------+



================================================================
== Interface
================================================================
* Summary: 
+----------------+-----+-----+------------+--------------+--------------+
|    RTL Ports   | Dir | Bits|  Protocol  | Source Object|    C Type    |
+----------------+-----+-----+------------+--------------+--------------+
|ap_clk          |   in|    1|  ap_ctrl_hs|      array_io|  return value|
|ap_rst          |   in|    1|  ap_ctrl_hs|      array_io|  return value|
|ap_start        |   in|    1|  ap_ctrl_hs|      array_io|  return value|
|ap_done         |  out|    1|  ap_ctrl_hs|      array_io|  return value|
|ap_idle         |  out|    1|  ap_ctrl_hs|      array_io|  return value|
|ap_ready        |  out|    1|  ap_ctrl_hs|      array_io|  return value|
|d_o_0_address0  |  out|    3|   ap_memory|         d_o_0|         array|
|d_o_0_ce0       |  out|    1|   ap_memory|         d_o_0|         array|
|d_o_0_we0       |  out|    1|   ap_memory|         d_o_0|         array|
|d_o_0_d0        |  out|   16|   ap_memory|         d_o_0|         array|
|d_o_0_address1  |  out|    3|   ap_memory|         d_o_0|         array|
|d_o_0_ce1       |  out|    1|   ap_memory|         d_o_0|         array|
|d_o_0_we1       |  out|    1|   ap_memory|         d_o_0|         array|
|d_o_0_d1        |  out|   16|   ap_memory|         d_o_0|         array|
|d_o_1_address0  |  out|    3|   ap_memory|         d_o_1|         array|
|d_o_1_ce0       |  out|    1|   ap_memory|         d_o_1|         array|
|d_o_1_we0       |  out|    1|   ap_memory|         d_o_1|         array|
|d_o_1_d0        |  out|   16|   ap_memory|         d_o_1|         array|
|d_o_1_address1  |  out|    3|   ap_memory|         d_o_1|         array|
|d_o_1_ce1       |  out|    1|   ap_memory|         d_o_1|         array|
|d_o_1_we1       |  out|    1|   ap_memory|         d_o_1|         array|
|d_o_1_d1        |  out|   16|   ap_memory|         d_o_1|         array|
|d_o_2_address0  |  out|    3|   ap_memory|         d_o_2|         array|
|d_o_2_ce0       |  out|    1|   ap_memory|         d_o_2|         array|
|d_o_2_we0       |  out|    1|   ap_memory|         d_o_2|         array|
|d_o_2_d0        |  out|   16|   ap_memory|         d_o_2|         array|
|d_o_2_address1  |  out|    3|   ap_memory|         d_o_2|         array|
|d_o_2_ce1       |  out|    1|   ap_memory|         d_o_2|         array|
|d_o_2_we1       |  out|    1|   ap_memory|         d_o_2|         array|
|d_o_2_d1        |  out|   16|   ap_memory|         d_o_2|         array|
|d_o_3_address0  |  out|    3|   ap_memory|         d_o_3|         array|
|d_o_3_ce0       |  out|    1|   ap_memory|         d_o_3|         array|
|d_o_3_we0       |  out|    1|   ap_memory|         d_o_3|         array|
|d_o_3_d0        |  out|   16|   ap_memory|         d_o_3|         array|
|d_o_3_address1  |  out|    3|   ap_memory|         d_o_3|         array|
|d_o_3_ce1       |  out|    1|   ap_memory|         d_o_3|         array|
|d_o_3_we1       |  out|    1|   ap_memory|         d_o_3|         array|
|d_o_3_d1        |  out|   16|   ap_memory|         d_o_3|         array|
|d_i_0_address0  |  out|    4|   ap_memory|         d_i_0|         array|
|d_i_0_ce0       |  out|    1|   ap_memory|         d_i_0|         array|
|d_i_0_q0        |   in|   16|   ap_memory|         d_i_0|         array|
|d_i_0_address1  |  out|    4|   ap_memory|         d_i_0|         array|
|d_i_0_ce1       |  out|    1|   ap_memory|         d_i_0|         array|
|d_i_0_q1        |   in|   16|   ap_memory|         d_i_0|         array|
|d_i_1_address0  |  out|    4|   ap_memory|         d_i_1|         array|
|d_i_1_ce0       |  out|    1|   ap_memory|         d_i_1|         array|
|d_i_1_q0        |   in|   16|   ap_memory|         d_i_1|         array|
|d_i_1_address1  |  out|    4|   ap_memory|         d_i_1|         array|
|d_i_1_ce1       |  out|    1|   ap_memory|         d_i_1|         array|
|d_i_1_q1        |   in|   16|   ap_memory|         d_i_1|         array|
+----------------+-----+-----+------------+--------------+--------------+

