==============================================================
Vitis HLS - High-Level Synthesis from C, C++ and OpenCL v2022.1 (64-bit)
Tool Version Limit: 2022.04
Copyright 1986-2022 Xilinx, Inc. All Rights Reserved.
==============================================================
INFO: [SYN 201-201] Setting up clock 'default' with a period of 4ns.
INFO: [HLS 200-1611] Setting target device to 'xcvu9p-flgb2104-1-e'
INFO: [HLS 200-1505] Using flow_target 'vivado'
INFO: [HLS 200-1510] Running: set_part xcvu9p-flgb2104-1-e 
INFO: [HLS 200-1510] Running: create_clock -period 4 -name default 
INFO: [SYN 201-201] Setting up clock 'default' with a period of 4ns.
INFO: [HLS 200-1510] Running: source ./LabA_4/solution1/directives.tcl
INFO: [HLS 200-1510] Running: set_directive_array_partition -dim 1 -factor 8 -type cyclic axi_interfaces d_o 
INFO: [HLS 200-1510] Running: set_directive_interface -mode axis -register_mode both -register axi_interfaces d_o 
INFO: [HLS 200-1510] Running: set_directive_array_partition -dim 1 -factor 8 -type complete axi_interfaces d_i 
INFO: [HLS 200-1510] Running: set_directive_interface -mode axis -register_mode both -register axi_interfaces d_i 
INFO: [HLS 200-1510] Running: set_directive_unroll -factor 8 axi_interfaces/For_Loop 
INFO: [HLS 200-1510] Running: set_directive_pipeline -rewind axi_interfaces/For_Loop 
INFO: [HLS 200-1510] Running: csim_design -quiet 
INFO: [SIM 211-2] *************** CSIM start ***************
INFO: [SIM 211-4] CSIM will launch GCC as the compiler.
INFO: [SIM 211-1] CSim done with 0 errors.
INFO: [SIM 211-3] *************** CSIM finish ***************
INFO: [HLS 200-111] Finished Command csim_design CPU user time: 0 seconds. CPU system time: 0 seconds. Elapsed time: 8.233 seconds; current allocated memory: 0.000 MB.
INFO: [HLS 200-112] Total CPU user time: 3 seconds. Total CPU system time: 1 seconds. Total elapsed time: 10.336 seconds; peak allocated memory: 1.464 GB.
==============================================================
Vitis HLS - High-Level Synthesis from C, C++ and OpenCL v2022.1 (64-bit)
Tool Version Limit: 2022.04
Copyright 1986-2022 Xilinx, Inc. All Rights Reserved.
==============================================================
INFO: [SYN 201-201] Setting up clock 'default' with a period of 4ns.
INFO: [HLS 200-1611] Setting target device to 'xcvu9p-flgb2104-1-e'
INFO: [HLS 200-1505] Using flow_target 'vivado'
INFO: [HLS 200-1510] Running: set_part xcvu9p-flgb2104-1-e 
INFO: [HLS 200-1510] Running: create_clock -period 4 -name default 
INFO: [SYN 201-201] Setting up clock 'default' with a period of 4ns.
INFO: [HLS 200-1510] Running: source ./LabA_4/solution1/directives.tcl
INFO: [HLS 200-1510] Running: set_directive_array_partition -type cyclic -factor 8 -dim 1 axi_interfaces d_o 
INFO: [HLS 200-1510] Running: set_directive_interface -mode axis -register -register_mode both axi_interfaces d_o 
INFO: [HLS 200-1510] Running: set_directive_array_partition -type complete -factor 8 -dim 1 axi_interfaces d_i 
INFO: [HLS 200-1510] Running: set_directive_interface -mode axis -register -register_mode both axi_interfaces d_i 
INFO: [HLS 200-1510] Running: set_directive_unroll -factor 8 axi_interfaces/For_Loop 
INFO: [HLS 200-1510] Running: set_directive_pipeline -rewind axi_interfaces/For_Loop 
INFO: [HLS 200-1510] Running: csynth_design 
INFO: [HLS 200-111] Finished File checks and directory preparation: CPU user time: 0 seconds. CPU system time: 0 seconds. Elapsed time: 0.008 seconds; current allocated memory: 1.465 GB.
INFO: [HLS 200-10] Analyzing design file 'LabA_4/axi_interfaces.c' ... 
WARNING: [HLS 207-5527] 'factor' in '#pragma HLS array_partition' is ignored (D:/1111HLS/LabA/LabA_4/solution1/directives.tcl:8:67)
INFO: [HLS 200-111] Finished Source Code Analysis and Preprocessing: CPU user time: 0 seconds. CPU system time: 0 seconds. Elapsed time: 0.459 seconds; current allocated memory: 1.465 GB.
INFO: [HLS 200-777] Using interface defaults for 'Vivado' flow target.
INFO: [HLS 214-188] Unrolling loop 'For_Loop' (LabA_4/axi_interfaces.c:64:12) in function 'axi_interfaces' partially with a factor of 8 (LabA_4/axi_interfaces.c:57:0)
INFO: [HLS 214-248] Applying array_partition to 'd_o': Cyclic partitioning with factor 8 on dimension 1. (LabA_4/axi_interfaces.c:57:0)
INFO: [HLS 214-248] Applying array_partition to 'd_i': Complete partitioning on dimension 1. (LabA_4/axi_interfaces.c:57:0)
WARNING: [HLS 214-142] Implementing stream: may cause mismatch if read and write accesses are not in sequential order on port 'd_o_0' (LabA_4/axi_interfaces.c:57:0)
WARNING: [HLS 214-142] Implementing stream: may cause mismatch if read and write accesses are not in sequential order on port 'd_o_1' (LabA_4/axi_interfaces.c:57:0)
WARNING: [HLS 214-142] Implementing stream: may cause mismatch if read and write accesses are not in sequential order on port 'd_o_2' (LabA_4/axi_interfaces.c:57:0)
WARNING: [HLS 214-142] Implementing stream: may cause mismatch if read and write accesses are not in sequential order on port 'd_o_3' (LabA_4/axi_interfaces.c:57:0)
WARNING: [HLS 214-142] Implementing stream: may cause mismatch if read and write accesses are not in sequential order on port 'd_o_4' (LabA_4/axi_interfaces.c:57:0)
WARNING: [HLS 214-142] Implementing stream: may cause mismatch if read and write accesses are not in sequential order on port 'd_o_5' (LabA_4/axi_interfaces.c:57:0)
WARNING: [HLS 214-142] Implementing stream: may cause mismatch if read and write accesses are not in sequential order on port 'd_o_6' (LabA_4/axi_interfaces.c:57:0)
WARNING: [HLS 214-142] Implementing stream: may cause mismatch if read and write accesses are not in sequential order on port 'd_o_7' (LabA_4/axi_interfaces.c:57:0)
WARNING: [HLS 214-142] Implementing stream: may cause mismatch if read and write accesses are not in sequential order on port 'd_i_0' (LabA_4/axi_interfaces.c:57:0)
WARNING: [HLS 214-142] Implementing stream: may cause mismatch if read and write accesses are not in sequential order on port 'd_i_1' (LabA_4/axi_interfaces.c:57:0)
WARNING: [HLS 214-142] Implementing stream: may cause mismatch if read and write accesses are not in sequential order on port 'd_i_2' (LabA_4/axi_interfaces.c:57:0)
WARNING: [HLS 214-142] Implementing stream: may cause mismatch if read and write accesses are not in sequential order on port 'd_i_3' (LabA_4/axi_interfaces.c:57:0)
WARNING: [HLS 214-142] Implementing stream: may cause mismatch if read and write accesses are not in sequential order on port 'd_i_4' (LabA_4/axi_interfaces.c:57:0)
WARNING: [HLS 214-142] Implementing stream: may cause mismatch if read and write accesses are not in sequential order on port 'd_i_5' (LabA_4/axi_interfaces.c:57:0)
WARNING: [HLS 214-142] Implementing stream: may cause mismatch if read and write accesses are not in sequential order on port 'd_i_6' (LabA_4/axi_interfaces.c:57:0)
WARNING: [HLS 214-142] Implementing stream: may cause mismatch if read and write accesses are not in sequential order on port 'd_i_7' (LabA_4/axi_interfaces.c:57:0)
WARNING: [HLS 214-142] Implementing stream: may cause mismatch if read and write accesses are not in sequential order on port 'd_i_8' (LabA_4/axi_interfaces.c:57:0)
WARNING: [HLS 214-142] Implementing stream: may cause mismatch if read and write accesses are not in sequential order on port 'd_i_9' (LabA_4/axi_interfaces.c:57:0)
WARNING: [HLS 214-142] Implementing stream: may cause mismatch if read and write accesses are not in sequential order on port 'd_i_10' (LabA_4/axi_interfaces.c:57:0)
WARNING: [HLS 214-142] Implementing stream: may cause mismatch if read and write accesses are not in sequential order on port 'd_i_11' (LabA_4/axi_interfaces.c:57:0)
WARNING: [HLS 214-142] Implementing stream: may cause mismatch if read and write accesses are not in sequential order on port 'd_i_12' (LabA_4/axi_interfaces.c:57:0)
WARNING: [HLS 214-142] Implementing stream: may cause mismatch if read and write accesses are not in sequential order on port 'd_i_13' (LabA_4/axi_interfaces.c:57:0)
WARNING: [HLS 214-142] Implementing stream: may cause mismatch if read and write accesses are not in sequential order on port 'd_i_14' (LabA_4/axi_interfaces.c:57:0)
WARNING: [HLS 214-142] Implementing stream: may cause mismatch if read and write accesses are not in sequential order on port 'd_i_15' (LabA_4/axi_interfaces.c:57:0)
WARNING: [HLS 214-142] Implementing stream: may cause mismatch if read and write accesses are not in sequential order on port 'd_i_16' (LabA_4/axi_interfaces.c:57:0)
WARNING: [HLS 214-142] Implementing stream: may cause mismatch if read and write accesses are not in sequential order on port 'd_i_17' (LabA_4/axi_interfaces.c:57:0)
WARNING: [HLS 214-142] Implementing stream: may cause mismatch if read and write accesses are not in sequential order on port 'd_i_18' (LabA_4/axi_interfaces.c:57:0)
WARNING: [HLS 214-142] Implementing stream: may cause mismatch if read and write accesses are not in sequential order on port 'd_i_19' (LabA_4/axi_interfaces.c:57:0)
WARNING: [HLS 214-142] Implementing stream: may cause mismatch if read and write accesses are not in sequential order on port 'd_i_20' (LabA_4/axi_interfaces.c:57:0)
WARNING: [HLS 214-142] Implementing stream: may cause mismatch if read and write accesses are not in sequential order on port 'd_i_21' (LabA_4/axi_interfaces.c:57:0)
WARNING: [HLS 214-142] Implementing stream: may cause mismatch if read and write accesses are not in sequential order on port 'd_i_22' (LabA_4/axi_interfaces.c:57:0)
WARNING: [HLS 214-142] Implementing stream: may cause mismatch if read and write accesses are not in sequential order on port 'd_i_23' (LabA_4/axi_interfaces.c:57:0)
WARNING: [HLS 214-142] Implementing stream: may cause mismatch if read and write accesses are not in sequential order on port 'd_i_24' (LabA_4/axi_interfaces.c:57:0)
WARNING: [HLS 214-142] Implementing stream: may cause mismatch if read and write accesses are not in sequential order on port 'd_i_25' (LabA_4/axi_interfaces.c:57:0)
WARNING: [HLS 214-142] Implementing stream: may cause mismatch if read and write accesses are not in sequential order on port 'd_i_26' (LabA_4/axi_interfaces.c:57:0)
WARNING: [HLS 214-142] Implementing stream: may cause mismatch if read and write accesses are not in sequential order on port 'd_i_27' (LabA_4/axi_interfaces.c:57:0)
WARNING: [HLS 214-142] Implementing stream: may cause mismatch if read and write accesses are not in sequential order on port 'd_i_28' (LabA_4/axi_interfaces.c:57:0)
WARNING: [HLS 214-142] Implementing stream: may cause mismatch if read and write accesses are not in sequential order on port 'd_i_29' (LabA_4/axi_interfaces.c:57:0)
WARNING: [HLS 214-142] Implementing stream: may cause mismatch if read and write accesses are not in sequential order on port 'd_i_30' (LabA_4/axi_interfaces.c:57:0)
WARNING: [HLS 214-142] Implementing stream: may cause mismatch if read and write accesses are not in sequential order on port 'd_i_31' (LabA_4/axi_interfaces.c:57:0)
INFO: [HLS 200-111] Finished Compiling Optimization and Transform: CPU user time: 0 seconds. CPU system time: 0 seconds. Elapsed time: 2.98 seconds; current allocated memory: 1.465 GB.
INFO: [HLS 200-111] Finished Checking Pragmas: CPU user time: 0 seconds. CPU system time: 0 seconds. Elapsed time: 0.001 seconds; current allocated memory: 1.465 GB.
INFO: [HLS 200-10] Starting code transformations ...
INFO: [HLS 200-111] Finished Standard Transforms: CPU user time: 0 seconds. CPU system time: 0 seconds. Elapsed time: 0.025 seconds; current allocated memory: 1.465 GB.
INFO: [HLS 200-10] Checking synthesizability ...
INFO: [HLS 200-111] Finished Checking Synthesizability: CPU user time: 0 seconds. CPU system time: 0 seconds. Elapsed time: 0.024 seconds; current allocated memory: 1.465 GB.
INFO: [HLS 200-111] Finished Loop, function and other optimizations: CPU user time: 0 seconds. CPU system time: 0 seconds. Elapsed time: 0.114 seconds; current allocated memory: 1.465 GB.
INFO: [XFORM 203-531] Rewinding loop 'For_Loop' (LabA_4/axi_interfaces.c:58) in function 'axi_interfaces'.
INFO: [HLS 200-111] Finished Architecture Synthesis: CPU user time: 0 seconds. CPU system time: 0 seconds. Elapsed time: 0.095 seconds; current allocated memory: 1.465 GB.
INFO: [HLS 200-10] Starting hardware synthesis ...
INFO: [HLS 200-10] Synthesizing 'axi_interfaces' ...
INFO: [HLS 200-10] ----------------------------------------------------------------
INFO: [HLS 200-42] -- Implementing module 'axi_interfaces' 
INFO: [HLS 200-10] ----------------------------------------------------------------
INFO: [SCHED 204-11] Starting scheduling ...
INFO: [SCHED 204-61] Pipelining loop 'For_Loop'.
INFO: [HLS 200-1470] Pipelining result : Target II = NA, Final II = 1, Depth = 3, loop 'For_Loop'
INFO: [SCHED 204-11] Finished scheduling.
INFO: [HLS 200-111] Finished Scheduling: CPU user time: 1 seconds. CPU system time: 0 seconds. Elapsed time: 0.233 seconds; current allocated memory: 1.465 GB.
INFO: [BIND 205-100] Starting micro-architecture generation ...
INFO: [BIND 205-101] Performing variable lifetime analysis.
INFO: [BIND 205-101] Exploring resource sharing.
INFO: [BIND 205-101] Binding ...
INFO: [BIND 205-100] Finished micro-architecture generation.
INFO: [HLS 200-111] Finished Binding: CPU user time: 0 seconds. CPU system time: 0 seconds. Elapsed time: 0.089 seconds; current allocated memory: 1.465 GB.
INFO: [HLS 200-10] ----------------------------------------------------------------
INFO: [HLS 200-10] -- Generating RTL for module 'axi_interfaces' 
INFO: [HLS 200-10] ----------------------------------------------------------------
WARNING: [RTGEN 206-101] Design contains AXI ports. Reset is fixed to synchronous and active low.
INFO: [RTGEN 206-500] Setting interface mode on port 'axi_interfaces/d_o_0' to 'axis' (register, both mode).
INFO: [RTGEN 206-500] Setting interface mode on port 'axi_interfaces/d_o_1' to 'axis' (register, both mode).
INFO: [RTGEN 206-500] Setting interface mode on port 'axi_interfaces/d_o_2' to 'axis' (register, both mode).
INFO: [RTGEN 206-500] Setting interface mode on port 'axi_interfaces/d_o_3' to 'axis' (register, both mode).
INFO: [RTGEN 206-500] Setting interface mode on port 'axi_interfaces/d_o_4' to 'axis' (register, both mode).
INFO: [RTGEN 206-500] Setting interface mode on port 'axi_interfaces/d_o_5' to 'axis' (register, both mode).
INFO: [RTGEN 206-500] Setting interface mode on port 'axi_interfaces/d_o_6' to 'axis' (register, both mode).
INFO: [RTGEN 206-500] Setting interface mode on port 'axi_interfaces/d_o_7' to 'axis' (register, both mode).
INFO: [RTGEN 206-500] Setting interface mode on port 'axi_interfaces/d_i_0' to 'axis' (register, both mode).
INFO: [RTGEN 206-500] Setting interface mode on port 'axi_interfaces/d_i_1' to 'axis' (register, both mode).
INFO: [RTGEN 206-500] Setting interface mode on port 'axi_interfaces/d_i_2' to 'axis' (register, both mode).
INFO: [RTGEN 206-500] Setting interface mode on port 'axi_interfaces/d_i_3' to 'axis' (register, both mode).
INFO: [RTGEN 206-500] Setting interface mode on port 'axi_interfaces/d_i_4' to 'axis' (register, both mode).
INFO: [RTGEN 206-500] Setting interface mode on port 'axi_interfaces/d_i_5' to 'axis' (register, both mode).
INFO: [RTGEN 206-500] Setting interface mode on port 'axi_interfaces/d_i_6' to 'axis' (register, both mode).
INFO: [RTGEN 206-500] Setting interface mode on port 'axi_interfaces/d_i_7' to 'axis' (register, both mode).
INFO: [RTGEN 206-500] Setting interface mode on port 'axi_interfaces/d_i_8' to 'axis' (register, both mode).
INFO: [RTGEN 206-500] Setting interface mode on port 'axi_interfaces/d_i_9' to 'axis' (register, both mode).
INFO: [RTGEN 206-500] Setting interface mode on port 'axi_interfaces/d_i_10' to 'axis' (register, both mode).
INFO: [RTGEN 206-500] Setting interface mode on port 'axi_interfaces/d_i_11' to 'axis' (register, both mode).
INFO: [RTGEN 206-500] Setting interface mode on port 'axi_interfaces/d_i_12' to 'axis' (register, both mode).
INFO: [RTGEN 206-500] Setting interface mode on port 'axi_interfaces/d_i_13' to 'axis' (register, both mode).
INFO: [RTGEN 206-500] Setting interface mode on port 'axi_interfaces/d_i_14' to 'axis' (register, both mode).
INFO: [RTGEN 206-500] Setting interface mode on port 'axi_interfaces/d_i_15' to 'axis' (register, both mode).
INFO: [RTGEN 206-500] Setting interface mode on port 'axi_interfaces/d_i_16' to 'axis' (register, both mode).
INFO: [RTGEN 206-500] Setting interface mode on port 'axi_interfaces/d_i_17' to 'axis' (register, both mode).
INFO: [RTGEN 206-500] Setting interface mode on port 'axi_interfaces/d_i_18' to 'axis' (register, both mode).
INFO: [RTGEN 206-500] Setting interface mode on port 'axi_interfaces/d_i_19' to 'axis' (register, both mode).
INFO: [RTGEN 206-500] Setting interface mode on port 'axi_interfaces/d_i_20' to 'axis' (register, both mode).
INFO: [RTGEN 206-500] Setting interface mode on port 'axi_interfaces/d_i_21' to 'axis' (register, both mode).
INFO: [RTGEN 206-500] Setting interface mode on port 'axi_interfaces/d_i_22' to 'axis' (register, both mode).
INFO: [RTGEN 206-500] Setting interface mode on port 'axi_interfaces/d_i_23' to 'axis' (register, both mode).
INFO: [RTGEN 206-500] Setting interface mode on port 'axi_interfaces/d_i_24' to 'axis' (register, both mode).
INFO: [RTGEN 206-500] Setting interface mode on port 'axi_interfaces/d_i_25' to 'axis' (register, both mode).
INFO: [RTGEN 206-500] Setting interface mode on port 'axi_interfaces/d_i_26' to 'axis' (register, both mode).
INFO: [RTGEN 206-500] Setting interface mode on port 'axi_interfaces/d_i_27' to 'axis' (register, both mode).
INFO: [RTGEN 206-500] Setting interface mode on port 'axi_interfaces/d_i_28' to 'axis' (register, both mode).
INFO: [RTGEN 206-500] Setting interface mode on port 'axi_interfaces/d_i_29' to 'axis' (register, both mode).
INFO: [RTGEN 206-500] Setting interface mode on port 'axi_interfaces/d_i_30' to 'axis' (register, both mode).
INFO: [RTGEN 206-500] Setting interface mode on port 'axi_interfaces/d_i_31' to 'axis' (register, both mode).
INFO: [RTGEN 206-500] Setting interface mode on function 'axi_interfaces' to 'ap_ctrl_hs'.
WARNING: [RTGEN 206-101] Register 'acc_0' is power-on initialization.
WARNING: [RTGEN 206-101] Register 'acc_1' is power-on initialization.
WARNING: [RTGEN 206-101] Register 'acc_2' is power-on initialization.
WARNING: [RTGEN 206-101] Register 'acc_3' is power-on initialization.
WARNING: [RTGEN 206-101] Register 'acc_4' is power-on initialization.
WARNING: [RTGEN 206-101] Register 'acc_5' is power-on initialization.
WARNING: [RTGEN 206-101] Register 'acc_6' is power-on initialization.
WARNING: [RTGEN 206-101] Register 'acc_7' is power-on initialization.
INFO: [RTGEN 206-100] Finished creating RTL model for 'axi_interfaces'.
INFO: [HLS 200-111] Finished Creating RTL model: CPU user time: 0 seconds. CPU system time: 0 seconds. Elapsed time: 0.264 seconds; current allocated memory: 1.465 GB.
INFO: [HLS 200-111] Finished Generating all RTL models: CPU user time: 0 seconds. CPU system time: 0 seconds. Elapsed time: 0.99 seconds; current allocated memory: 1.465 GB.
INFO: [HLS 200-111] Finished Updating report files: CPU user time: 1 seconds. CPU system time: 0 seconds. Elapsed time: 0.602 seconds; current allocated memory: 1.465 GB.
INFO: [VHDL 208-304] Generating VHDL RTL for axi_interfaces.
INFO: [VLOG 209-307] Generating Verilog RTL for axi_interfaces.
INFO: [HLS 200-790] **** Loop Constraint Status: All loop constraints were satisfied.
INFO: [HLS 200-789] **** Estimated Fmax: 624.22 MHz
INFO: [HLS 200-111] Finished Command csynth_design CPU user time: 2 seconds. CPU system time: 0 seconds. Elapsed time: 5.91 seconds; current allocated memory: 0.000 MB.
INFO: [HLS 200-112] Total CPU user time: 5 seconds. Total CPU system time: 1 seconds. Total elapsed time: 7.938 seconds; peak allocated memory: 1.465 GB.
==============================================================
Vitis HLS - High-Level Synthesis from C, C++ and OpenCL v2022.1 (64-bit)
Tool Version Limit: 2022.04
Copyright 1986-2022 Xilinx, Inc. All Rights Reserved.
==============================================================
INFO: [SYN 201-201] Setting up clock 'default' with a period of 4ns.
INFO: [HLS 200-1611] Setting target device to 'xcvu9p-flgb2104-1-e'
INFO: [HLS 200-1505] Using flow_target 'vivado'
INFO: [HLS 200-1510] Running: set_part xcvu9p-flgb2104-1-e 
INFO: [HLS 200-1510] Running: create_clock -period 4 -name default 
INFO: [SYN 201-201] Setting up clock 'default' with a period of 4ns.
INFO: [HLS 200-1510] Running: source ./LabA_4/solution1/directives.tcl
INFO: [HLS 200-1510] Running: set_directive_array_partition -type cyclic -factor 8 -dim 1 axi_interfaces d_o 
INFO: [HLS 200-1510] Running: set_directive_interface -mode axis -register -register_mode both axi_interfaces d_o 
INFO: [HLS 200-1510] Running: set_directive_array_partition -type complete -factor 8 -dim 1 axi_interfaces d_i 
INFO: [HLS 200-1510] Running: set_directive_interface -mode axis -register -register_mode both axi_interfaces d_i 
INFO: [HLS 200-1510] Running: set_directive_unroll -factor 8 axi_interfaces/For_Loop 
INFO: [HLS 200-1510] Running: set_directive_pipeline -rewind axi_interfaces/For_Loop 
INFO: [HLS 200-1510] Running: cosim_design -trace_level all 
INFO: [COSIM 212-47] Using XSIM for RTL simulation.
INFO: [COSIM 212-14] Instrumenting C test bench ...
INFO: [COSIM 212-302] Starting C TB testing ... 
INFO: [COSIM 212-333] Generating C post check test bench ...
INFO: [COSIM 212-12] Generating RTL test bench ...
INFO: [COSIM 212-1] *** C/RTL co-simulation file generation completed. ***
INFO: [COSIM 212-323] Starting verilog simulation. 
INFO: [COSIM 212-15] Starting XSIM ...
INFO: [COSIM 212-316] Starting C post checking ...
INFO: [COSIM 212-1000] *** C/RTL co-simulation finished: PASS ***
INFO: [COSIM 212-211] II is measurable only when transaction number is greater than 1 in RTL simulation. Otherwise, they will be marked as all NA. If user wants to calculate them, please make sure there are at least 2 transactions in RTL simulation.
INFO: [HLS 200-111] Finished Command cosim_design CPU user time: 1 seconds. CPU system time: 0 seconds. Elapsed time: 20.702 seconds; current allocated memory: 1.879 MB.
INFO: [HLS 200-112] Total CPU user time: 4 seconds. Total CPU system time: 1 seconds. Total elapsed time: 22.755 seconds; peak allocated memory: 1.467 GB.
==============================================================
Vitis HLS - High-Level Synthesis from C, C++ and OpenCL v2022.1 (64-bit)
Tool Version Limit: 2022.04
Copyright 1986-2022 Xilinx, Inc. All Rights Reserved.
==============================================================
INFO: [SYN 201-201] Setting up clock 'default' with a period of 4ns.
INFO: [HLS 200-1611] Setting target device to 'xcvu9p-flgb2104-1-e'
INFO: [HLS 200-1505] Using flow_target 'vivado'
INFO: [HLS 200-1510] Running: set_part xcvu9p-flgb2104-1-e 
INFO: [HLS 200-1510] Running: create_clock -period 4 -name default 
INFO: [SYN 201-201] Setting up clock 'default' with a period of 4ns.
INFO: [HLS 200-1510] Running: source ./LabA_4/solution1/directives.tcl
INFO: [HLS 200-1510] Running: set_directive_array_partition -type cyclic -factor 8 -dim 1 axi_interfaces d_o 
INFO: [HLS 200-1510] Running: set_directive_interface -mode axis -register -register_mode both axi_interfaces d_o 
INFO: [HLS 200-1510] Running: set_directive_array_partition -dim 1 -factor 8 -type cyclic axi_interfaces d_i 
INFO: [HLS 200-1510] Running: set_directive_interface -mode axis -register -register_mode both axi_interfaces d_i 
INFO: [HLS 200-1510] Running: set_directive_unroll -factor 8 axi_interfaces/For_Loop 
INFO: [HLS 200-1510] Running: set_directive_pipeline -rewind axi_interfaces/For_Loop 
INFO: [HLS 200-1510] Running: csynth_design 
INFO: [HLS 200-111] Finished File checks and directory preparation: CPU user time: 0 seconds. CPU system time: 0 seconds. Elapsed time: 0.007 seconds; current allocated memory: 1.465 GB.
INFO: [HLS 200-10] Analyzing design file 'LabA_4/axi_interfaces.c' ... 
INFO: [HLS 200-111] Finished Source Code Analysis and Preprocessing: CPU user time: 0 seconds. CPU system time: 0 seconds. Elapsed time: 0.484 seconds; current allocated memory: 1.465 GB.
INFO: [HLS 200-777] Using interface defaults for 'Vivado' flow target.
INFO: [HLS 214-188] Unrolling loop 'For_Loop' (LabA_4/axi_interfaces.c:64:12) in function 'axi_interfaces' partially with a factor of 8 (LabA_4/axi_interfaces.c:57:0)
INFO: [HLS 214-248] Applying array_partition to 'd_o': Cyclic partitioning with factor 8 on dimension 1. (LabA_4/axi_interfaces.c:57:0)
INFO: [HLS 214-248] Applying array_partition to 'd_i': Cyclic partitioning with factor 8 on dimension 1. (LabA_4/axi_interfaces.c:57:0)
WARNING: [HLS 214-142] Implementing stream: may cause mismatch if read and write accesses are not in sequential order on port 'd_o_0' (LabA_4/axi_interfaces.c:57:0)
WARNING: [HLS 214-142] Implementing stream: may cause mismatch if read and write accesses are not in sequential order on port 'd_o_1' (LabA_4/axi_interfaces.c:57:0)
WARNING: [HLS 214-142] Implementing stream: may cause mismatch if read and write accesses are not in sequential order on port 'd_o_2' (LabA_4/axi_interfaces.c:57:0)
WARNING: [HLS 214-142] Implementing stream: may cause mismatch if read and write accesses are not in sequential order on port 'd_o_3' (LabA_4/axi_interfaces.c:57:0)
WARNING: [HLS 214-142] Implementing stream: may cause mismatch if read and write accesses are not in sequential order on port 'd_o_4' (LabA_4/axi_interfaces.c:57:0)
WARNING: [HLS 214-142] Implementing stream: may cause mismatch if read and write accesses are not in sequential order on port 'd_o_5' (LabA_4/axi_interfaces.c:57:0)
WARNING: [HLS 214-142] Implementing stream: may cause mismatch if read and write accesses are not in sequential order on port 'd_o_6' (LabA_4/axi_interfaces.c:57:0)
WARNING: [HLS 214-142] Implementing stream: may cause mismatch if read and write accesses are not in sequential order on port 'd_o_7' (LabA_4/axi_interfaces.c:57:0)
WARNING: [HLS 214-142] Implementing stream: may cause mismatch if read and write accesses are not in sequential order on port 'd_i_0' (LabA_4/axi_interfaces.c:57:0)
WARNING: [HLS 214-142] Implementing stream: may cause mismatch if read and write accesses are not in sequential order on port 'd_i_1' (LabA_4/axi_interfaces.c:57:0)
WARNING: [HLS 214-142] Implementing stream: may cause mismatch if read and write accesses are not in sequential order on port 'd_i_2' (LabA_4/axi_interfaces.c:57:0)
WARNING: [HLS 214-142] Implementing stream: may cause mismatch if read and write accesses are not in sequential order on port 'd_i_3' (LabA_4/axi_interfaces.c:57:0)
WARNING: [HLS 214-142] Implementing stream: may cause mismatch if read and write accesses are not in sequential order on port 'd_i_4' (LabA_4/axi_interfaces.c:57:0)
WARNING: [HLS 214-142] Implementing stream: may cause mismatch if read and write accesses are not in sequential order on port 'd_i_5' (LabA_4/axi_interfaces.c:57:0)
WARNING: [HLS 214-142] Implementing stream: may cause mismatch if read and write accesses are not in sequential order on port 'd_i_6' (LabA_4/axi_interfaces.c:57:0)
WARNING: [HLS 214-142] Implementing stream: may cause mismatch if read and write accesses are not in sequential order on port 'd_i_7' (LabA_4/axi_interfaces.c:57:0)
INFO: [HLS 200-111] Finished Compiling Optimization and Transform: CPU user time: 0 seconds. CPU system time: 0 seconds. Elapsed time: 2.762 seconds; current allocated memory: 1.465 GB.
INFO: [HLS 200-111] Finished Checking Pragmas: CPU user time: 0 seconds. CPU system time: 0 seconds. Elapsed time: 0.001 seconds; current allocated memory: 1.465 GB.
INFO: [HLS 200-10] Starting code transformations ...
INFO: [HLS 200-111] Finished Standard Transforms: CPU user time: 0 seconds. CPU system time: 0 seconds. Elapsed time: 0.015 seconds; current allocated memory: 1.465 GB.
INFO: [HLS 200-10] Checking synthesizability ...
INFO: [HLS 200-111] Finished Checking Synthesizability: CPU user time: 0 seconds. CPU system time: 0 seconds. Elapsed time: 0.012 seconds; current allocated memory: 1.465 GB.
INFO: [HLS 200-111] Finished Loop, function and other optimizations: CPU user time: 0 seconds. CPU system time: 0 seconds. Elapsed time: 0.063 seconds; current allocated memory: 1.465 GB.
INFO: [XFORM 203-531] Rewinding loop 'For_Loop' (LabA_4/axi_interfaces.c:58) in function 'axi_interfaces'.
INFO: [HLS 200-111] Finished Architecture Synthesis: CPU user time: 0 seconds. CPU system time: 0 seconds. Elapsed time: 0.036 seconds; current allocated memory: 1.465 GB.
INFO: [HLS 200-10] Starting hardware synthesis ...
INFO: [HLS 200-10] Synthesizing 'axi_interfaces' ...
INFO: [HLS 200-10] ----------------------------------------------------------------
INFO: [HLS 200-42] -- Implementing module 'axi_interfaces' 
INFO: [HLS 200-10] ----------------------------------------------------------------
INFO: [SCHED 204-11] Starting scheduling ...
INFO: [SCHED 204-61] Pipelining loop 'For_Loop'.
INFO: [HLS 200-1470] Pipelining result : Target II = NA, Final II = 1, Depth = 2, loop 'For_Loop'
INFO: [SCHED 204-11] Finished scheduling.
INFO: [HLS 200-111] Finished Scheduling: CPU user time: 0 seconds. CPU system time: 0 seconds. Elapsed time: 0.125 seconds; current allocated memory: 1.465 GB.
INFO: [BIND 205-100] Starting micro-architecture generation ...
INFO: [BIND 205-101] Performing variable lifetime analysis.
INFO: [BIND 205-101] Exploring resource sharing.
INFO: [BIND 205-101] Binding ...
INFO: [BIND 205-100] Finished micro-architecture generation.
INFO: [HLS 200-111] Finished Binding: CPU user time: 0 seconds. CPU system time: 0 seconds. Elapsed time: 0.042 seconds; current allocated memory: 1.465 GB.
INFO: [HLS 200-10] ----------------------------------------------------------------
INFO: [HLS 200-10] -- Generating RTL for module 'axi_interfaces' 
INFO: [HLS 200-10] ----------------------------------------------------------------
WARNING: [RTGEN 206-101] Design contains AXI ports. Reset is fixed to synchronous and active low.
INFO: [RTGEN 206-500] Setting interface mode on port 'axi_interfaces/d_o_0' to 'axis' (register, both mode).
INFO: [RTGEN 206-500] Setting interface mode on port 'axi_interfaces/d_o_1' to 'axis' (register, both mode).
INFO: [RTGEN 206-500] Setting interface mode on port 'axi_interfaces/d_o_2' to 'axis' (register, both mode).
INFO: [RTGEN 206-500] Setting interface mode on port 'axi_interfaces/d_o_3' to 'axis' (register, both mode).
INFO: [RTGEN 206-500] Setting interface mode on port 'axi_interfaces/d_o_4' to 'axis' (register, both mode).
INFO: [RTGEN 206-500] Setting interface mode on port 'axi_interfaces/d_o_5' to 'axis' (register, both mode).
INFO: [RTGEN 206-500] Setting interface mode on port 'axi_interfaces/d_o_6' to 'axis' (register, both mode).
INFO: [RTGEN 206-500] Setting interface mode on port 'axi_interfaces/d_o_7' to 'axis' (register, both mode).
INFO: [RTGEN 206-500] Setting interface mode on port 'axi_interfaces/d_i_0' to 'axis' (register, both mode).
INFO: [RTGEN 206-500] Setting interface mode on port 'axi_interfaces/d_i_1' to 'axis' (register, both mode).
INFO: [RTGEN 206-500] Setting interface mode on port 'axi_interfaces/d_i_2' to 'axis' (register, both mode).
INFO: [RTGEN 206-500] Setting interface mode on port 'axi_interfaces/d_i_3' to 'axis' (register, both mode).
INFO: [RTGEN 206-500] Setting interface mode on port 'axi_interfaces/d_i_4' to 'axis' (register, both mode).
INFO: [RTGEN 206-500] Setting interface mode on port 'axi_interfaces/d_i_5' to 'axis' (register, both mode).
INFO: [RTGEN 206-500] Setting interface mode on port 'axi_interfaces/d_i_6' to 'axis' (register, both mode).
INFO: [RTGEN 206-500] Setting interface mode on port 'axi_interfaces/d_i_7' to 'axis' (register, both mode).
INFO: [RTGEN 206-500] Setting interface mode on function 'axi_interfaces' to 'ap_ctrl_hs'.
WARNING: [RTGEN 206-101] Register 'acc_0' is power-on initialization.
WARNING: [RTGEN 206-101] Register 'acc_1' is power-on initialization.
WARNING: [RTGEN 206-101] Register 'acc_2' is power-on initialization.
WARNING: [RTGEN 206-101] Register 'acc_3' is power-on initialization.
WARNING: [RTGEN 206-101] Register 'acc_4' is power-on initialization.
WARNING: [RTGEN 206-101] Register 'acc_5' is power-on initialization.
WARNING: [RTGEN 206-101] Register 'acc_6' is power-on initialization.
WARNING: [RTGEN 206-101] Register 'acc_7' is power-on initialization.
INFO: [RTGEN 206-100] Finished creating RTL model for 'axi_interfaces'.
INFO: [HLS 200-111] Finished Creating RTL model: CPU user time: 0 seconds. CPU system time: 0 seconds. Elapsed time: 0.108 seconds; current allocated memory: 1.465 GB.
INFO: [HLS 200-111] Finished Generating all RTL models: CPU user time: 1 seconds. CPU system time: 0 seconds. Elapsed time: 0.733 seconds; current allocated memory: 1.465 GB.
INFO: [HLS 200-111] Finished Updating report files: CPU user time: 0 seconds. CPU system time: 0 seconds. Elapsed time: 0.306 seconds; current allocated memory: 1.465 GB.
INFO: [VHDL 208-304] Generating VHDL RTL for axi_interfaces.
INFO: [VLOG 209-307] Generating Verilog RTL for axi_interfaces.
INFO: [HLS 200-790] **** Loop Constraint Status: All loop constraints were satisfied.
INFO: [HLS 200-789] **** Estimated Fmax: 624.22 MHz
INFO: [HLS 200-111] Finished Command csynth_design CPU user time: 1 seconds. CPU system time: 0 seconds. Elapsed time: 4.71 seconds; current allocated memory: 0.000 MB.
INFO: [HLS 200-112] Total CPU user time: 4 seconds. Total CPU system time: 1 seconds. Total elapsed time: 6.705 seconds; peak allocated memory: 1.465 GB.
==============================================================
Vitis HLS - High-Level Synthesis from C, C++ and OpenCL v2022.1 (64-bit)
Tool Version Limit: 2022.04
Copyright 1986-2022 Xilinx, Inc. All Rights Reserved.
==============================================================
INFO: [SYN 201-201] Setting up clock 'default' with a period of 4ns.
INFO: [HLS 200-1611] Setting target device to 'xcvu9p-flgb2104-1-e'
INFO: [HLS 200-1505] Using flow_target 'vivado'
INFO: [HLS 200-1510] Running: set_part xcvu9p-flgb2104-1-e 
INFO: [HLS 200-1510] Running: create_clock -period 4 -name default 
INFO: [SYN 201-201] Setting up clock 'default' with a period of 4ns.
INFO: [HLS 200-1510] Running: source ./LabA_4/solution1/directives.tcl
INFO: [HLS 200-1510] Running: set_directive_array_partition -type cyclic -factor 8 -dim 1 axi_interfaces d_o 
INFO: [HLS 200-1510] Running: set_directive_interface -mode axis -register -register_mode both axi_interfaces d_o 
INFO: [HLS 200-1510] Running: set_directive_array_partition -dim 1 -factor 8 -type cyclic axi_interfaces d_i 
INFO: [HLS 200-1510] Running: set_directive_interface -mode axis -register -register_mode both axi_interfaces d_i 
INFO: [HLS 200-1510] Running: set_directive_unroll -factor 8 axi_interfaces/For_Loop 
INFO: [HLS 200-1510] Running: set_directive_pipeline -rewind axi_interfaces/For_Loop 
INFO: [HLS 200-1510] Running: cosim_design -trace_level all 
INFO: [COSIM 212-47] Using XSIM for RTL simulation.
INFO: [COSIM 212-14] Instrumenting C test bench ...
INFO: [COSIM 212-302] Starting C TB testing ... 
INFO: [COSIM 212-333] Generating C post check test bench ...
INFO: [COSIM 212-12] Generating RTL test bench ...
INFO: [COSIM 212-1] *** C/RTL co-simulation file generation completed. ***
INFO: [COSIM 212-323] Starting verilog simulation. 
INFO: [COSIM 212-15] Starting XSIM ...
INFO: [COSIM 212-316] Starting C post checking ...
INFO: [COSIM 212-1000] *** C/RTL co-simulation finished: PASS ***
INFO: [COSIM 212-211] II is measurable only when transaction number is greater than 1 in RTL simulation. Otherwise, they will be marked as all NA. If user wants to calculate them, please make sure there are at least 2 transactions in RTL simulation.
INFO: [HLS 200-111] Finished Command cosim_design CPU user time: 0 seconds. CPU system time: 0 seconds. Elapsed time: 19.467 seconds; current allocated memory: 2.199 MB.
INFO: [HLS 200-112] Total CPU user time: 3 seconds. Total CPU system time: 1 seconds. Total elapsed time: 21.511 seconds; peak allocated memory: 1.467 GB.
