   Build using "D:/Xilinx/Vitis_HLS/2022.1/tps/win64/msys64/mingw64/bin/g++"
   Compiling apatb_adders.cpp
   Compiling (apcc) adders.c_pre.c.tb.c
INFO: [HLS 200-10] Running 'D:/Xilinx/Vitis_HLS/2022.1/bin/unwrapped/win64.o/apcc.exe'
INFO: [HLS 200-10] For user 'briantseng' on host 'desktop-dr3i53c' (Windows NT_amd64 version 6.2) on Tue Oct 11 17:59:19 +0800 2022
INFO: [HLS 200-10] In directory 'D:/1111HLS/LabA/LabA_1/solution2/sim/wrapc'
clang: warning: argument unused during compilation: '-fno-builtin-isinf'
clang: warning: argument unused during compilation: '-fno-builtin-isnan'
INFO: [APCC 202-3] Tmp directory is apcc_db
INFO: [APCC 202-1] APCC is done.
INFO: [HLS 200-112] Total CPU user time: 0 seconds. Total CPU system time: 0 seconds. Total elapsed time: 1.735 seconds; peak allocated memory: 1.449 MB.
   Compiling (apcc) adders_test.c_pre.c.tb.c
INFO: [HLS 200-10] Running 'D:/Xilinx/Vitis_HLS/2022.1/bin/unwrapped/win64.o/apcc.exe'
INFO: [HLS 200-10] For user 'briantseng' on host 'desktop-dr3i53c' (Windows NT_amd64 version 6.2) on Tue Oct 11 17:59:21 +0800 2022
INFO: [HLS 200-10] In directory 'D:/1111HLS/LabA/LabA_1/solution2/sim/wrapc'
clang: warning: argument unused during compilation: '-fno-builtin-isinf'
clang: warning: argument unused during compilation: '-fno-builtin-isnan'
INFO: [APCC 202-3] Tmp directory is apcc_db
INFO: [APCC 202-1] APCC is done.
INFO: [HLS 200-112] Total CPU user time: 0 seconds. Total CPU system time: 0 seconds. Total elapsed time: 1.701 seconds; peak allocated memory: 0.996 MB.
   Compiling apatb_adders_ir.ll
   Generating cosim.tv.exe
