

================================================================
== Vitis HLS Report for 'adders'
================================================================
* Date:           Tue Oct 11 18:07:43 2022

* Version:        2022.1 (Build 3526262 on Mon Apr 18 15:48:16 MDT 2022)
* Project:        LabA_1
* Solution:       solution3 (Vivado IP Flow Target)
* Product family: virtexuplus
* Target device:  xcvu9p-flgb2104-1-e


================================================================
== Performance Estimates
================================================================
+ Timing: 
    * Summary: 
    +--------+---------+----------+------------+
    |  Clock |  Target | Estimated| Uncertainty|
    +--------+---------+----------+------------+
    |ap_clk  |  3.25 ns|  0.907 ns|     0.88 ns|
    +--------+---------+----------+------------+

+ Latency: 
    * Summary: 
    +---------+---------+----------+----------+-----+-----+---------+
    |  Latency (cycles) |  Latency (absolute) |  Interval | Pipeline|
    |   min   |   max   |    min   |    max   | min | max |   Type  |
    +---------+---------+----------+----------+-----+-----+---------+
    |        0|        0|      0 ns|      0 ns|    1|    1|       no|
    +---------+---------+----------+----------+-----+-----+---------+

    + Detail: 
        * Instance: 
        N/A

        * Loop: 
        N/A



================================================================
== Utilization Estimates
================================================================
* Summary: 
+---------------------+---------+------+---------+---------+-----+
|         Name        | BRAM_18K|  DSP |    FF   |   LUT   | URAM|
+---------------------+---------+------+---------+---------+-----+
|DSP                  |        -|     -|        -|        -|    -|
|Expression           |        -|     -|        0|       64|    -|
|FIFO                 |        -|     -|        -|        -|    -|
|Instance             |        0|     -|       68|      104|    0|
|Memory               |        -|     -|        -|        -|    -|
|Multiplexer          |        -|     -|        -|        -|    -|
|Register             |        -|     -|        -|        -|    -|
+---------------------+---------+------+---------+---------+-----+
|Total                |        0|     0|       68|      168|    0|
+---------------------+---------+------+---------+---------+-----+
|Available SLR        |     1440|  2280|   788160|   394080|  320|
+---------------------+---------+------+---------+---------+-----+
|Utilization SLR (%)  |        0|     0|       ~0|       ~0|    0|
+---------------------+---------+------+---------+---------+-----+
|Available            |     4320|  6840|  2364480|  1182240|  960|
+---------------------+---------+------+---------+---------+-----+
|Utilization (%)      |        0|     0|       ~0|       ~0|    0|
+---------------------+---------+------+---------+---------+-----+

+ Detail: 
    * Instance: 
    +-----------------+---------------+---------+----+----+-----+-----+
    |     Instance    |     Module    | BRAM_18K| DSP| FF | LUT | URAM|
    +-----------------+---------------+---------+----+----+-----+-----+
    |control_s_axi_U  |control_s_axi  |        0|   0|  68|  104|    0|
    +-----------------+---------------+---------+----+----+-----+-----+
    |Total            |               |        0|   0|  68|  104|    0|
    +-----------------+---------------+---------+----+----+-----+-----+

    * DSP: 
    N/A

    * Memory: 
    N/A

    * FIFO: 
    N/A

    * Expression: 
    +-------------------+----------+----+---+----+------------+------------+
    |   Variable Name   | Operation| DSP| FF| LUT| Bitwidth P0| Bitwidth P1|
    +-------------------+----------+----+---+----+------------+------------+
    |add_ln59_fu_48_p2  |         +|   0|  0|  32|          32|          32|
    |ap_return          |         +|   0|  0|  32|          32|          32|
    +-------------------+----------+----+---+----+------------+------------+
    |Total              |          |   0|  0|  64|          64|          64|
    +-------------------+----------+----+---+----+------------+------------+

    * Multiplexer: 
    N/A

    * Register: 
    N/A



================================================================
== Interface
================================================================
* Summary: 
+-----------------------+-----+-----+------------+--------------+--------------+
|       RTL Ports       | Dir | Bits|  Protocol  | Source Object|    C Type    |
+-----------------------+-----+-----+------------+--------------+--------------+
|s_axi_control_AWVALID  |   in|    1|       s_axi|       control|  return value|
|s_axi_control_AWREADY  |  out|    1|       s_axi|       control|  return value|
|s_axi_control_AWADDR   |   in|    5|       s_axi|       control|  return value|
|s_axi_control_WVALID   |   in|    1|       s_axi|       control|  return value|
|s_axi_control_WREADY   |  out|    1|       s_axi|       control|  return value|
|s_axi_control_WDATA    |   in|   32|       s_axi|       control|  return value|
|s_axi_control_WSTRB    |   in|    4|       s_axi|       control|  return value|
|s_axi_control_ARVALID  |   in|    1|       s_axi|       control|  return value|
|s_axi_control_ARREADY  |  out|    1|       s_axi|       control|  return value|
|s_axi_control_ARADDR   |   in|    5|       s_axi|       control|  return value|
|s_axi_control_RVALID   |  out|    1|       s_axi|       control|  return value|
|s_axi_control_RREADY   |   in|    1|       s_axi|       control|  return value|
|s_axi_control_RDATA    |  out|   32|       s_axi|       control|  return value|
|s_axi_control_RRESP    |  out|    2|       s_axi|       control|  return value|
|s_axi_control_BVALID   |  out|    1|       s_axi|       control|  return value|
|s_axi_control_BREADY   |   in|    1|       s_axi|       control|  return value|
|s_axi_control_BRESP    |  out|    2|       s_axi|       control|  return value|
|in1                    |   in|   32|     ap_none|           in1|        scalar|
|in2                    |   in|   32|     ap_none|           in2|        scalar|
|in3                    |   in|   32|     ap_none|           in3|        scalar|
|ap_clk                 |   in|    1|  ap_ctrl_hs|        adders|  return value|
|ap_rst_n               |   in|    1|  ap_ctrl_hs|        adders|  return value|
|interrupt              |  out|    1|  ap_ctrl_hs|        adders|  return value|
+-----------------------+-----+-----+------------+--------------+--------------+

