   Build using "D:/Xilinx/Vitis_HLS/2022.1/tps/win64/msys64/mingw64/bin/g++"
   Compiling apatb_axi_interfaces.cpp
   Compiling (apcc) axi_interfaces.c_pre.c.tb.c
INFO: [HLS 200-10] Running 'D:/Xilinx/Vitis_HLS/2022.1/bin/unwrapped/win64.o/apcc.exe'
INFO: [HLS 200-10] For user 'briantseng' on host 'desktop-dr3i53c' (Windows NT_amd64 version 6.2) on Fri Oct 14 17:08:39 +0800 2022
INFO: [HLS 200-10] In directory 'D:/1111HLS/LabA/LabA_4/solution1/sim/wrapc'
clang: warning: argument unused during compilation: '-fno-builtin-isinf'
clang: warning: argument unused during compilation: '-fno-builtin-isnan'
INFO: [APCC 202-3] Tmp directory is apcc_db
INFO: [APCC 202-1] APCC is done.
INFO: [HLS 200-112] Total CPU user time: 0 seconds. Total CPU system time: 0 seconds. Total elapsed time: 1.935 seconds; peak allocated memory: 0.426 MB.
   Compiling (apcc) axi_interfaces_test.c_pre.c.tb.c
INFO: [HLS 200-10] Running 'D:/Xilinx/Vitis_HLS/2022.1/bin/unwrapped/win64.o/apcc.exe'
INFO: [HLS 200-10] For user 'briantseng' on host 'desktop-dr3i53c' (Windows NT_amd64 version 6.2) on Fri Oct 14 17:08:41 +0800 2022
INFO: [HLS 200-10] In directory 'D:/1111HLS/LabA/LabA_4/solution1/sim/wrapc'
clang: warning: argument unused during compilation: '-fno-builtin-isinf'
clang: warning: argument unused during compilation: '-fno-builtin-isnan'
INFO: [APCC 202-3] Tmp directory is apcc_db
INFO: [APCC 202-1] APCC is done.
INFO: [HLS 200-112] Total CPU user time: 0 seconds. Total CPU system time: 0 seconds. Total elapsed time: 1.66 seconds; peak allocated memory: 0.758 MB.
   Compiling apatb_axi_interfaces_ir.ll
   Generating cosim.tv.exe
